<?xml version="1.0" encoding="UTF-8"?>
<testng-results skipped="0" failed="24" total="42" passed="18">
  <reporter-output>
  </reporter-output>
  <suite name="Default suite" duration-ms="1341206" started-at="2017-01-14T16:59:41Z" finished-at="2017-01-14T17:22:02Z">
    <groups>
    </groups>
    <test name="Default test" duration-ms="1341206" started-at="2017-01-14T16:59:41Z" finished-at="2017-01-14T17:22:02Z">
      <class name="ru.motiw.testsPda.UsersAuthorizationPDATest">
        <test-method status="PASS" signature="setUpConfigurations()[pri:0, instance:ru.motiw.testsPda.UsersAuthorizationPDATest@7a3d45bd]" name="setUpConfigurations" is-config="true" duration-ms="113" started-at="2017-01-14T20:09:52Z" finished-at="2017-01-14T20:09:53Z">
          <reporter-output>
          </reporter-output>
        </test-method> <!-- setUpConfigurations -->
        <test-method status="FAIL" signature="verifyFailAuthorization(java.lang.String, java.lang.String)[pri:1, instance:ru.motiw.testsPda.UsersAuthorizationPDATest@7a3d45bd]" name="verifyFailAuthorization" duration-ms="6381" started-at="2017-01-14T20:09:53Z" data-provider="verifyFailAuthorization" finished-at="2017-01-14T20:09:59Z">
          <params>
            <param index="0">
              <value>
                <![CDATA[fail]]>
              </value>
            </param>
            <param index="1">
              <value>
                <![CDATA[admin]]>
              </value>
            </param>
          </params>
          <exception class="com.codeborne.selenide.ex.ElementNotFound">
            <message>
              <![CDATA[Element not found {#login}
Expected: exist]]>
            </message>
            <full-stacktrace>
              <![CDATA[Element not found {#login}
Expected: exist
Screenshot: file:/E:/disk/project-webdriver/motiw-GUI-WebDriver/build/reports/tests/1484413799275.5.png
Timeout: 6 s.
Caused by: NoSuchElementException: no such element: Unable to locate element: {"method":"css selector","selector":"#login"}
	at com.codeborne.selenide.impl.WebElementSource.createElementNotFoundError(WebElementSource.java:31)
	at com.codeborne.selenide.impl.ElementFinder.createElementNotFoundError(ElementFinder.java:82)
	at com.codeborne.selenide.impl.SelenideElementProxy.dispatchAndRetry(SelenideElementProxy.java:115)
	at com.codeborne.selenide.impl.SelenideElementProxy.invoke(SelenideElementProxy.java:62)
	at com.sun.proxy.$Proxy12.clear(Unknown Source)
	at ru.motiw.web.elements.elementspda.LoginStepsPDA.loginAs(LoginStepsPDA.java:43)
	at ru.motiw.testsPda.UsersAuthorizationPDATest.verifyFailAuthorization(UsersAuthorizationPDATest.java:38)
	at sun.reflect.NativeMethodAccessorImpl.invoke0(Native Method)
	at sun.reflect.NativeMethodAccessorImpl.invoke(Unknown Source)
	at sun.reflect.DelegatingMethodAccessorImpl.invoke(Unknown Source)
	at java.lang.reflect.Method.invoke(Unknown Source)
	at org.testng.internal.MethodInvocationHelper.invokeMethod(MethodInvocationHelper.java:86)
	at org.testng.internal.Invoker.invokeMethod(Invoker.java:643)
	at org.testng.internal.Invoker.invokeTestMethod(Invoker.java:820)
	at org.testng.internal.Invoker.invokeTestMethods(Invoker.java:1128)
	at org.testng.internal.TestMethodWorker.invokeTestMethods(TestMethodWorker.java:129)
	at org.testng.internal.TestMethodWorker.run(TestMethodWorker.java:112)
	at org.testng.TestRunner.privateRun(TestRunner.java:782)
	at org.testng.TestRunner.run(TestRunner.java:632)
	at org.testng.SuiteRunner.runTest(SuiteRunner.java:366)
	at org.testng.SuiteRunner.runSequentially(SuiteRunner.java:361)
	at org.testng.SuiteRunner.privateRun(SuiteRunner.java:319)
	at org.testng.SuiteRunner.run(SuiteRunner.java:268)
	at org.testng.SuiteRunnerWorker.runSuite(SuiteRunnerWorker.java:52)
	at org.testng.SuiteRunnerWorker.run(SuiteRunnerWorker.java:86)
	at org.testng.TestNG.runSuitesSequentially(TestNG.java:1244)
	at org.testng.TestNG.runSuitesLocally(TestNG.java:1169)
	at org.testng.TestNG.run(TestNG.java:1064)
	at org.testng.remote.AbstractRemoteTestNG.run(AbstractRemoteTestNG.java:132)
	at org.testng.remote.RemoteTestNG.initAndRun(RemoteTestNG.java:236)
	at org.testng.remote.RemoteTestNG.main(RemoteTestNG.java:81)
Caused by: org.openqa.selenium.NoSuchElementException: no such element: Unable to locate element: {"method":"css selector","selector":"#login"}
  (Session info: chrome=55.0.2883.87)
  (Driver info: chromedriver=2.27.440174 (e97a722caafc2d3a8b807ee115bfb307f7d2cfd9),platform=Windows NT 10.0.10586 x86_64) (WARNING: The server did not provide any stacktrace information)
Command duration or timeout: 7 milliseconds
For documentation on this error, please visit: http://seleniumhq.org/exceptions/no_such_element.html
Build info: version: '3.0.1', revision: '1969d75', time: '2016-10-18 09:49:13 -0700'
System info: host: 'Skrobov', ip: '172.22.244.42', os.name: 'Windows 10', os.arch: 'amd64', os.version: '10.0', java.version: '1.8.0_111'
Driver info: org.openqa.selenium.chrome.ChromeDriver
Capabilities [{applicationCacheEnabled=false, rotatable=false, mobileEmulationEnabled=false, networkConnectionEnabled=false, chrome={chromedriverVersion=2.27.440174 (e97a722caafc2d3a8b807ee115bfb307f7d2cfd9), userDataDir=C:\Users\E3AD~1\AppData\Local\Temp\scoped_dir10816_20142}, takesHeapSnapshot=true, pageLoadStrategy=normal, databaseEnabled=false, handlesAlerts=true, hasTouchScreen=false, version=55.0.2883.87, platform=XP, browserConnectionEnabled=false, nativeEvents=true, acceptSslCerts=true, locationContextEnabled=true, webStorageEnabled=true, browserName=chrome, takesScreenshot=true, javascriptEnabled=true, cssSelectorsEnabled=true, unexpectedAlertBehaviour=}]
Session ID: cf56f32590e4abe5dd15dbe4679d51d7
*** Element info: {Using=css selector, value=#login}
	at sun.reflect.GeneratedConstructorAccessor23.newInstance(Unknown Source)
	at sun.reflect.DelegatingConstructorAccessorImpl.newInstance(Unknown Source)
	at java.lang.reflect.Constructor.newInstance(Unknown Source)
	at org.openqa.selenium.remote.ErrorHandler.createThrowable(ErrorHandler.java:216)
	at org.openqa.selenium.remote.ErrorHandler.throwIfResponseFailed(ErrorHandler.java:168)
	at org.openqa.selenium.remote.RemoteWebDriver.execute(RemoteWebDriver.java:635)
	at org.openqa.selenium.remote.RemoteWebDriver.findElement(RemoteWebDriver.java:368)
	at org.openqa.selenium.remote.RemoteWebDriver.findElementByCssSelector(RemoteWebDriver.java:465)
	at org.openqa.selenium.By$ByCssSelector.findElement(By.java:430)
	at org.openqa.selenium.remote.RemoteWebDriver.findElement(RemoteWebDriver.java:360)
	at com.codeborne.selenide.impl.WebElementSelector.findElement(WebElementSelector.java:28)
	at com.codeborne.selenide.impl.ElementFinder.getWebElement(ElementFinder.java:56)
	at com.codeborne.selenide.impl.SelenideElementProxy.dispatchAndRetry(SelenideElementProxy.java:89)
	... 28 more
]]>
            </full-stacktrace>
          </exception> <!-- com.codeborne.selenide.ex.ElementNotFound -->
          <reporter-output>
          </reporter-output>
        </test-method> <!-- verifyFailAuthorization -->
        <test-method status="PASS" signature="clearCache()[pri:0, instance:ru.motiw.testsPda.UsersAuthorizationPDATest@7a3d45bd]" name="clearCache" is-config="true" duration-ms="3" started-at="2017-01-14T20:09:59Z" finished-at="2017-01-14T20:09:59Z">
          <reporter-output>
          </reporter-output>
        </test-method> <!-- clearCache -->
        <test-method status="FAIL" signature="verifyFailAuthorization(java.lang.String, java.lang.String)[pri:1, instance:ru.motiw.testsPda.UsersAuthorizationPDATest@7a3d45bd]" name="verifyFailAuthorization" duration-ms="6250" started-at="2017-01-14T20:09:59Z" data-provider="verifyFailAuthorization" finished-at="2017-01-14T20:10:05Z">
          <params>
            <param index="0">
              <value>
                <![CDATA[admin]]>
              </value>
            </param>
            <param index="1">
              <value>
                <![CDATA[fail]]>
              </value>
            </param>
          </params>
          <exception class="com.codeborne.selenide.ex.ElementNotFound">
            <message>
              <![CDATA[Element not found {#login}
Expected: exist]]>
            </message>
            <full-stacktrace>
              <![CDATA[Element not found {#login}
Expected: exist
Screenshot: file:/E:/disk/project-webdriver/motiw-GUI-WebDriver/build/reports/tests/1484413805641.6.png
Timeout: 6 s.
Caused by: NoSuchElementException: no such element: Unable to locate element: {"method":"css selector","selector":"#login"}
	at com.codeborne.selenide.impl.WebElementSource.createElementNotFoundError(WebElementSource.java:31)
	at com.codeborne.selenide.impl.ElementFinder.createElementNotFoundError(ElementFinder.java:82)
	at com.codeborne.selenide.impl.SelenideElementProxy.dispatchAndRetry(SelenideElementProxy.java:115)
	at com.codeborne.selenide.impl.SelenideElementProxy.invoke(SelenideElementProxy.java:62)
	at com.sun.proxy.$Proxy12.clear(Unknown Source)
	at ru.motiw.web.elements.elementspda.LoginStepsPDA.loginAs(LoginStepsPDA.java:43)
	at ru.motiw.testsPda.UsersAuthorizationPDATest.verifyFailAuthorization(UsersAuthorizationPDATest.java:38)
	at sun.reflect.NativeMethodAccessorImpl.invoke0(Native Method)
	at sun.reflect.NativeMethodAccessorImpl.invoke(Unknown Source)
	at sun.reflect.DelegatingMethodAccessorImpl.invoke(Unknown Source)
	at java.lang.reflect.Method.invoke(Unknown Source)
	at org.testng.internal.MethodInvocationHelper.invokeMethod(MethodInvocationHelper.java:86)
	at org.testng.internal.Invoker.invokeMethod(Invoker.java:643)
	at org.testng.internal.Invoker.invokeTestMethod(Invoker.java:820)
	at org.testng.internal.Invoker.invokeTestMethods(Invoker.java:1128)
	at org.testng.internal.TestMethodWorker.invokeTestMethods(TestMethodWorker.java:129)
	at org.testng.internal.TestMethodWorker.run(TestMethodWorker.java:112)
	at org.testng.TestRunner.privateRun(TestRunner.java:782)
	at org.testng.TestRunner.run(TestRunner.java:632)
	at org.testng.SuiteRunner.runTest(SuiteRunner.java:366)
	at org.testng.SuiteRunner.runSequentially(SuiteRunner.java:361)
	at org.testng.SuiteRunner.privateRun(SuiteRunner.java:319)
	at org.testng.SuiteRunner.run(SuiteRunner.java:268)
	at org.testng.SuiteRunnerWorker.runSuite(SuiteRunnerWorker.java:52)
	at org.testng.SuiteRunnerWorker.run(SuiteRunnerWorker.java:86)
	at org.testng.TestNG.runSuitesSequentially(TestNG.java:1244)
	at org.testng.TestNG.runSuitesLocally(TestNG.java:1169)
	at org.testng.TestNG.run(TestNG.java:1064)
	at org.testng.remote.AbstractRemoteTestNG.run(AbstractRemoteTestNG.java:132)
	at org.testng.remote.RemoteTestNG.initAndRun(RemoteTestNG.java:236)
	at org.testng.remote.RemoteTestNG.main(RemoteTestNG.java:81)
Caused by: org.openqa.selenium.NoSuchElementException: no such element: Unable to locate element: {"method":"css selector","selector":"#login"}
  (Session info: chrome=55.0.2883.87)
  (Driver info: chromedriver=2.27.440174 (e97a722caafc2d3a8b807ee115bfb307f7d2cfd9),platform=Windows NT 10.0.10586 x86_64) (WARNING: The server did not provide any stacktrace information)
Command duration or timeout: 12 milliseconds
For documentation on this error, please visit: http://seleniumhq.org/exceptions/no_such_element.html
Build info: version: '3.0.1', revision: '1969d75', time: '2016-10-18 09:49:13 -0700'
System info: host: 'Skrobov', ip: '172.22.244.42', os.name: 'Windows 10', os.arch: 'amd64', os.version: '10.0', java.version: '1.8.0_111'
Driver info: org.openqa.selenium.chrome.ChromeDriver
Capabilities [{applicationCacheEnabled=false, rotatable=false, mobileEmulationEnabled=false, networkConnectionEnabled=false, chrome={chromedriverVersion=2.27.440174 (e97a722caafc2d3a8b807ee115bfb307f7d2cfd9), userDataDir=C:\Users\E3AD~1\AppData\Local\Temp\scoped_dir10816_20142}, takesHeapSnapshot=true, pageLoadStrategy=normal, databaseEnabled=false, handlesAlerts=true, hasTouchScreen=false, version=55.0.2883.87, platform=XP, browserConnectionEnabled=false, nativeEvents=true, acceptSslCerts=true, locationContextEnabled=true, webStorageEnabled=true, browserName=chrome, takesScreenshot=true, javascriptEnabled=true, cssSelectorsEnabled=true, unexpectedAlertBehaviour=}]
Session ID: cf56f32590e4abe5dd15dbe4679d51d7
*** Element info: {Using=css selector, value=#login}
	at sun.reflect.GeneratedConstructorAccessor23.newInstance(Unknown Source)
	at sun.reflect.DelegatingConstructorAccessorImpl.newInstance(Unknown Source)
	at java.lang.reflect.Constructor.newInstance(Unknown Source)
	at org.openqa.selenium.remote.ErrorHandler.createThrowable(ErrorHandler.java:216)
	at org.openqa.selenium.remote.ErrorHandler.throwIfResponseFailed(ErrorHandler.java:168)
	at org.openqa.selenium.remote.RemoteWebDriver.execute(RemoteWebDriver.java:635)
	at org.openqa.selenium.remote.RemoteWebDriver.findElement(RemoteWebDriver.java:368)
	at org.openqa.selenium.remote.RemoteWebDriver.findElementByCssSelector(RemoteWebDriver.java:465)
	at org.openqa.selenium.By$ByCssSelector.findElement(By.java:430)
	at org.openqa.selenium.remote.RemoteWebDriver.findElement(RemoteWebDriver.java:360)
	at com.codeborne.selenide.impl.WebElementSelector.findElement(WebElementSelector.java:28)
	at com.codeborne.selenide.impl.ElementFinder.getWebElement(ElementFinder.java:56)
	at com.codeborne.selenide.impl.SelenideElementProxy.dispatchAndRetry(SelenideElementProxy.java:89)
	... 28 more
]]>
            </full-stacktrace>
          </exception> <!-- com.codeborne.selenide.ex.ElementNotFound -->
          <reporter-output>
          </reporter-output>
        </test-method> <!-- verifyFailAuthorization -->
        <test-method status="PASS" signature="clearCache()[pri:0, instance:ru.motiw.testsPda.UsersAuthorizationPDATest@7a3d45bd]" name="clearCache" is-config="true" duration-ms="3" started-at="2017-01-14T20:10:05Z" finished-at="2017-01-14T20:10:05Z">
          <reporter-output>
          </reporter-output>
        </test-method> <!-- clearCache -->
        <test-method status="FAIL" signature="verifyFailAuthorization(java.lang.String, java.lang.String)[pri:1, instance:ru.motiw.testsPda.UsersAuthorizationPDATest@7a3d45bd]" name="verifyFailAuthorization" duration-ms="6197" started-at="2017-01-14T20:10:05Z" data-provider="verifyFailAuthorization" finished-at="2017-01-14T20:10:12Z">
          <params>
            <param index="0">
              <value>
                <![CDATA[fail]]>
              </value>
            </param>
            <param index="1">
              <value>
                <![CDATA[fail]]>
              </value>
            </param>
          </params>
          <exception class="com.codeborne.selenide.ex.ElementNotFound">
            <message>
              <![CDATA[Element not found {#login}
Expected: exist]]>
            </message>
            <full-stacktrace>
              <![CDATA[Element not found {#login}
Expected: exist
Screenshot: file:/E:/disk/project-webdriver/motiw-GUI-WebDriver/build/reports/tests/1484413811936.7.png
Timeout: 6 s.
Caused by: NoSuchElementException: no such element: Unable to locate element: {"method":"css selector","selector":"#login"}
	at com.codeborne.selenide.impl.WebElementSource.createElementNotFoundError(WebElementSource.java:31)
	at com.codeborne.selenide.impl.ElementFinder.createElementNotFoundError(ElementFinder.java:82)
	at com.codeborne.selenide.impl.SelenideElementProxy.dispatchAndRetry(SelenideElementProxy.java:115)
	at com.codeborne.selenide.impl.SelenideElementProxy.invoke(SelenideElementProxy.java:62)
	at com.sun.proxy.$Proxy12.clear(Unknown Source)
	at ru.motiw.web.elements.elementspda.LoginStepsPDA.loginAs(LoginStepsPDA.java:43)
	at ru.motiw.testsPda.UsersAuthorizationPDATest.verifyFailAuthorization(UsersAuthorizationPDATest.java:38)
	at sun.reflect.NativeMethodAccessorImpl.invoke0(Native Method)
	at sun.reflect.NativeMethodAccessorImpl.invoke(Unknown Source)
	at sun.reflect.DelegatingMethodAccessorImpl.invoke(Unknown Source)
	at java.lang.reflect.Method.invoke(Unknown Source)
	at org.testng.internal.MethodInvocationHelper.invokeMethod(MethodInvocationHelper.java:86)
	at org.testng.internal.Invoker.invokeMethod(Invoker.java:643)
	at org.testng.internal.Invoker.invokeTestMethod(Invoker.java:820)
	at org.testng.internal.Invoker.invokeTestMethods(Invoker.java:1128)
	at org.testng.internal.TestMethodWorker.invokeTestMethods(TestMethodWorker.java:129)
	at org.testng.internal.TestMethodWorker.run(TestMethodWorker.java:112)
	at org.testng.TestRunner.privateRun(TestRunner.java:782)
	at org.testng.TestRunner.run(TestRunner.java:632)
	at org.testng.SuiteRunner.runTest(SuiteRunner.java:366)
	at org.testng.SuiteRunner.runSequentially(SuiteRunner.java:361)
	at org.testng.SuiteRunner.privateRun(SuiteRunner.java:319)
	at org.testng.SuiteRunner.run(SuiteRunner.java:268)
	at org.testng.SuiteRunnerWorker.runSuite(SuiteRunnerWorker.java:52)
	at org.testng.SuiteRunnerWorker.run(SuiteRunnerWorker.java:86)
	at org.testng.TestNG.runSuitesSequentially(TestNG.java:1244)
	at org.testng.TestNG.runSuitesLocally(TestNG.java:1169)
	at org.testng.TestNG.run(TestNG.java:1064)
	at org.testng.remote.AbstractRemoteTestNG.run(AbstractRemoteTestNG.java:132)
	at org.testng.remote.RemoteTestNG.initAndRun(RemoteTestNG.java:236)
	at org.testng.remote.RemoteTestNG.main(RemoteTestNG.java:81)
Caused by: org.openqa.selenium.NoSuchElementException: no such element: Unable to locate element: {"method":"css selector","selector":"#login"}
  (Session info: chrome=55.0.2883.87)
  (Driver info: chromedriver=2.27.440174 (e97a722caafc2d3a8b807ee115bfb307f7d2cfd9),platform=Windows NT 10.0.10586 x86_64) (WARNING: The server did not provide any stacktrace information)
Command duration or timeout: 7 milliseconds
For documentation on this error, please visit: http://seleniumhq.org/exceptions/no_such_element.html
Build info: version: '3.0.1', revision: '1969d75', time: '2016-10-18 09:49:13 -0700'
System info: host: 'Skrobov', ip: '172.22.244.42', os.name: 'Windows 10', os.arch: 'amd64', os.version: '10.0', java.version: '1.8.0_111'
Driver info: org.openqa.selenium.chrome.ChromeDriver
Capabilities [{applicationCacheEnabled=false, rotatable=false, mobileEmulationEnabled=false, networkConnectionEnabled=false, chrome={chromedriverVersion=2.27.440174 (e97a722caafc2d3a8b807ee115bfb307f7d2cfd9), userDataDir=C:\Users\E3AD~1\AppData\Local\Temp\scoped_dir10816_20142}, takesHeapSnapshot=true, pageLoadStrategy=normal, databaseEnabled=false, handlesAlerts=true, hasTouchScreen=false, version=55.0.2883.87, platform=XP, browserConnectionEnabled=false, nativeEvents=true, acceptSslCerts=true, locationContextEnabled=true, webStorageEnabled=true, browserName=chrome, takesScreenshot=true, javascriptEnabled=true, cssSelectorsEnabled=true, unexpectedAlertBehaviour=}]
Session ID: cf56f32590e4abe5dd15dbe4679d51d7
*** Element info: {Using=css selector, value=#login}
	at sun.reflect.GeneratedConstructorAccessor23.newInstance(Unknown Source)
	at sun.reflect.DelegatingConstructorAccessorImpl.newInstance(Unknown Source)
	at java.lang.reflect.Constructor.newInstance(Unknown Source)
	at org.openqa.selenium.remote.ErrorHandler.createThrowable(ErrorHandler.java:216)
	at org.openqa.selenium.remote.ErrorHandler.throwIfResponseFailed(ErrorHandler.java:168)
	at org.openqa.selenium.remote.RemoteWebDriver.execute(RemoteWebDriver.java:635)
	at org.openqa.selenium.remote.RemoteWebDriver.findElement(RemoteWebDriver.java:368)
	at org.openqa.selenium.remote.RemoteWebDriver.findElementByCssSelector(RemoteWebDriver.java:465)
	at org.openqa.selenium.By$ByCssSelector.findElement(By.java:430)
	at org.openqa.selenium.remote.RemoteWebDriver.findElement(RemoteWebDriver.java:360)
	at com.codeborne.selenide.impl.WebElementSelector.findElement(WebElementSelector.java:28)
	at com.codeborne.selenide.impl.ElementFinder.getWebElement(ElementFinder.java:56)
	at com.codeborne.selenide.impl.SelenideElementProxy.dispatchAndRetry(SelenideElementProxy.java:89)
	... 28 more
]]>
            </full-stacktrace>
          </exception> <!-- com.codeborne.selenide.ex.ElementNotFound -->
          <reporter-output>
          </reporter-output>
        </test-method> <!-- verifyFailAuthorization -->
        <test-method status="PASS" signature="clearCache()[pri:0, instance:ru.motiw.testsPda.UsersAuthorizationPDATest@7a3d45bd]" name="clearCache" is-config="true" duration-ms="3" started-at="2017-01-14T20:10:12Z" finished-at="2017-01-14T20:10:12Z">
          <reporter-output>
          </reporter-output>
        </test-method> <!-- clearCache -->
        <test-method status="FAIL" signature="verifyFailAuthorization(java.lang.String, java.lang.String)[pri:1, instance:ru.motiw.testsPda.UsersAuthorizationPDATest@7a3d45bd]" name="verifyFailAuthorization" duration-ms="6136" started-at="2017-01-14T20:10:12Z" data-provider="verifyFailAuthorization" finished-at="2017-01-14T20:10:18Z">
          <params>
            <param index="0">
              <value>
                <![CDATA[admin]]>
              </value>
            </param>
            <param index="1">
              <value>
                <![CDATA[]]>
              </value>
            </param>
          </params>
          <exception class="com.codeborne.selenide.ex.ElementNotFound">
            <message>
              <![CDATA[Element not found {#login}
Expected: exist]]>
            </message>
            <full-stacktrace>
              <![CDATA[Element not found {#login}
Expected: exist
Screenshot: file:/E:/disk/project-webdriver/motiw-GUI-WebDriver/build/reports/tests/1484413818202.8.png
Timeout: 6 s.
Caused by: NoSuchElementException: no such element: Unable to locate element: {"method":"css selector","selector":"#login"}
	at com.codeborne.selenide.impl.WebElementSource.createElementNotFoundError(WebElementSource.java:31)
	at com.codeborne.selenide.impl.ElementFinder.createElementNotFoundError(ElementFinder.java:82)
	at com.codeborne.selenide.impl.SelenideElementProxy.dispatchAndRetry(SelenideElementProxy.java:115)
	at com.codeborne.selenide.impl.SelenideElementProxy.invoke(SelenideElementProxy.java:62)
	at com.sun.proxy.$Proxy12.clear(Unknown Source)
	at ru.motiw.web.elements.elementspda.LoginStepsPDA.loginAs(LoginStepsPDA.java:43)
	at ru.motiw.testsPda.UsersAuthorizationPDATest.verifyFailAuthorization(UsersAuthorizationPDATest.java:38)
	at sun.reflect.NativeMethodAccessorImpl.invoke0(Native Method)
	at sun.reflect.NativeMethodAccessorImpl.invoke(Unknown Source)
	at sun.reflect.DelegatingMethodAccessorImpl.invoke(Unknown Source)
	at java.lang.reflect.Method.invoke(Unknown Source)
	at org.testng.internal.MethodInvocationHelper.invokeMethod(MethodInvocationHelper.java:86)
	at org.testng.internal.Invoker.invokeMethod(Invoker.java:643)
	at org.testng.internal.Invoker.invokeTestMethod(Invoker.java:820)
	at org.testng.internal.Invoker.invokeTestMethods(Invoker.java:1128)
	at org.testng.internal.TestMethodWorker.invokeTestMethods(TestMethodWorker.java:129)
	at org.testng.internal.TestMethodWorker.run(TestMethodWorker.java:112)
	at org.testng.TestRunner.privateRun(TestRunner.java:782)
	at org.testng.TestRunner.run(TestRunner.java:632)
	at org.testng.SuiteRunner.runTest(SuiteRunner.java:366)
	at org.testng.SuiteRunner.runSequentially(SuiteRunner.java:361)
	at org.testng.SuiteRunner.privateRun(SuiteRunner.java:319)
	at org.testng.SuiteRunner.run(SuiteRunner.java:268)
	at org.testng.SuiteRunnerWorker.runSuite(SuiteRunnerWorker.java:52)
	at org.testng.SuiteRunnerWorker.run(SuiteRunnerWorker.java:86)
	at org.testng.TestNG.runSuitesSequentially(TestNG.java:1244)
	at org.testng.TestNG.runSuitesLocally(TestNG.java:1169)
	at org.testng.TestNG.run(TestNG.java:1064)
	at org.testng.remote.AbstractRemoteTestNG.run(AbstractRemoteTestNG.java:132)
	at org.testng.remote.RemoteTestNG.initAndRun(RemoteTestNG.java:236)
	at org.testng.remote.RemoteTestNG.main(RemoteTestNG.java:81)
Caused by: org.openqa.selenium.NoSuchElementException: no such element: Unable to locate element: {"method":"css selector","selector":"#login"}
  (Session info: chrome=55.0.2883.87)
  (Driver info: chromedriver=2.27.440174 (e97a722caafc2d3a8b807ee115bfb307f7d2cfd9),platform=Windows NT 10.0.10586 x86_64) (WARNING: The server did not provide any stacktrace information)
Command duration or timeout: 6 milliseconds
For documentation on this error, please visit: http://seleniumhq.org/exceptions/no_such_element.html
Build info: version: '3.0.1', revision: '1969d75', time: '2016-10-18 09:49:13 -0700'
System info: host: 'Skrobov', ip: '172.22.244.42', os.name: 'Windows 10', os.arch: 'amd64', os.version: '10.0', java.version: '1.8.0_111'
Driver info: org.openqa.selenium.chrome.ChromeDriver
Capabilities [{applicationCacheEnabled=false, rotatable=false, mobileEmulationEnabled=false, networkConnectionEnabled=false, chrome={chromedriverVersion=2.27.440174 (e97a722caafc2d3a8b807ee115bfb307f7d2cfd9), userDataDir=C:\Users\E3AD~1\AppData\Local\Temp\scoped_dir10816_20142}, takesHeapSnapshot=true, pageLoadStrategy=normal, databaseEnabled=false, handlesAlerts=true, hasTouchScreen=false, version=55.0.2883.87, platform=XP, browserConnectionEnabled=false, nativeEvents=true, acceptSslCerts=true, locationContextEnabled=true, webStorageEnabled=true, browserName=chrome, takesScreenshot=true, javascriptEnabled=true, cssSelectorsEnabled=true, unexpectedAlertBehaviour=}]
Session ID: cf56f32590e4abe5dd15dbe4679d51d7
*** Element info: {Using=css selector, value=#login}
	at sun.reflect.GeneratedConstructorAccessor23.newInstance(Unknown Source)
	at sun.reflect.DelegatingConstructorAccessorImpl.newInstance(Unknown Source)
	at java.lang.reflect.Constructor.newInstance(Unknown Source)
	at org.openqa.selenium.remote.ErrorHandler.createThrowable(ErrorHandler.java:216)
	at org.openqa.selenium.remote.ErrorHandler.throwIfResponseFailed(ErrorHandler.java:168)
	at org.openqa.selenium.remote.RemoteWebDriver.execute(RemoteWebDriver.java:635)
	at org.openqa.selenium.remote.RemoteWebDriver.findElement(RemoteWebDriver.java:368)
	at org.openqa.selenium.remote.RemoteWebDriver.findElementByCssSelector(RemoteWebDriver.java:465)
	at org.openqa.selenium.By$ByCssSelector.findElement(By.java:430)
	at org.openqa.selenium.remote.RemoteWebDriver.findElement(RemoteWebDriver.java:360)
	at com.codeborne.selenide.impl.WebElementSelector.findElement(WebElementSelector.java:28)
	at com.codeborne.selenide.impl.ElementFinder.getWebElement(ElementFinder.java:56)
	at com.codeborne.selenide.impl.SelenideElementProxy.dispatchAndRetry(SelenideElementProxy.java:89)
	... 28 more
]]>
            </full-stacktrace>
          </exception> <!-- com.codeborne.selenide.ex.ElementNotFound -->
          <reporter-output>
          </reporter-output>
        </test-method> <!-- verifyFailAuthorization -->
        <test-method status="PASS" signature="clearCache()[pri:0, instance:ru.motiw.testsPda.UsersAuthorizationPDATest@7a3d45bd]" name="clearCache" is-config="true" duration-ms="3" started-at="2017-01-14T20:10:18Z" finished-at="2017-01-14T20:10:18Z">
          <reporter-output>
          </reporter-output>
        </test-method> <!-- clearCache -->
        <test-method status="FAIL" signature="secondVerifyFailAuthorization(java.lang.String, java.lang.String)[pri:2, instance:ru.motiw.testsPda.UsersAuthorizationPDATest@7a3d45bd]" name="secondVerifyFailAuthorization" duration-ms="6202" started-at="2017-01-14T20:10:50Z" data-provider="secondVerifyFailAuthorization" finished-at="2017-01-14T20:10:56Z">
          <params>
            <param index="0">
              <value>
                <![CDATA[]]>
              </value>
            </param>
            <param index="1">
              <value>
                <![CDATA[admin]]>
              </value>
            </param>
          </params>
          <exception class="com.codeborne.selenide.ex.ElementNotFound">
            <message>
              <![CDATA[Element not found {#login}
Expected: exist]]>
            </message>
            <full-stacktrace>
              <![CDATA[Element not found {#login}
Expected: exist
Screenshot: file:/E:/disk/project-webdriver/motiw-GUI-WebDriver/build/reports/tests/1484413856728.14.png
Timeout: 6 s.
Caused by: NoSuchElementException: no such element: Unable to locate element: {"method":"css selector","selector":"#login"}
	at com.codeborne.selenide.impl.WebElementSource.createElementNotFoundError(WebElementSource.java:31)
	at com.codeborne.selenide.impl.ElementFinder.createElementNotFoundError(ElementFinder.java:82)
	at com.codeborne.selenide.impl.SelenideElementProxy.dispatchAndRetry(SelenideElementProxy.java:115)
	at com.codeborne.selenide.impl.SelenideElementProxy.invoke(SelenideElementProxy.java:62)
	at com.sun.proxy.$Proxy12.clear(Unknown Source)
	at ru.motiw.web.elements.elementspda.LoginStepsPDA.loginAs(LoginStepsPDA.java:43)
	at ru.motiw.testsPda.UsersAuthorizationPDATest.secondVerifyFailAuthorization(UsersAuthorizationPDATest.java:47)
	at sun.reflect.NativeMethodAccessorImpl.invoke0(Native Method)
	at sun.reflect.NativeMethodAccessorImpl.invoke(Unknown Source)
	at sun.reflect.DelegatingMethodAccessorImpl.invoke(Unknown Source)
	at java.lang.reflect.Method.invoke(Unknown Source)
	at org.testng.internal.MethodInvocationHelper.invokeMethod(MethodInvocationHelper.java:86)
	at org.testng.internal.Invoker.invokeMethod(Invoker.java:643)
	at org.testng.internal.Invoker.invokeTestMethod(Invoker.java:820)
	at org.testng.internal.Invoker.invokeTestMethods(Invoker.java:1128)
	at org.testng.internal.TestMethodWorker.invokeTestMethods(TestMethodWorker.java:129)
	at org.testng.internal.TestMethodWorker.run(TestMethodWorker.java:112)
	at org.testng.TestRunner.privateRun(TestRunner.java:782)
	at org.testng.TestRunner.run(TestRunner.java:632)
	at org.testng.SuiteRunner.runTest(SuiteRunner.java:366)
	at org.testng.SuiteRunner.runSequentially(SuiteRunner.java:361)
	at org.testng.SuiteRunner.privateRun(SuiteRunner.java:319)
	at org.testng.SuiteRunner.run(SuiteRunner.java:268)
	at org.testng.SuiteRunnerWorker.runSuite(SuiteRunnerWorker.java:52)
	at org.testng.SuiteRunnerWorker.run(SuiteRunnerWorker.java:86)
	at org.testng.TestNG.runSuitesSequentially(TestNG.java:1244)
	at org.testng.TestNG.runSuitesLocally(TestNG.java:1169)
	at org.testng.TestNG.run(TestNG.java:1064)
	at org.testng.remote.AbstractRemoteTestNG.run(AbstractRemoteTestNG.java:132)
	at org.testng.remote.RemoteTestNG.initAndRun(RemoteTestNG.java:236)
	at org.testng.remote.RemoteTestNG.main(RemoteTestNG.java:81)
Caused by: org.openqa.selenium.NoSuchElementException: no such element: Unable to locate element: {"method":"css selector","selector":"#login"}
  (Session info: chrome=55.0.2883.87)
  (Driver info: chromedriver=2.27.440174 (e97a722caafc2d3a8b807ee115bfb307f7d2cfd9),platform=Windows NT 10.0.10586 x86_64) (WARNING: The server did not provide any stacktrace information)
Command duration or timeout: 6 milliseconds
For documentation on this error, please visit: http://seleniumhq.org/exceptions/no_such_element.html
Build info: version: '3.0.1', revision: '1969d75', time: '2016-10-18 09:49:13 -0700'
System info: host: 'Skrobov', ip: '172.22.244.42', os.name: 'Windows 10', os.arch: 'amd64', os.version: '10.0', java.version: '1.8.0_111'
Driver info: org.openqa.selenium.chrome.ChromeDriver
Capabilities [{applicationCacheEnabled=false, rotatable=false, mobileEmulationEnabled=false, networkConnectionEnabled=false, chrome={chromedriverVersion=2.27.440174 (e97a722caafc2d3a8b807ee115bfb307f7d2cfd9), userDataDir=C:\Users\E3AD~1\AppData\Local\Temp\scoped_dir10816_20142}, takesHeapSnapshot=true, pageLoadStrategy=normal, databaseEnabled=false, handlesAlerts=true, hasTouchScreen=false, version=55.0.2883.87, platform=XP, browserConnectionEnabled=false, nativeEvents=true, acceptSslCerts=true, locationContextEnabled=true, webStorageEnabled=true, browserName=chrome, takesScreenshot=true, javascriptEnabled=true, cssSelectorsEnabled=true, unexpectedAlertBehaviour=}]
Session ID: cf56f32590e4abe5dd15dbe4679d51d7
*** Element info: {Using=css selector, value=#login}
	at sun.reflect.GeneratedConstructorAccessor23.newInstance(Unknown Source)
	at sun.reflect.DelegatingConstructorAccessorImpl.newInstance(Unknown Source)
	at java.lang.reflect.Constructor.newInstance(Unknown Source)
	at org.openqa.selenium.remote.ErrorHandler.createThrowable(ErrorHandler.java:216)
	at org.openqa.selenium.remote.ErrorHandler.throwIfResponseFailed(ErrorHandler.java:168)
	at org.openqa.selenium.remote.RemoteWebDriver.execute(RemoteWebDriver.java:635)
	at org.openqa.selenium.remote.RemoteWebDriver.findElement(RemoteWebDriver.java:368)
	at org.openqa.selenium.remote.RemoteWebDriver.findElementByCssSelector(RemoteWebDriver.java:465)
	at org.openqa.selenium.By$ByCssSelector.findElement(By.java:430)
	at org.openqa.selenium.remote.RemoteWebDriver.findElement(RemoteWebDriver.java:360)
	at com.codeborne.selenide.impl.WebElementSelector.findElement(WebElementSelector.java:28)
	at com.codeborne.selenide.impl.ElementFinder.getWebElement(ElementFinder.java:56)
	at com.codeborne.selenide.impl.SelenideElementProxy.dispatchAndRetry(SelenideElementProxy.java:89)
	... 28 more
]]>
            </full-stacktrace>
          </exception> <!-- com.codeborne.selenide.ex.ElementNotFound -->
          <reporter-output>
          </reporter-output>
        </test-method> <!-- secondVerifyFailAuthorization -->
        <test-method status="PASS" signature="clearCache()[pri:0, instance:ru.motiw.testsPda.UsersAuthorizationPDATest@7a3d45bd]" name="clearCache" is-config="true" duration-ms="2" started-at="2017-01-14T20:10:56Z" finished-at="2017-01-14T20:10:56Z">
          <reporter-output>
          </reporter-output>
        </test-method> <!-- clearCache -->
        <test-method status="FAIL" signature="secondVerifyFailAuthorization(java.lang.String, java.lang.String)[pri:2, instance:ru.motiw.testsPda.UsersAuthorizationPDATest@7a3d45bd]" name="secondVerifyFailAuthorization" duration-ms="6154" started-at="2017-01-14T20:10:56Z" data-provider="secondVerifyFailAuthorization" finished-at="2017-01-14T20:11:03Z">
          <params>
            <param index="0">
              <value>
                <![CDATA[]]>
              </value>
            </param>
            <param index="1">
              <value>
                <![CDATA[]]>
              </value>
            </param>
          </params>
          <exception class="com.codeborne.selenide.ex.ElementNotFound">
            <message>
              <![CDATA[Element not found {#login}
Expected: exist]]>
            </message>
            <full-stacktrace>
              <![CDATA[Element not found {#login}
Expected: exist
Screenshot: file:/E:/disk/project-webdriver/motiw-GUI-WebDriver/build/reports/tests/1484413862986.15.png
Timeout: 6 s.
Caused by: NoSuchElementException: no such element: Unable to locate element: {"method":"css selector","selector":"#login"}
	at com.codeborne.selenide.impl.WebElementSource.createElementNotFoundError(WebElementSource.java:31)
	at com.codeborne.selenide.impl.ElementFinder.createElementNotFoundError(ElementFinder.java:82)
	at com.codeborne.selenide.impl.SelenideElementProxy.dispatchAndRetry(SelenideElementProxy.java:115)
	at com.codeborne.selenide.impl.SelenideElementProxy.invoke(SelenideElementProxy.java:62)
	at com.sun.proxy.$Proxy12.clear(Unknown Source)
	at ru.motiw.web.elements.elementspda.LoginStepsPDA.loginAs(LoginStepsPDA.java:43)
	at ru.motiw.testsPda.UsersAuthorizationPDATest.secondVerifyFailAuthorization(UsersAuthorizationPDATest.java:47)
	at sun.reflect.NativeMethodAccessorImpl.invoke0(Native Method)
	at sun.reflect.NativeMethodAccessorImpl.invoke(Unknown Source)
	at sun.reflect.DelegatingMethodAccessorImpl.invoke(Unknown Source)
	at java.lang.reflect.Method.invoke(Unknown Source)
	at org.testng.internal.MethodInvocationHelper.invokeMethod(MethodInvocationHelper.java:86)
	at org.testng.internal.Invoker.invokeMethod(Invoker.java:643)
	at org.testng.internal.Invoker.invokeTestMethod(Invoker.java:820)
	at org.testng.internal.Invoker.invokeTestMethods(Invoker.java:1128)
	at org.testng.internal.TestMethodWorker.invokeTestMethods(TestMethodWorker.java:129)
	at org.testng.internal.TestMethodWorker.run(TestMethodWorker.java:112)
	at org.testng.TestRunner.privateRun(TestRunner.java:782)
	at org.testng.TestRunner.run(TestRunner.java:632)
	at org.testng.SuiteRunner.runTest(SuiteRunner.java:366)
	at org.testng.SuiteRunner.runSequentially(SuiteRunner.java:361)
	at org.testng.SuiteRunner.privateRun(SuiteRunner.java:319)
	at org.testng.SuiteRunner.run(SuiteRunner.java:268)
	at org.testng.SuiteRunnerWorker.runSuite(SuiteRunnerWorker.java:52)
	at org.testng.SuiteRunnerWorker.run(SuiteRunnerWorker.java:86)
	at org.testng.TestNG.runSuitesSequentially(TestNG.java:1244)
	at org.testng.TestNG.runSuitesLocally(TestNG.java:1169)
	at org.testng.TestNG.run(TestNG.java:1064)
	at org.testng.remote.AbstractRemoteTestNG.run(AbstractRemoteTestNG.java:132)
	at org.testng.remote.RemoteTestNG.initAndRun(RemoteTestNG.java:236)
	at org.testng.remote.RemoteTestNG.main(RemoteTestNG.java:81)
Caused by: org.openqa.selenium.NoSuchElementException: no such element: Unable to locate element: {"method":"css selector","selector":"#login"}
  (Session info: chrome=55.0.2883.87)
  (Driver info: chromedriver=2.27.440174 (e97a722caafc2d3a8b807ee115bfb307f7d2cfd9),platform=Windows NT 10.0.10586 x86_64) (WARNING: The server did not provide any stacktrace information)
Command duration or timeout: 11 milliseconds
For documentation on this error, please visit: http://seleniumhq.org/exceptions/no_such_element.html
Build info: version: '3.0.1', revision: '1969d75', time: '2016-10-18 09:49:13 -0700'
System info: host: 'Skrobov', ip: '172.22.244.42', os.name: 'Windows 10', os.arch: 'amd64', os.version: '10.0', java.version: '1.8.0_111'
Driver info: org.openqa.selenium.chrome.ChromeDriver
Capabilities [{applicationCacheEnabled=false, rotatable=false, mobileEmulationEnabled=false, networkConnectionEnabled=false, chrome={chromedriverVersion=2.27.440174 (e97a722caafc2d3a8b807ee115bfb307f7d2cfd9), userDataDir=C:\Users\E3AD~1\AppData\Local\Temp\scoped_dir10816_20142}, takesHeapSnapshot=true, pageLoadStrategy=normal, databaseEnabled=false, handlesAlerts=true, hasTouchScreen=false, version=55.0.2883.87, platform=XP, browserConnectionEnabled=false, nativeEvents=true, acceptSslCerts=true, locationContextEnabled=true, webStorageEnabled=true, browserName=chrome, takesScreenshot=true, javascriptEnabled=true, cssSelectorsEnabled=true, unexpectedAlertBehaviour=}]
Session ID: cf56f32590e4abe5dd15dbe4679d51d7
*** Element info: {Using=css selector, value=#login}
	at sun.reflect.GeneratedConstructorAccessor23.newInstance(Unknown Source)
	at sun.reflect.DelegatingConstructorAccessorImpl.newInstance(Unknown Source)
	at java.lang.reflect.Constructor.newInstance(Unknown Source)
	at org.openqa.selenium.remote.ErrorHandler.createThrowable(ErrorHandler.java:216)
	at org.openqa.selenium.remote.ErrorHandler.throwIfResponseFailed(ErrorHandler.java:168)
	at org.openqa.selenium.remote.RemoteWebDriver.execute(RemoteWebDriver.java:635)
	at org.openqa.selenium.remote.RemoteWebDriver.findElement(RemoteWebDriver.java:368)
	at org.openqa.selenium.remote.RemoteWebDriver.findElementByCssSelector(RemoteWebDriver.java:465)
	at org.openqa.selenium.By$ByCssSelector.findElement(By.java:430)
	at org.openqa.selenium.remote.RemoteWebDriver.findElement(RemoteWebDriver.java:360)
	at com.codeborne.selenide.impl.WebElementSelector.findElement(WebElementSelector.java:28)
	at com.codeborne.selenide.impl.ElementFinder.getWebElement(ElementFinder.java:56)
	at com.codeborne.selenide.impl.SelenideElementProxy.dispatchAndRetry(SelenideElementProxy.java:89)
	... 28 more
]]>
            </full-stacktrace>
          </exception> <!-- com.codeborne.selenide.ex.ElementNotFound -->
          <reporter-output>
          </reporter-output>
        </test-method> <!-- secondVerifyFailAuthorization -->
        <test-method status="PASS" signature="clearCache()[pri:0, instance:ru.motiw.testsPda.UsersAuthorizationPDATest@7a3d45bd]" name="clearCache" is-config="true" duration-ms="3" started-at="2017-01-14T20:11:03Z" finished-at="2017-01-14T20:11:03Z">
          <reporter-output>
          </reporter-output>
        </test-method> <!-- clearCache -->
        <test-method status="FAIL" signature="verifyLoginSuccess()[pri:3, instance:ru.motiw.testsPda.UsersAuthorizationPDATest@7a3d45bd]" name="verifyLoginSuccess" duration-ms="6164" started-at="2017-01-14T20:11:15Z" finished-at="2017-01-14T20:11:21Z">
          <exception class="com.codeborne.selenide.ex.ElementNotFound">
            <message>
              <![CDATA[Element not found {#login}
Expected: visible]]>
            </message>
            <full-stacktrace>
              <![CDATA[Element not found {#login}
Expected: visible
Screenshot: file:/E:/disk/project-webdriver/motiw-GUI-WebDriver/build/reports/tests/1484413881876.18.png
Timeout: 6 s.
Caused by: NoSuchElementException: no such element: Unable to locate element: {"method":"css selector","selector":"#login"}
	at com.codeborne.selenide.impl.WebElementSource.createElementNotFoundError(WebElementSource.java:31)
	at com.codeborne.selenide.impl.ElementFinder.createElementNotFoundError(ElementFinder.java:82)
	at com.codeborne.selenide.impl.WebElementSource.checkCondition(WebElementSource.java:59)
	at com.codeborne.selenide.impl.WebElementSource.findAndAssertElementIsVisible(WebElementSource.java:72)
	at com.codeborne.selenide.commands.SetValue.execute(SetValue.java:20)
	at com.codeborne.selenide.commands.SetValue.execute(SetValue.java:13)
	at com.codeborne.selenide.commands.Commands.execute(Commands.java:140)
	at com.codeborne.selenide.impl.SelenideElementProxy.dispatchAndRetry(SelenideElementProxy.java:86)
	at com.codeborne.selenide.impl.SelenideElementProxy.invoke(SelenideElementProxy.java:62)
	at com.sun.proxy.$Proxy12.setValue(Unknown Source)
	at ru.motiw.web.elements.elementspda.LoginStepsPDA.setLoginField(LoginStepsPDA.java:57)
	at ru.motiw.web.elements.elementspda.LoginStepsPDA.loginAsAdmin(LoginStepsPDA.java:77)
	at ru.motiw.testsPda.UsersAuthorizationPDATest.verifyLoginSuccess(UsersAuthorizationPDATest.java:28)
	at sun.reflect.NativeMethodAccessorImpl.invoke0(Native Method)
	at sun.reflect.NativeMethodAccessorImpl.invoke(Unknown Source)
	at sun.reflect.DelegatingMethodAccessorImpl.invoke(Unknown Source)
	at java.lang.reflect.Method.invoke(Unknown Source)
	at org.testng.internal.MethodInvocationHelper.invokeMethod(MethodInvocationHelper.java:86)
	at org.testng.internal.Invoker.invokeMethod(Invoker.java:643)
	at org.testng.internal.Invoker.invokeTestMethod(Invoker.java:820)
	at org.testng.internal.Invoker.invokeTestMethods(Invoker.java:1128)
	at org.testng.internal.TestMethodWorker.invokeTestMethods(TestMethodWorker.java:129)
	at org.testng.internal.TestMethodWorker.run(TestMethodWorker.java:112)
	at org.testng.TestRunner.privateRun(TestRunner.java:782)
	at org.testng.TestRunner.run(TestRunner.java:632)
	at org.testng.SuiteRunner.runTest(SuiteRunner.java:366)
	at org.testng.SuiteRunner.runSequentially(SuiteRunner.java:361)
	at org.testng.SuiteRunner.privateRun(SuiteRunner.java:319)
	at org.testng.SuiteRunner.run(SuiteRunner.java:268)
	at org.testng.SuiteRunnerWorker.runSuite(SuiteRunnerWorker.java:52)
	at org.testng.SuiteRunnerWorker.run(SuiteRunnerWorker.java:86)
	at org.testng.TestNG.runSuitesSequentially(TestNG.java:1244)
	at org.testng.TestNG.runSuitesLocally(TestNG.java:1169)
	at org.testng.TestNG.run(TestNG.java:1064)
	at org.testng.remote.AbstractRemoteTestNG.run(AbstractRemoteTestNG.java:132)
	at org.testng.remote.RemoteTestNG.initAndRun(RemoteTestNG.java:236)
	at org.testng.remote.RemoteTestNG.main(RemoteTestNG.java:81)
Caused by: org.openqa.selenium.NoSuchElementException: no such element: Unable to locate element: {"method":"css selector","selector":"#login"}
  (Session info: chrome=55.0.2883.87)
  (Driver info: chromedriver=2.27.440174 (e97a722caafc2d3a8b807ee115bfb307f7d2cfd9),platform=Windows NT 10.0.10586 x86_64) (WARNING: The server did not provide any stacktrace information)
Command duration or timeout: 12 milliseconds
For documentation on this error, please visit: http://seleniumhq.org/exceptions/no_such_element.html
Build info: version: '3.0.1', revision: '1969d75', time: '2016-10-18 09:49:13 -0700'
System info: host: 'Skrobov', ip: '172.22.244.42', os.name: 'Windows 10', os.arch: 'amd64', os.version: '10.0', java.version: '1.8.0_111'
Driver info: org.openqa.selenium.chrome.ChromeDriver
Capabilities [{applicationCacheEnabled=false, rotatable=false, mobileEmulationEnabled=false, networkConnectionEnabled=false, chrome={chromedriverVersion=2.27.440174 (e97a722caafc2d3a8b807ee115bfb307f7d2cfd9), userDataDir=C:\Users\E3AD~1\AppData\Local\Temp\scoped_dir10816_20142}, takesHeapSnapshot=true, pageLoadStrategy=normal, databaseEnabled=false, handlesAlerts=true, hasTouchScreen=false, version=55.0.2883.87, platform=XP, browserConnectionEnabled=false, nativeEvents=true, acceptSslCerts=true, locationContextEnabled=true, webStorageEnabled=true, browserName=chrome, takesScreenshot=true, javascriptEnabled=true, cssSelectorsEnabled=true, unexpectedAlertBehaviour=}]
Session ID: cf56f32590e4abe5dd15dbe4679d51d7
*** Element info: {Using=css selector, value=#login}
	at sun.reflect.GeneratedConstructorAccessor23.newInstance(Unknown Source)
	at sun.reflect.DelegatingConstructorAccessorImpl.newInstance(Unknown Source)
	at java.lang.reflect.Constructor.newInstance(Unknown Source)
	at org.openqa.selenium.remote.ErrorHandler.createThrowable(ErrorHandler.java:216)
	at org.openqa.selenium.remote.ErrorHandler.throwIfResponseFailed(ErrorHandler.java:168)
	at org.openqa.selenium.remote.RemoteWebDriver.execute(RemoteWebDriver.java:635)
	at org.openqa.selenium.remote.RemoteWebDriver.findElement(RemoteWebDriver.java:368)
	at org.openqa.selenium.remote.RemoteWebDriver.findElementByCssSelector(RemoteWebDriver.java:465)
	at org.openqa.selenium.By$ByCssSelector.findElement(By.java:430)
	at org.openqa.selenium.remote.RemoteWebDriver.findElement(RemoteWebDriver.java:360)
	at com.codeborne.selenide.impl.WebElementSelector.findElement(WebElementSelector.java:28)
	at com.codeborne.selenide.impl.ElementFinder.getWebElement(ElementFinder.java:56)
	at com.codeborne.selenide.impl.WebElementSource.checkCondition(WebElementSource.java:44)
	... 34 more
]]>
            </full-stacktrace>
          </exception> <!-- com.codeborne.selenide.ex.ElementNotFound -->
          <reporter-output>
          </reporter-output>
        </test-method> <!-- verifyLoginSuccess -->
        <test-method status="PASS" signature="clearCache()[pri:0, instance:ru.motiw.testsPda.UsersAuthorizationPDATest@7a3d45bd]" name="clearCache" is-config="true" duration-ms="3" started-at="2017-01-14T20:11:22Z" finished-at="2017-01-14T20:11:22Z">
          <reporter-output>
          </reporter-output>
        </test-method> <!-- clearCache -->
      </class> <!-- ru.motiw.testsPda.UsersAuthorizationPDATest -->
      <class name="ru.motiw.testsWeb.DocflowAdministration.DictionaryEditorTest">
        <test-method status="PASS" signature="setUpConfigurations()[pri:0, instance:ru.motiw.testsWeb.DocflowAdministration.DictionaryEditorTest@4923ab24]" name="setUpConfigurations" is-config="true" duration-ms="128" started-at="2017-01-14T20:12:53Z" finished-at="2017-01-14T20:12:53Z">
          <reporter-output>
          </reporter-output>
        </test-method> <!-- setUpConfigurations -->
        <test-method status="PASS" signature="beforeTest()[pri:0, instance:ru.motiw.testsWeb.DocflowAdministration.DictionaryEditorTest@4923ab24]" name="beforeTest" is-config="true" duration-ms="1" started-at="2017-01-14T20:12:53Z" finished-at="2017-01-14T20:12:53Z">
          <reporter-output>
          </reporter-output>
        </test-method> <!-- beforeTest -->
        <test-method status="FAIL" signature="createDictionaryEditor()[pri:1, instance:ru.motiw.testsWeb.DocflowAdministration.DictionaryEditorTest@4923ab24]" name="createDictionaryEditor" duration-ms="17728" started-at="2017-01-14T20:12:53Z" finished-at="2017-01-14T20:13:11Z">
          <exception class="com.codeborne.selenide.ex.ElementShould">
            <message>
              <![CDATA[Element should be exact text 'ЧЮgwRAЛгыэnЯЪ5E
7ДnьzЧgCМЁл68КЧчхШcrМЧPaf61c1rPЬнyQpэЩЛдIleмыhыР3ц' {By.xpath: (//div[contains(@id,'dict_words-body')]//td[2]/div)[2]}
Element: '<div class="x-grid-cell-inner " unselectable="on">ЧЮgwЛгыэnЯЪ5E 7ДnьzЧgCМЁл68КЧчхШcrМЧPaf61c1rPЬнyQpэЩЛдIleмыыР3цhR</div>']]>
            </message>
            <full-stacktrace>
              <![CDATA[Element should be exact text 'ЧЮgwRAЛгыэnЯЪ5E
7ДnьzЧgCМЁл68КЧчхШcrМЧPaf61c1rPЬнyQpэЩЛдIleмыhыР3ц' {By.xpath: (//div[contains(@id,'dict_words-body')]//td[2]/div)[2]}
Element: '<div class="x-grid-cell-inner " unselectable="on">ЧЮgwЛгыэnЯЪ5E 7ДnьzЧgCМЁл68КЧчхШcrМЧPaf61c1rPЬнyQpэЩЛдIleмыыР3цhR</div>'
Screenshot: file:/E:/disk/project-webdriver/motiw-GUI-WebDriver/build/reports/tests/1484413991471.22.png
Timeout: 6 s.
	at com.codeborne.selenide.impl.WebElementSource.checkCondition(WebElementSource.java:66)
	at com.codeborne.selenide.commands.Should.should(Should.java:35)
	at com.codeborne.selenide.commands.Should.execute(Should.java:29)
	at com.codeborne.selenide.commands.Should.execute(Should.java:12)
	at com.codeborne.selenide.commands.Commands.execute(Commands.java:140)
	at com.codeborne.selenide.impl.SelenideElementProxy.dispatchAndRetry(SelenideElementProxy.java:86)
	at com.codeborne.selenide.impl.SelenideElementProxy.invoke(SelenideElementProxy.java:62)
	at com.sun.proxy.$Proxy12.shouldBe(Unknown Source)
	at ru.motiw.web.steps.DocflowAdministration.DictionaryEditorSteps.addDictionItemFields(DictionaryEditorSteps.java:89)
	at ru.motiw.web.steps.DocflowAdministration.DictionaryEditorSteps.addDictionaryEditor(DictionaryEditorSteps.java:126)
	at ru.motiw.testsWeb.DocflowAdministration.DictionaryEditorTest.createDictionaryEditor(DictionaryEditorTest.java:43)
	at sun.reflect.NativeMethodAccessorImpl.invoke0(Native Method)
	at sun.reflect.NativeMethodAccessorImpl.invoke(Unknown Source)
	at sun.reflect.DelegatingMethodAccessorImpl.invoke(Unknown Source)
	at java.lang.reflect.Method.invoke(Unknown Source)
	at org.testng.internal.MethodInvocationHelper.invokeMethod(MethodInvocationHelper.java:86)
	at org.testng.internal.Invoker.invokeMethod(Invoker.java:643)
	at org.testng.internal.Invoker.invokeTestMethod(Invoker.java:820)
	at org.testng.internal.Invoker.invokeTestMethods(Invoker.java:1128)
	at org.testng.internal.TestMethodWorker.invokeTestMethods(TestMethodWorker.java:129)
	at org.testng.internal.TestMethodWorker.run(TestMethodWorker.java:112)
	at org.testng.TestRunner.privateRun(TestRunner.java:782)
	at org.testng.TestRunner.run(TestRunner.java:632)
	at org.testng.SuiteRunner.runTest(SuiteRunner.java:366)
	at org.testng.SuiteRunner.runSequentially(SuiteRunner.java:361)
	at org.testng.SuiteRunner.privateRun(SuiteRunner.java:319)
	at org.testng.SuiteRunner.run(SuiteRunner.java:268)
	at org.testng.SuiteRunnerWorker.runSuite(SuiteRunnerWorker.java:52)
	at org.testng.SuiteRunnerWorker.run(SuiteRunnerWorker.java:86)
	at org.testng.TestNG.runSuitesSequentially(TestNG.java:1244)
	at org.testng.TestNG.runSuitesLocally(TestNG.java:1169)
	at org.testng.TestNG.run(TestNG.java:1064)
	at org.testng.remote.AbstractRemoteTestNG.run(AbstractRemoteTestNG.java:132)
	at org.testng.remote.RemoteTestNG.initAndRun(RemoteTestNG.java:236)
	at org.testng.remote.RemoteTestNG.main(RemoteTestNG.java:81)
]]>
            </full-stacktrace>
          </exception> <!-- com.codeborne.selenide.ex.ElementShould -->
          <reporter-output>
          </reporter-output>
        </test-method> <!-- createDictionaryEditor -->
        <test-method status="PASS" signature="clearCache()[pri:0, instance:ru.motiw.testsWeb.DocflowAdministration.DictionaryEditorTest@4923ab24]" name="clearCache" is-config="true" duration-ms="9" started-at="2017-01-14T20:13:11Z" finished-at="2017-01-14T20:13:11Z">
          <reporter-output>
          </reporter-output>
        </test-method> <!-- clearCache -->
      </class> <!-- ru.motiw.testsWeb.DocflowAdministration.DictionaryEditorTest -->
      <class name="ru.motiw.testsPda.OptionsPDATest">
        <test-method status="PASS" signature="setUpConfigurations()[pri:0, instance:ru.motiw.testsPda.OptionsPDATest@46daef40]" name="setUpConfigurations" is-config="true" duration-ms="131" started-at="2017-01-14T20:03:43Z" finished-at="2017-01-14T20:03:43Z">
          <reporter-output>
          </reporter-output>
        </test-method> <!-- setUpConfigurations -->
        <test-method status="FAIL" signature="verifyAttachmentAndDownloadFileInTheTask(ru.motiw.web.model.Tasks.Task)[pri:1, instance:ru.motiw.testsPda.OptionsPDATest@46daef40]" name="verifyAttachmentAndDownloadFileInTheTask" duration-ms="6368" started-at="2017-01-14T20:03:43Z" data-provider="objectDataTaskPDA" finished-at="2017-01-14T20:03:50Z">
          <params>
            <param index="0">
              <value>
                <![CDATA[ru.motiw.web.model.Tasks.Task@3e33d73e]]>
              </value>
            </param>
          </params>
          <exception class="com.codeborne.selenide.ex.ElementNotFound">
            <message>
              <![CDATA[Element not found {#login}
Expected: visible]]>
            </message>
            <full-stacktrace>
              <![CDATA[Element not found {#login}
Expected: visible
Screenshot: file:/E:/disk/project-webdriver/motiw-GUI-WebDriver/build/reports/tests/1484413430105.3.png
Timeout: 6 s.
Caused by: NoSuchElementException: no such element: Unable to locate element: {"method":"css selector","selector":"#login"}
	at com.codeborne.selenide.impl.WebElementSource.createElementNotFoundError(WebElementSource.java:31)
	at com.codeborne.selenide.impl.ElementFinder.createElementNotFoundError(ElementFinder.java:82)
	at com.codeborne.selenide.impl.WebElementSource.checkCondition(WebElementSource.java:59)
	at com.codeborne.selenide.impl.WebElementSource.findAndAssertElementIsVisible(WebElementSource.java:72)
	at com.codeborne.selenide.commands.SetValue.execute(SetValue.java:20)
	at com.codeborne.selenide.commands.SetValue.execute(SetValue.java:13)
	at com.codeborne.selenide.commands.Commands.execute(Commands.java:140)
	at com.codeborne.selenide.impl.SelenideElementProxy.dispatchAndRetry(SelenideElementProxy.java:86)
	at com.codeborne.selenide.impl.SelenideElementProxy.invoke(SelenideElementProxy.java:62)
	at com.sun.proxy.$Proxy12.setValue(Unknown Source)
	at ru.motiw.web.elements.elementspda.LoginStepsPDA.setLoginField(LoginStepsPDA.java:57)
	at ru.motiw.web.elements.elementspda.LoginStepsPDA.loginAsAdmin(LoginStepsPDA.java:77)
	at ru.motiw.testsPda.OptionsPDATest.verifyAttachmentAndDownloadFileInTheTask(OptionsPDATest.java:33)
	at sun.reflect.NativeMethodAccessorImpl.invoke0(Native Method)
	at sun.reflect.NativeMethodAccessorImpl.invoke(Unknown Source)
	at sun.reflect.DelegatingMethodAccessorImpl.invoke(Unknown Source)
	at java.lang.reflect.Method.invoke(Unknown Source)
	at org.testng.internal.MethodInvocationHelper.invokeMethod(MethodInvocationHelper.java:86)
	at org.testng.internal.Invoker.invokeMethod(Invoker.java:643)
	at org.testng.internal.Invoker.invokeTestMethod(Invoker.java:820)
	at org.testng.internal.Invoker.invokeTestMethods(Invoker.java:1128)
	at org.testng.internal.TestMethodWorker.invokeTestMethods(TestMethodWorker.java:129)
	at org.testng.internal.TestMethodWorker.run(TestMethodWorker.java:112)
	at org.testng.TestRunner.privateRun(TestRunner.java:782)
	at org.testng.TestRunner.run(TestRunner.java:632)
	at org.testng.SuiteRunner.runTest(SuiteRunner.java:366)
	at org.testng.SuiteRunner.runSequentially(SuiteRunner.java:361)
	at org.testng.SuiteRunner.privateRun(SuiteRunner.java:319)
	at org.testng.SuiteRunner.run(SuiteRunner.java:268)
	at org.testng.SuiteRunnerWorker.runSuite(SuiteRunnerWorker.java:52)
	at org.testng.SuiteRunnerWorker.run(SuiteRunnerWorker.java:86)
	at org.testng.TestNG.runSuitesSequentially(TestNG.java:1244)
	at org.testng.TestNG.runSuitesLocally(TestNG.java:1169)
	at org.testng.TestNG.run(TestNG.java:1064)
	at org.testng.remote.AbstractRemoteTestNG.run(AbstractRemoteTestNG.java:132)
	at org.testng.remote.RemoteTestNG.initAndRun(RemoteTestNG.java:236)
	at org.testng.remote.RemoteTestNG.main(RemoteTestNG.java:81)
Caused by: org.openqa.selenium.NoSuchElementException: no such element: Unable to locate element: {"method":"css selector","selector":"#login"}
  (Session info: chrome=55.0.2883.87)
  (Driver info: chromedriver=2.27.440174 (e97a722caafc2d3a8b807ee115bfb307f7d2cfd9),platform=Windows NT 10.0.10586 x86_64) (WARNING: The server did not provide any stacktrace information)
Command duration or timeout: 7 milliseconds
For documentation on this error, please visit: http://seleniumhq.org/exceptions/no_such_element.html
Build info: version: '3.0.1', revision: '1969d75', time: '2016-10-18 09:49:13 -0700'
System info: host: 'Skrobov', ip: '172.22.244.42', os.name: 'Windows 10', os.arch: 'amd64', os.version: '10.0', java.version: '1.8.0_111'
Driver info: org.openqa.selenium.chrome.ChromeDriver
Capabilities [{applicationCacheEnabled=false, rotatable=false, mobileEmulationEnabled=false, networkConnectionEnabled=false, chrome={chromedriverVersion=2.27.440174 (e97a722caafc2d3a8b807ee115bfb307f7d2cfd9), userDataDir=C:\Users\E3AD~1\AppData\Local\Temp\scoped_dir10816_20142}, takesHeapSnapshot=true, pageLoadStrategy=normal, databaseEnabled=false, handlesAlerts=true, hasTouchScreen=false, version=55.0.2883.87, platform=XP, browserConnectionEnabled=false, nativeEvents=true, acceptSslCerts=true, locationContextEnabled=true, webStorageEnabled=true, browserName=chrome, takesScreenshot=true, javascriptEnabled=true, cssSelectorsEnabled=true, unexpectedAlertBehaviour=}]
Session ID: cf56f32590e4abe5dd15dbe4679d51d7
*** Element info: {Using=css selector, value=#login}
	at sun.reflect.GeneratedConstructorAccessor23.newInstance(Unknown Source)
	at sun.reflect.DelegatingConstructorAccessorImpl.newInstance(Unknown Source)
	at java.lang.reflect.Constructor.newInstance(Unknown Source)
	at org.openqa.selenium.remote.ErrorHandler.createThrowable(ErrorHandler.java:216)
	at org.openqa.selenium.remote.ErrorHandler.throwIfResponseFailed(ErrorHandler.java:168)
	at org.openqa.selenium.remote.RemoteWebDriver.execute(RemoteWebDriver.java:635)
	at org.openqa.selenium.remote.RemoteWebDriver.findElement(RemoteWebDriver.java:368)
	at org.openqa.selenium.remote.RemoteWebDriver.findElementByCssSelector(RemoteWebDriver.java:465)
	at org.openqa.selenium.By$ByCssSelector.findElement(By.java:430)
	at org.openqa.selenium.remote.RemoteWebDriver.findElement(RemoteWebDriver.java:360)
	at com.codeborne.selenide.impl.WebElementSelector.findElement(WebElementSelector.java:28)
	at com.codeborne.selenide.impl.ElementFinder.getWebElement(ElementFinder.java:56)
	at com.codeborne.selenide.impl.WebElementSource.checkCondition(WebElementSource.java:44)
	... 34 more
]]>
            </full-stacktrace>
          </exception> <!-- com.codeborne.selenide.ex.ElementNotFound -->
          <reporter-output>
          </reporter-output>
        </test-method> <!-- verifyAttachmentAndDownloadFileInTheTask -->
        <test-method status="PASS" signature="clearCache()[pri:0, instance:ru.motiw.testsPda.OptionsPDATest@46daef40]" name="clearCache" is-config="true" duration-ms="3" started-at="2017-01-14T20:03:50Z" finished-at="2017-01-14T20:03:50Z">
          <reporter-output>
          </reporter-output>
        </test-method> <!-- clearCache -->
      </class> <!-- ru.motiw.testsPda.OptionsPDATest -->
      <class name="ru.motiw.testsPda.TodayPDATest">
        <test-method status="PASS" signature="setUpConfigurations()[pri:0, instance:ru.motiw.testsPda.TodayPDATest@25af5db5]" name="setUpConfigurations" is-config="true" duration-ms="139" started-at="2017-01-14T20:01:22Z" finished-at="2017-01-14T20:01:22Z">
          <reporter-output>
          </reporter-output>
        </test-method> <!-- setUpConfigurations -->
        <test-method status="PASS" signature="beforeTest()[pri:0, instance:ru.motiw.testsPda.TodayPDATest@25af5db5]" name="beforeTest" is-config="true" duration-ms="1" started-at="2017-01-14T20:01:22Z" finished-at="2017-01-14T20:01:22Z">
          <reporter-output>
          </reporter-output>
        </test-method> <!-- beforeTest -->
        <test-method status="PASS" signature="createFolderForTasks()[pri:1, instance:ru.motiw.testsPda.TodayPDATest@25af5db5]" name="createFolderForTasks" duration-ms="15364" started-at="2017-01-14T20:01:22Z" finished-at="2017-01-14T20:01:37Z">
          <reporter-output>
          </reporter-output>
        </test-method> <!-- createFolderForTasks -->
        <test-method status="PASS" signature="clearCache()[pri:0, instance:ru.motiw.testsPda.TodayPDATest@25af5db5]" name="clearCache" is-config="true" duration-ms="7" started-at="2017-01-14T20:01:37Z" finished-at="2017-01-14T20:01:37Z">
          <reporter-output>
          </reporter-output>
        </test-method> <!-- clearCache -->
        <test-method status="FAIL" signature="verifyInfoToday(ru.motiw.web.model.Tasks.Task)[pri:1, instance:ru.motiw.testsPda.TodayPDATest@25af5db5]" name="verifyInfoToday" duration-ms="6405" started-at="2017-01-14T20:01:37Z" data-provider="objectDataTaskPDA" finished-at="2017-01-14T20:01:44Z">
          <params>
            <param index="0">
              <value>
                <![CDATA[ru.motiw.web.model.Tasks.Task@72ee5d84]]>
              </value>
            </param>
          </params>
          <exception class="com.codeborne.selenide.ex.ElementNotFound">
            <message>
              <![CDATA[Element not found {#login}
Expected: visible]]>
            </message>
            <full-stacktrace>
              <![CDATA[Element not found {#login}
Expected: visible
Screenshot: file:/E:/disk/project-webdriver/motiw-GUI-WebDriver/build/reports/tests/1484413304120.0.png
Timeout: 6 s.
Caused by: NoSuchElementException: no such element: Unable to locate element: {"method":"css selector","selector":"#login"}
	at com.codeborne.selenide.impl.WebElementSource.createElementNotFoundError(WebElementSource.java:31)
	at com.codeborne.selenide.impl.ElementFinder.createElementNotFoundError(ElementFinder.java:82)
	at com.codeborne.selenide.impl.WebElementSource.checkCondition(WebElementSource.java:59)
	at com.codeborne.selenide.impl.WebElementSource.findAndAssertElementIsVisible(WebElementSource.java:72)
	at com.codeborne.selenide.commands.SetValue.execute(SetValue.java:20)
	at com.codeborne.selenide.commands.SetValue.execute(SetValue.java:13)
	at com.codeborne.selenide.commands.Commands.execute(Commands.java:140)
	at com.codeborne.selenide.impl.SelenideElementProxy.dispatchAndRetry(SelenideElementProxy.java:86)
	at com.codeborne.selenide.impl.SelenideElementProxy.invoke(SelenideElementProxy.java:62)
	at com.sun.proxy.$Proxy12.setValue(Unknown Source)
	at ru.motiw.web.elements.elementspda.LoginStepsPDA.setLoginField(LoginStepsPDA.java:57)
	at ru.motiw.web.elements.elementspda.LoginStepsPDA.loginAsAdmin(LoginStepsPDA.java:77)
	at ru.motiw.testsPda.TodayPDATest.verifyInfoToday(TodayPDATest.java:78)
	at sun.reflect.NativeMethodAccessorImpl.invoke0(Native Method)
	at sun.reflect.NativeMethodAccessorImpl.invoke(Unknown Source)
	at sun.reflect.DelegatingMethodAccessorImpl.invoke(Unknown Source)
	at java.lang.reflect.Method.invoke(Unknown Source)
	at org.testng.internal.MethodInvocationHelper.invokeMethod(MethodInvocationHelper.java:86)
	at org.testng.internal.Invoker.invokeMethod(Invoker.java:643)
	at org.testng.internal.Invoker.invokeTestMethod(Invoker.java:820)
	at org.testng.internal.Invoker.invokeTestMethods(Invoker.java:1128)
	at org.testng.internal.TestMethodWorker.invokeTestMethods(TestMethodWorker.java:129)
	at org.testng.internal.TestMethodWorker.run(TestMethodWorker.java:112)
	at org.testng.TestRunner.privateRun(TestRunner.java:782)
	at org.testng.TestRunner.run(TestRunner.java:632)
	at org.testng.SuiteRunner.runTest(SuiteRunner.java:366)
	at org.testng.SuiteRunner.runSequentially(SuiteRunner.java:361)
	at org.testng.SuiteRunner.privateRun(SuiteRunner.java:319)
	at org.testng.SuiteRunner.run(SuiteRunner.java:268)
	at org.testng.SuiteRunnerWorker.runSuite(SuiteRunnerWorker.java:52)
	at org.testng.SuiteRunnerWorker.run(SuiteRunnerWorker.java:86)
	at org.testng.TestNG.runSuitesSequentially(TestNG.java:1244)
	at org.testng.TestNG.runSuitesLocally(TestNG.java:1169)
	at org.testng.TestNG.run(TestNG.java:1064)
	at org.testng.remote.AbstractRemoteTestNG.run(AbstractRemoteTestNG.java:132)
	at org.testng.remote.RemoteTestNG.initAndRun(RemoteTestNG.java:236)
	at org.testng.remote.RemoteTestNG.main(RemoteTestNG.java:81)
Caused by: org.openqa.selenium.NoSuchElementException: no such element: Unable to locate element: {"method":"css selector","selector":"#login"}
  (Session info: chrome=55.0.2883.87)
  (Driver info: chromedriver=2.27.440174 (e97a722caafc2d3a8b807ee115bfb307f7d2cfd9),platform=Windows NT 10.0.10586 x86_64) (WARNING: The server did not provide any stacktrace information)
Command duration or timeout: 7 milliseconds
For documentation on this error, please visit: http://seleniumhq.org/exceptions/no_such_element.html
Build info: version: '3.0.1', revision: '1969d75', time: '2016-10-18 09:49:13 -0700'
System info: host: 'Skrobov', ip: '172.22.244.42', os.name: 'Windows 10', os.arch: 'amd64', os.version: '10.0', java.version: '1.8.0_111'
Driver info: org.openqa.selenium.chrome.ChromeDriver
Capabilities [{applicationCacheEnabled=false, rotatable=false, mobileEmulationEnabled=false, networkConnectionEnabled=false, chrome={chromedriverVersion=2.27.440174 (e97a722caafc2d3a8b807ee115bfb307f7d2cfd9), userDataDir=C:\Users\E3AD~1\AppData\Local\Temp\scoped_dir10816_20142}, takesHeapSnapshot=true, pageLoadStrategy=normal, databaseEnabled=false, handlesAlerts=true, hasTouchScreen=false, version=55.0.2883.87, platform=XP, browserConnectionEnabled=false, nativeEvents=true, acceptSslCerts=true, locationContextEnabled=true, webStorageEnabled=true, browserName=chrome, takesScreenshot=true, javascriptEnabled=true, cssSelectorsEnabled=true, unexpectedAlertBehaviour=}]
Session ID: cf56f32590e4abe5dd15dbe4679d51d7
*** Element info: {Using=css selector, value=#login}
	at sun.reflect.GeneratedConstructorAccessor23.newInstance(Unknown Source)
	at sun.reflect.DelegatingConstructorAccessorImpl.newInstance(Unknown Source)
	at java.lang.reflect.Constructor.newInstance(Unknown Source)
	at org.openqa.selenium.remote.ErrorHandler.createThrowable(ErrorHandler.java:216)
	at org.openqa.selenium.remote.ErrorHandler.throwIfResponseFailed(ErrorHandler.java:168)
	at org.openqa.selenium.remote.RemoteWebDriver.execute(RemoteWebDriver.java:635)
	at org.openqa.selenium.remote.RemoteWebDriver.findElement(RemoteWebDriver.java:368)
	at org.openqa.selenium.remote.RemoteWebDriver.findElementByCssSelector(RemoteWebDriver.java:465)
	at org.openqa.selenium.By$ByCssSelector.findElement(By.java:430)
	at org.openqa.selenium.remote.RemoteWebDriver.findElement(RemoteWebDriver.java:360)
	at com.codeborne.selenide.impl.WebElementSelector.findElement(WebElementSelector.java:28)
	at com.codeborne.selenide.impl.ElementFinder.getWebElement(ElementFinder.java:56)
	at com.codeborne.selenide.impl.WebElementSource.checkCondition(WebElementSource.java:44)
	... 34 more
]]>
            </full-stacktrace>
          </exception> <!-- com.codeborne.selenide.ex.ElementNotFound -->
          <reporter-output>
          </reporter-output>
        </test-method> <!-- verifyInfoToday -->
        <test-method status="PASS" signature="clearCache()[pri:0, instance:ru.motiw.testsPda.TodayPDATest@25af5db5]" name="clearCache" is-config="true" duration-ms="4" started-at="2017-01-14T20:01:44Z" finished-at="2017-01-14T20:01:44Z">
          <reporter-output>
          </reporter-output>
        </test-method> <!-- clearCache -->
      </class> <!-- ru.motiw.testsPda.TodayPDATest -->
      <class name="ru.motiw.testsWeb.Tasks.CreateTaskTest">
        <test-method status="PASS" signature="setUpConfigurations()[pri:0, instance:ru.motiw.testsWeb.Tasks.CreateTaskTest@262b2c86]" name="setUpConfigurations" is-config="true" duration-ms="357" started-at="2017-01-14T20:07:06Z" finished-at="2017-01-14T20:07:06Z">
          <reporter-output>
          </reporter-output>
        </test-method> <!-- setUpConfigurations -->
        <test-method status="PASS" signature="beforeTest()[pri:0, instance:ru.motiw.testsWeb.Tasks.CreateTaskTest@262b2c86]" name="beforeTest" is-config="true" duration-ms="2" started-at="2017-01-14T20:07:06Z" finished-at="2017-01-14T20:07:06Z">
          <reporter-output>
          </reporter-output>
        </test-method> <!-- beforeTest -->
        <test-method status="PASS" signature="verifyCreateTask(ru.motiw.web.model.Administration.Users.Department, [Lru.motiw.web.model.Administration.Users.Employee;, [Lru.motiw.web.model.Administration.Users.Employee;, [Lru.motiw.web.model.Administration.Users.Employee;, [Lru.motiw.web.model.Administration.Users.Employee;, [Lru.motiw.web.model.Administration.Users.Employee;, [Lru.motiw.web.model.Administration.Users.Employee;, [Lru.motiw.web.model.Administration.Users.Employee;, ru.motiw.web.model.Tasks.Task)[pri:1, instance:ru.motiw.testsWeb.Tasks.CreateTaskTest@262b2c86]" name="verifyCreateTask" duration-ms="108823" started-at="2017-01-14T20:07:06Z" data-provider="objectDataTask" finished-at="2017-01-14T20:08:55Z">
          <params>
            <param index="0">
              <value>
                <![CDATA[ru.motiw.web.model.Administration.Users.Department@6562cc23]]>
              </value>
            </param>
            <param index="1">
              <value>
                <![CDATA[[Lru.motiw.web.model.Administration.Users.Employee;@17635531]]>
              </value>
            </param>
            <param index="2">
              <value>
                <![CDATA[[Lru.motiw.web.model.Administration.Users.Employee;@2e488e45]]>
              </value>
            </param>
            <param index="3">
              <value>
                <![CDATA[[Lru.motiw.web.model.Administration.Users.Employee;@396519b]]>
              </value>
            </param>
            <param index="4">
              <value>
                <![CDATA[[Lru.motiw.web.model.Administration.Users.Employee;@18ad085a]]>
              </value>
            </param>
            <param index="5">
              <value>
                <![CDATA[[Lru.motiw.web.model.Administration.Users.Employee;@15ea0ca3]]>
              </value>
            </param>
            <param index="6">
              <value>
                <![CDATA[[Lru.motiw.web.model.Administration.Users.Employee;@7f3a92fd]]>
              </value>
            </param>
            <param index="7">
              <value>
                <![CDATA[[Lru.motiw.web.model.Administration.Users.Employee;@4e111e08]]>
              </value>
            </param>
            <param index="8">
              <value>
                <![CDATA[ru.motiw.web.model.Tasks.Task@2ce524d2]]>
              </value>
            </param>
          </params>
          <reporter-output>
          </reporter-output>
        </test-method> <!-- verifyCreatedTask -->
        <test-method status="PASS" signature="clearCache()[pri:0, instance:ru.motiw.testsWeb.Tasks.CreateTaskTest@262b2c86]" name="clearCache" is-config="true" duration-ms="9" started-at="2017-01-14T20:08:55Z" finished-at="2017-01-14T20:08:55Z">
          <reporter-output>
          </reporter-output>
        </test-method> <!-- clearCache -->
        <test-method status="FAIL" signature="verifyCreateIWGTask(ru.motiw.web.model.Administration.Users.Department, [Lru.motiw.web.model.Administration.Users.Employee;, [Lru.motiw.web.model.Administration.Users.Employee;, [Lru.motiw.web.model.Administration.Users.Employee;, [Lru.motiw.web.model.Administration.Users.Employee;, [Lru.motiw.web.model.Administration.Users.Employee;, [Lru.motiw.web.model.Administration.Users.Employee;, [Lru.motiw.web.model.Administration.Users.Employee;, ru.motiw.web.model.Tasks.Task)[pri:2, instance:ru.motiw.testsWeb.Tasks.CreateTaskTest@262b2c86]" name="verifyCreateIWGTask" duration-ms="6220" started-at="2017-01-14T20:10:38Z" data-provider="objectDataTask" finished-at="2017-01-14T20:10:44Z">
          <params>
            <param index="0">
              <value>
                <![CDATA[ru.motiw.web.model.Administration.Users.Department@63b4b9c6]]>
              </value>
            </param>
            <param index="1">
              <value>
                <![CDATA[[Lru.motiw.web.model.Administration.Users.Employee;@5cb6b81b]]>
              </value>
            </param>
            <param index="2">
              <value>
                <![CDATA[[Lru.motiw.web.model.Administration.Users.Employee;@2a15bbf3]]>
              </value>
            </param>
            <param index="3">
              <value>
                <![CDATA[[Lru.motiw.web.model.Administration.Users.Employee;@46c19350]]>
              </value>
            </param>
            <param index="4">
              <value>
                <![CDATA[[Lru.motiw.web.model.Administration.Users.Employee;@5b4b6f3b]]>
              </value>
            </param>
            <param index="5">
              <value>
                <![CDATA[[Lru.motiw.web.model.Administration.Users.Employee;@32d46229]]>
              </value>
            </param>
            <param index="6">
              <value>
                <![CDATA[[Lru.motiw.web.model.Administration.Users.Employee;@35198da3]]>
              </value>
            </param>
            <param index="7">
              <value>
                <![CDATA[[Lru.motiw.web.model.Administration.Users.Employee;@7f08c343]]>
              </value>
            </param>
            <param index="8">
              <value>
                <![CDATA[ru.motiw.web.model.Tasks.Task@6c66ddab]]>
              </value>
            </param>
          </params>
          <exception class="com.codeborne.selenide.ex.ElementNotFound">
            <message>
              <![CDATA[Element not found {#login}
Expected: visible]]>
            </message>
            <full-stacktrace>
              <![CDATA[Element not found {#login}
Expected: visible
Screenshot: file:/E:/disk/project-webdriver/motiw-GUI-WebDriver/build/reports/tests/1484413844112.12.png
Timeout: 6 s.
Caused by: NoSuchElementException: no such element: Unable to locate element: {"method":"css selector","selector":"#login"}
	at com.codeborne.selenide.impl.WebElementSource.createElementNotFoundError(WebElementSource.java:31)
	at com.codeborne.selenide.impl.ElementFinder.createElementNotFoundError(ElementFinder.java:82)
	at com.codeborne.selenide.impl.WebElementSource.checkCondition(WebElementSource.java:59)
	at com.codeborne.selenide.impl.WebElementSource.findAndAssertElementIsVisible(WebElementSource.java:72)
	at com.codeborne.selenide.commands.SetValue.execute(SetValue.java:20)
	at com.codeborne.selenide.commands.SetValue.execute(SetValue.java:13)
	at com.codeborne.selenide.commands.Commands.execute(Commands.java:140)
	at com.codeborne.selenide.impl.SelenideElementProxy.dispatchAndRetry(SelenideElementProxy.java:86)
	at com.codeborne.selenide.impl.SelenideElementProxy.invoke(SelenideElementProxy.java:62)
	at com.sun.proxy.$Proxy12.setValue(Unknown Source)
	at ru.motiw.web.steps.Login.LoginStepsSteps.setLoginField(LoginStepsSteps.java:28)
	at ru.motiw.web.steps.Login.LoginStepsSteps.loginAs(LoginStepsSteps.java:57)
	at ru.motiw.testsWeb.Tasks.CreateTaskTest.verifyCreateIWGTask(CreateTaskTest.java:123)
	at sun.reflect.NativeMethodAccessorImpl.invoke0(Native Method)
	at sun.reflect.NativeMethodAccessorImpl.invoke(Unknown Source)
	at sun.reflect.DelegatingMethodAccessorImpl.invoke(Unknown Source)
	at java.lang.reflect.Method.invoke(Unknown Source)
	at org.testng.internal.MethodInvocationHelper.invokeMethod(MethodInvocationHelper.java:86)
	at org.testng.internal.Invoker.invokeMethod(Invoker.java:643)
	at org.testng.internal.Invoker.invokeTestMethod(Invoker.java:820)
	at org.testng.internal.Invoker.invokeTestMethods(Invoker.java:1128)
	at org.testng.internal.TestMethodWorker.invokeTestMethods(TestMethodWorker.java:129)
	at org.testng.internal.TestMethodWorker.run(TestMethodWorker.java:112)
	at org.testng.TestRunner.privateRun(TestRunner.java:782)
	at org.testng.TestRunner.run(TestRunner.java:632)
	at org.testng.SuiteRunner.runTest(SuiteRunner.java:366)
	at org.testng.SuiteRunner.runSequentially(SuiteRunner.java:361)
	at org.testng.SuiteRunner.privateRun(SuiteRunner.java:319)
	at org.testng.SuiteRunner.run(SuiteRunner.java:268)
	at org.testng.SuiteRunnerWorker.runSuite(SuiteRunnerWorker.java:52)
	at org.testng.SuiteRunnerWorker.run(SuiteRunnerWorker.java:86)
	at org.testng.TestNG.runSuitesSequentially(TestNG.java:1244)
	at org.testng.TestNG.runSuitesLocally(TestNG.java:1169)
	at org.testng.TestNG.run(TestNG.java:1064)
	at org.testng.remote.AbstractRemoteTestNG.run(AbstractRemoteTestNG.java:132)
	at org.testng.remote.RemoteTestNG.initAndRun(RemoteTestNG.java:236)
	at org.testng.remote.RemoteTestNG.main(RemoteTestNG.java:81)
Caused by: org.openqa.selenium.NoSuchElementException: no such element: Unable to locate element: {"method":"css selector","selector":"#login"}
  (Session info: chrome=55.0.2883.87)
  (Driver info: chromedriver=2.27.440174 (e97a722caafc2d3a8b807ee115bfb307f7d2cfd9),platform=Windows NT 10.0.10586 x86_64) (WARNING: The server did not provide any stacktrace information)
Command duration or timeout: 7 milliseconds
For documentation on this error, please visit: http://seleniumhq.org/exceptions/no_such_element.html
Build info: version: '3.0.1', revision: '1969d75', time: '2016-10-18 09:49:13 -0700'
System info: host: 'Skrobov', ip: '172.22.244.42', os.name: 'Windows 10', os.arch: 'amd64', os.version: '10.0', java.version: '1.8.0_111'
Driver info: org.openqa.selenium.chrome.ChromeDriver
Capabilities [{applicationCacheEnabled=false, rotatable=false, mobileEmulationEnabled=false, networkConnectionEnabled=false, chrome={chromedriverVersion=2.27.440174 (e97a722caafc2d3a8b807ee115bfb307f7d2cfd9), userDataDir=C:\Users\E3AD~1\AppData\Local\Temp\scoped_dir10816_20142}, takesHeapSnapshot=true, pageLoadStrategy=normal, databaseEnabled=false, handlesAlerts=true, hasTouchScreen=false, version=55.0.2883.87, platform=XP, browserConnectionEnabled=false, nativeEvents=true, acceptSslCerts=true, locationContextEnabled=true, webStorageEnabled=true, browserName=chrome, takesScreenshot=true, javascriptEnabled=true, cssSelectorsEnabled=true, unexpectedAlertBehaviour=}]
Session ID: cf56f32590e4abe5dd15dbe4679d51d7
*** Element info: {Using=css selector, value=#login}
	at sun.reflect.GeneratedConstructorAccessor23.newInstance(Unknown Source)
	at sun.reflect.DelegatingConstructorAccessorImpl.newInstance(Unknown Source)
	at java.lang.reflect.Constructor.newInstance(Unknown Source)
	at org.openqa.selenium.remote.ErrorHandler.createThrowable(ErrorHandler.java:216)
	at org.openqa.selenium.remote.ErrorHandler.throwIfResponseFailed(ErrorHandler.java:168)
	at org.openqa.selenium.remote.RemoteWebDriver.execute(RemoteWebDriver.java:635)
	at org.openqa.selenium.remote.RemoteWebDriver.findElement(RemoteWebDriver.java:368)
	at org.openqa.selenium.remote.RemoteWebDriver.findElementByCssSelector(RemoteWebDriver.java:465)
	at org.openqa.selenium.By$ByCssSelector.findElement(By.java:430)
	at org.openqa.selenium.remote.RemoteWebDriver.findElement(RemoteWebDriver.java:360)
	at com.codeborne.selenide.impl.WebElementSelector.findElement(WebElementSelector.java:28)
	at com.codeborne.selenide.impl.ElementFinder.getWebElement(ElementFinder.java:56)
	at com.codeborne.selenide.impl.WebElementSource.checkCondition(WebElementSource.java:44)
	... 34 more
]]>
            </full-stacktrace>
          </exception> <!-- com.codeborne.selenide.ex.ElementNotFound -->
          <reporter-output>
          </reporter-output>
        </test-method> <!-- verifyCreateIWGTask -->
        <test-method status="PASS" signature="clearCache()[pri:0, instance:ru.motiw.testsWeb.Tasks.CreateTaskTest@262b2c86]" name="clearCache" is-config="true" duration-ms="3" started-at="2017-01-14T20:10:44Z" finished-at="2017-01-14T20:10:44Z">
          <reporter-output>
          </reporter-output>
        </test-method> <!-- clearCache -->
        <test-method status="FAIL" signature="checkTheCreationOfATaskCheckpoints(ru.motiw.web.model.Administration.Users.Department, [Lru.motiw.web.model.Administration.Users.Employee;, [Lru.motiw.web.model.Administration.Users.Employee;, [Lru.motiw.web.model.Administration.Users.Employee;, [Lru.motiw.web.model.Administration.Users.Employee;, [Lru.motiw.web.model.Administration.Users.Employee;, [Lru.motiw.web.model.Administration.Users.Employee;, [Lru.motiw.web.model.Administration.Users.Employee;, ru.motiw.web.model.Tasks.Task)[pri:3, instance:ru.motiw.testsWeb.Tasks.CreateTaskTest@262b2c86]" name="checkTheCreationOfATaskCheckpoints" duration-ms="6226" started-at="2017-01-14T20:11:03Z" data-provider="objectDataTask" finished-at="2017-01-14T20:11:09Z">
          <params>
            <param index="0">
              <value>
                <![CDATA[ru.motiw.web.model.Administration.Users.Department@3dc55719]]>
              </value>
            </param>
            <param index="1">
              <value>
                <![CDATA[[Lru.motiw.web.model.Administration.Users.Employee;@5fe024a7]]>
              </value>
            </param>
            <param index="2">
              <value>
                <![CDATA[[Lru.motiw.web.model.Administration.Users.Employee;@7388486e]]>
              </value>
            </param>
            <param index="3">
              <value>
                <![CDATA[[Lru.motiw.web.model.Administration.Users.Employee;@7bdf8c92]]>
              </value>
            </param>
            <param index="4">
              <value>
                <![CDATA[[Lru.motiw.web.model.Administration.Users.Employee;@7c0b792e]]>
              </value>
            </param>
            <param index="5">
              <value>
                <![CDATA[[Lru.motiw.web.model.Administration.Users.Employee;@2210af14]]>
              </value>
            </param>
            <param index="6">
              <value>
                <![CDATA[[Lru.motiw.web.model.Administration.Users.Employee;@136a4800]]>
              </value>
            </param>
            <param index="7">
              <value>
                <![CDATA[[Lru.motiw.web.model.Administration.Users.Employee;@14d6ede3]]>
              </value>
            </param>
            <param index="8">
              <value>
                <![CDATA[ru.motiw.web.model.Tasks.Task@64665781]]>
              </value>
            </param>
          </params>
          <exception class="com.codeborne.selenide.ex.ElementNotFound">
            <message>
              <![CDATA[Element not found {#login}
Expected: visible]]>
            </message>
            <full-stacktrace>
              <![CDATA[Element not found {#login}
Expected: visible
Screenshot: file:/E:/disk/project-webdriver/motiw-GUI-WebDriver/build/reports/tests/1484413869324.16.png
Timeout: 6 s.
Caused by: NoSuchElementException: no such element: Unable to locate element: {"method":"css selector","selector":"#login"}
	at com.codeborne.selenide.impl.WebElementSource.createElementNotFoundError(WebElementSource.java:31)
	at com.codeborne.selenide.impl.ElementFinder.createElementNotFoundError(ElementFinder.java:82)
	at com.codeborne.selenide.impl.WebElementSource.checkCondition(WebElementSource.java:59)
	at com.codeborne.selenide.impl.WebElementSource.findAndAssertElementIsVisible(WebElementSource.java:72)
	at com.codeborne.selenide.commands.SetValue.execute(SetValue.java:20)
	at com.codeborne.selenide.commands.SetValue.execute(SetValue.java:13)
	at com.codeborne.selenide.commands.Commands.execute(Commands.java:140)
	at com.codeborne.selenide.impl.SelenideElementProxy.dispatchAndRetry(SelenideElementProxy.java:86)
	at com.codeborne.selenide.impl.SelenideElementProxy.invoke(SelenideElementProxy.java:62)
	at com.sun.proxy.$Proxy12.setValue(Unknown Source)
	at ru.motiw.web.steps.Login.LoginStepsSteps.setLoginField(LoginStepsSteps.java:28)
	at ru.motiw.web.steps.Login.LoginStepsSteps.loginAs(LoginStepsSteps.java:57)
	at ru.motiw.testsWeb.Tasks.CreateTaskTest.checkTheCreationOfATaskCheckpoints(CreateTaskTest.java:161)
	at sun.reflect.NativeMethodAccessorImpl.invoke0(Native Method)
	at sun.reflect.NativeMethodAccessorImpl.invoke(Unknown Source)
	at sun.reflect.DelegatingMethodAccessorImpl.invoke(Unknown Source)
	at java.lang.reflect.Method.invoke(Unknown Source)
	at org.testng.internal.MethodInvocationHelper.invokeMethod(MethodInvocationHelper.java:86)
	at org.testng.internal.Invoker.invokeMethod(Invoker.java:643)
	at org.testng.internal.Invoker.invokeTestMethod(Invoker.java:820)
	at org.testng.internal.Invoker.invokeTestMethods(Invoker.java:1128)
	at org.testng.internal.TestMethodWorker.invokeTestMethods(TestMethodWorker.java:129)
	at org.testng.internal.TestMethodWorker.run(TestMethodWorker.java:112)
	at org.testng.TestRunner.privateRun(TestRunner.java:782)
	at org.testng.TestRunner.run(TestRunner.java:632)
	at org.testng.SuiteRunner.runTest(SuiteRunner.java:366)
	at org.testng.SuiteRunner.runSequentially(SuiteRunner.java:361)
	at org.testng.SuiteRunner.privateRun(SuiteRunner.java:319)
	at org.testng.SuiteRunner.run(SuiteRunner.java:268)
	at org.testng.SuiteRunnerWorker.runSuite(SuiteRunnerWorker.java:52)
	at org.testng.SuiteRunnerWorker.run(SuiteRunnerWorker.java:86)
	at org.testng.TestNG.runSuitesSequentially(TestNG.java:1244)
	at org.testng.TestNG.runSuitesLocally(TestNG.java:1169)
	at org.testng.TestNG.run(TestNG.java:1064)
	at org.testng.remote.AbstractRemoteTestNG.run(AbstractRemoteTestNG.java:132)
	at org.testng.remote.RemoteTestNG.initAndRun(RemoteTestNG.java:236)
	at org.testng.remote.RemoteTestNG.main(RemoteTestNG.java:81)
Caused by: org.openqa.selenium.NoSuchElementException: no such element: Unable to locate element: {"method":"css selector","selector":"#login"}
  (Session info: chrome=55.0.2883.87)
  (Driver info: chromedriver=2.27.440174 (e97a722caafc2d3a8b807ee115bfb307f7d2cfd9),platform=Windows NT 10.0.10586 x86_64) (WARNING: The server did not provide any stacktrace information)
Command duration or timeout: 7 milliseconds
For documentation on this error, please visit: http://seleniumhq.org/exceptions/no_such_element.html
Build info: version: '3.0.1', revision: '1969d75', time: '2016-10-18 09:49:13 -0700'
System info: host: 'Skrobov', ip: '172.22.244.42', os.name: 'Windows 10', os.arch: 'amd64', os.version: '10.0', java.version: '1.8.0_111'
Driver info: org.openqa.selenium.chrome.ChromeDriver
Capabilities [{applicationCacheEnabled=false, rotatable=false, mobileEmulationEnabled=false, networkConnectionEnabled=false, chrome={chromedriverVersion=2.27.440174 (e97a722caafc2d3a8b807ee115bfb307f7d2cfd9), userDataDir=C:\Users\E3AD~1\AppData\Local\Temp\scoped_dir10816_20142}, takesHeapSnapshot=true, pageLoadStrategy=normal, databaseEnabled=false, handlesAlerts=true, hasTouchScreen=false, version=55.0.2883.87, platform=XP, browserConnectionEnabled=false, nativeEvents=true, acceptSslCerts=true, locationContextEnabled=true, webStorageEnabled=true, browserName=chrome, takesScreenshot=true, javascriptEnabled=true, cssSelectorsEnabled=true, unexpectedAlertBehaviour=}]
Session ID: cf56f32590e4abe5dd15dbe4679d51d7
*** Element info: {Using=css selector, value=#login}
	at sun.reflect.GeneratedConstructorAccessor23.newInstance(Unknown Source)
	at sun.reflect.DelegatingConstructorAccessorImpl.newInstance(Unknown Source)
	at java.lang.reflect.Constructor.newInstance(Unknown Source)
	at org.openqa.selenium.remote.ErrorHandler.createThrowable(ErrorHandler.java:216)
	at org.openqa.selenium.remote.ErrorHandler.throwIfResponseFailed(ErrorHandler.java:168)
	at org.openqa.selenium.remote.RemoteWebDriver.execute(RemoteWebDriver.java:635)
	at org.openqa.selenium.remote.RemoteWebDriver.findElement(RemoteWebDriver.java:368)
	at org.openqa.selenium.remote.RemoteWebDriver.findElementByCssSelector(RemoteWebDriver.java:465)
	at org.openqa.selenium.By$ByCssSelector.findElement(By.java:430)
	at org.openqa.selenium.remote.RemoteWebDriver.findElement(RemoteWebDriver.java:360)
	at com.codeborne.selenide.impl.WebElementSelector.findElement(WebElementSelector.java:28)
	at com.codeborne.selenide.impl.ElementFinder.getWebElement(ElementFinder.java:56)
	at com.codeborne.selenide.impl.WebElementSource.checkCondition(WebElementSource.java:44)
	... 34 more
]]>
            </full-stacktrace>
          </exception> <!-- com.codeborne.selenide.ex.ElementNotFound -->
          <reporter-output>
          </reporter-output>
        </test-method> <!-- checkTheCreationOfATaskCheckpoints -->
        <test-method status="PASS" signature="clearCache()[pri:0, instance:ru.motiw.testsWeb.Tasks.CreateTaskTest@262b2c86]" name="clearCache" is-config="true" duration-ms="3" started-at="2017-01-14T20:11:09Z" finished-at="2017-01-14T20:11:09Z">
          <reporter-output>
          </reporter-output>
        </test-method> <!-- clearCache -->
      </class> <!-- ru.motiw.testsWeb.Tasks.CreateTaskTest -->
      <class name="ru.motiw.testsPda.SearchPDATest">
        <test-method status="PASS" signature="setUpConfigurations()[pri:0, instance:ru.motiw.testsPda.SearchPDATest@1e7c7811]" name="setUpConfigurations" is-config="true" duration-ms="407" started-at="2017-01-14T20:10:18Z" finished-at="2017-01-14T20:10:18Z">
          <reporter-output>
          </reporter-output>
        </test-method> <!-- setUpConfigurations -->
        <test-method status="FAIL" signature="verifySearchContact()[pri:1, instance:ru.motiw.testsPda.SearchPDATest@1e7c7811]" name="verifySearchContact" duration-ms="6423" started-at="2017-01-14T20:10:18Z" finished-at="2017-01-14T20:10:25Z">
          <exception class="com.codeborne.selenide.ex.ElementNotFound">
            <message>
              <![CDATA[Element not found {#login}
Expected: visible]]>
            </message>
            <full-stacktrace>
              <![CDATA[Element not found {#login}
Expected: visible
Screenshot: file:/E:/disk/project-webdriver/motiw-GUI-WebDriver/build/reports/tests/1484413825143.9.png
Timeout: 6 s.
Caused by: NoSuchElementException: no such element: Unable to locate element: {"method":"css selector","selector":"#login"}
	at com.codeborne.selenide.impl.WebElementSource.createElementNotFoundError(WebElementSource.java:31)
	at com.codeborne.selenide.impl.ElementFinder.createElementNotFoundError(ElementFinder.java:82)
	at com.codeborne.selenide.impl.WebElementSource.checkCondition(WebElementSource.java:59)
	at com.codeborne.selenide.impl.WebElementSource.findAndAssertElementIsVisible(WebElementSource.java:72)
	at com.codeborne.selenide.commands.SetValue.execute(SetValue.java:20)
	at com.codeborne.selenide.commands.SetValue.execute(SetValue.java:13)
	at com.codeborne.selenide.commands.Commands.execute(Commands.java:140)
	at com.codeborne.selenide.impl.SelenideElementProxy.dispatchAndRetry(SelenideElementProxy.java:86)
	at com.codeborne.selenide.impl.SelenideElementProxy.invoke(SelenideElementProxy.java:62)
	at com.sun.proxy.$Proxy12.setValue(Unknown Source)
	at ru.motiw.web.elements.elementspda.LoginStepsPDA.setLoginField(LoginStepsPDA.java:57)
	at ru.motiw.web.elements.elementspda.LoginStepsPDA.loginAsAdmin(LoginStepsPDA.java:77)
	at ru.motiw.testsPda.SearchPDATest.verifySearchContact(SearchPDATest.java:24)
	at sun.reflect.NativeMethodAccessorImpl.invoke0(Native Method)
	at sun.reflect.NativeMethodAccessorImpl.invoke(Unknown Source)
	at sun.reflect.DelegatingMethodAccessorImpl.invoke(Unknown Source)
	at java.lang.reflect.Method.invoke(Unknown Source)
	at org.testng.internal.MethodInvocationHelper.invokeMethod(MethodInvocationHelper.java:86)
	at org.testng.internal.Invoker.invokeMethod(Invoker.java:643)
	at org.testng.internal.Invoker.invokeTestMethod(Invoker.java:820)
	at org.testng.internal.Invoker.invokeTestMethods(Invoker.java:1128)
	at org.testng.internal.TestMethodWorker.invokeTestMethods(TestMethodWorker.java:129)
	at org.testng.internal.TestMethodWorker.run(TestMethodWorker.java:112)
	at org.testng.TestRunner.privateRun(TestRunner.java:782)
	at org.testng.TestRunner.run(TestRunner.java:632)
	at org.testng.SuiteRunner.runTest(SuiteRunner.java:366)
	at org.testng.SuiteRunner.runSequentially(SuiteRunner.java:361)
	at org.testng.SuiteRunner.privateRun(SuiteRunner.java:319)
	at org.testng.SuiteRunner.run(SuiteRunner.java:268)
	at org.testng.SuiteRunnerWorker.runSuite(SuiteRunnerWorker.java:52)
	at org.testng.SuiteRunnerWorker.run(SuiteRunnerWorker.java:86)
	at org.testng.TestNG.runSuitesSequentially(TestNG.java:1244)
	at org.testng.TestNG.runSuitesLocally(TestNG.java:1169)
	at org.testng.TestNG.run(TestNG.java:1064)
	at org.testng.remote.AbstractRemoteTestNG.run(AbstractRemoteTestNG.java:132)
	at org.testng.remote.RemoteTestNG.initAndRun(RemoteTestNG.java:236)
	at org.testng.remote.RemoteTestNG.main(RemoteTestNG.java:81)
Caused by: org.openqa.selenium.NoSuchElementException: no such element: Unable to locate element: {"method":"css selector","selector":"#login"}
  (Session info: chrome=55.0.2883.87)
  (Driver info: chromedriver=2.27.440174 (e97a722caafc2d3a8b807ee115bfb307f7d2cfd9),platform=Windows NT 10.0.10586 x86_64) (WARNING: The server did not provide any stacktrace information)
Command duration or timeout: 11 milliseconds
For documentation on this error, please visit: http://seleniumhq.org/exceptions/no_such_element.html
Build info: version: '3.0.1', revision: '1969d75', time: '2016-10-18 09:49:13 -0700'
System info: host: 'Skrobov', ip: '172.22.244.42', os.name: 'Windows 10', os.arch: 'amd64', os.version: '10.0', java.version: '1.8.0_111'
Driver info: org.openqa.selenium.chrome.ChromeDriver
Capabilities [{applicationCacheEnabled=false, rotatable=false, mobileEmulationEnabled=false, networkConnectionEnabled=false, chrome={chromedriverVersion=2.27.440174 (e97a722caafc2d3a8b807ee115bfb307f7d2cfd9), userDataDir=C:\Users\E3AD~1\AppData\Local\Temp\scoped_dir10816_20142}, takesHeapSnapshot=true, pageLoadStrategy=normal, databaseEnabled=false, handlesAlerts=true, hasTouchScreen=false, version=55.0.2883.87, platform=XP, browserConnectionEnabled=false, nativeEvents=true, acceptSslCerts=true, locationContextEnabled=true, webStorageEnabled=true, browserName=chrome, takesScreenshot=true, javascriptEnabled=true, cssSelectorsEnabled=true, unexpectedAlertBehaviour=}]
Session ID: cf56f32590e4abe5dd15dbe4679d51d7
*** Element info: {Using=css selector, value=#login}
	at sun.reflect.GeneratedConstructorAccessor23.newInstance(Unknown Source)
	at sun.reflect.DelegatingConstructorAccessorImpl.newInstance(Unknown Source)
	at java.lang.reflect.Constructor.newInstance(Unknown Source)
	at org.openqa.selenium.remote.ErrorHandler.createThrowable(ErrorHandler.java:216)
	at org.openqa.selenium.remote.ErrorHandler.throwIfResponseFailed(ErrorHandler.java:168)
	at org.openqa.selenium.remote.RemoteWebDriver.execute(RemoteWebDriver.java:635)
	at org.openqa.selenium.remote.RemoteWebDriver.findElement(RemoteWebDriver.java:368)
	at org.openqa.selenium.remote.RemoteWebDriver.findElementByCssSelector(RemoteWebDriver.java:465)
	at org.openqa.selenium.By$ByCssSelector.findElement(By.java:430)
	at org.openqa.selenium.remote.RemoteWebDriver.findElement(RemoteWebDriver.java:360)
	at com.codeborne.selenide.impl.WebElementSelector.findElement(WebElementSelector.java:28)
	at com.codeborne.selenide.impl.ElementFinder.getWebElement(ElementFinder.java:56)
	at com.codeborne.selenide.impl.WebElementSource.checkCondition(WebElementSource.java:44)
	... 34 more
]]>
            </full-stacktrace>
          </exception> <!-- com.codeborne.selenide.ex.ElementNotFound -->
          <reporter-output>
          </reporter-output>
        </test-method> <!-- verifySearchContact -->
        <test-method status="PASS" signature="clearCache()[pri:0, instance:ru.motiw.testsPda.SearchPDATest@1e7c7811]" name="clearCache" is-config="true" duration-ms="3" started-at="2017-01-14T20:10:25Z" finished-at="2017-01-14T20:10:25Z">
          <reporter-output>
          </reporter-output>
        </test-method> <!-- clearCache -->
      </class> <!-- ru.motiw.testsPda.SearchPDATest -->
      <class name="ru.motiw.testsWeb.UserAuthenticationTest">
        <test-method status="PASS" signature="setUpConfigurations()[pri:0, instance:ru.motiw.testsWeb.UserAuthenticationTest@670b40af]" name="setUpConfigurations" is-config="true" duration-ms="3946" started-at="2017-01-14T20:01:51Z" finished-at="2017-01-14T20:01:55Z">
          <reporter-output>
          </reporter-output>
        </test-method> <!-- setUpConfigurations -->
        <test-method status="PASS" signature="beforeTest()[pri:0, instance:ru.motiw.testsWeb.UserAuthenticationTest@670b40af]" name="beforeTest" is-config="true" duration-ms="0" started-at="2017-01-14T20:01:55Z" finished-at="2017-01-14T20:01:55Z">
          <reporter-output>
          </reporter-output>
        </test-method> <!-- beforeTest -->
        <test-method status="PASS" signature="notSuccessfulAuthorization(java.lang.String, java.lang.String)[pri:1, instance:ru.motiw.testsWeb.UserAuthenticationTest@670b40af]" name="notSuccessfulAuthorization" duration-ms="4097" started-at="2017-01-14T20:01:55Z" data-provider="verifyFailAuthorizationWeb" finished-at="2017-01-14T20:01:59Z">
          <params>
            <param index="0">
              <value>
                <![CDATA[fail]]>
              </value>
            </param>
            <param index="1">
              <value>
                <![CDATA[admin]]>
              </value>
            </param>
          </params>
          <reporter-output>
          </reporter-output>
        </test-method> <!-- notSuccessfulAuthorization -->
        <test-method status="PASS" signature="clearCache()[pri:0, instance:ru.motiw.testsWeb.UserAuthenticationTest@670b40af]" name="clearCache" is-config="true" duration-ms="10" started-at="2017-01-14T20:01:59Z" finished-at="2017-01-14T20:01:59Z">
          <reporter-output>
          </reporter-output>
        </test-method> <!-- clearCache -->
        <test-method status="PASS" signature="notSuccessfulAuthorization(java.lang.String, java.lang.String)[pri:1, instance:ru.motiw.testsWeb.UserAuthenticationTest@670b40af]" name="notSuccessfulAuthorization" duration-ms="3973" started-at="2017-01-14T20:01:59Z" data-provider="verifyFailAuthorizationWeb" finished-at="2017-01-14T20:02:03Z">
          <params>
            <param index="0">
              <value>
                <![CDATA[admin]]>
              </value>
            </param>
            <param index="1">
              <value>
                <![CDATA[fail]]>
              </value>
            </param>
          </params>
          <reporter-output>
          </reporter-output>
        </test-method> <!-- notSuccessfulAuthorization -->
        <test-method status="PASS" signature="clearCache()[pri:0, instance:ru.motiw.testsWeb.UserAuthenticationTest@670b40af]" name="clearCache" is-config="true" duration-ms="7" started-at="2017-01-14T20:02:03Z" finished-at="2017-01-14T20:02:03Z">
          <reporter-output>
          </reporter-output>
        </test-method> <!-- clearCache -->
        <test-method status="PASS" signature="notSuccessfulAuthorization(java.lang.String, java.lang.String)[pri:1, instance:ru.motiw.testsWeb.UserAuthenticationTest@670b40af]" name="notSuccessfulAuthorization" duration-ms="3954" started-at="2017-01-14T20:02:03Z" data-provider="verifyFailAuthorizationWeb" finished-at="2017-01-14T20:02:07Z">
          <params>
            <param index="0">
              <value>
                <![CDATA[fail]]>
              </value>
            </param>
            <param index="1">
              <value>
                <![CDATA[fail]]>
              </value>
            </param>
          </params>
          <reporter-output>
          </reporter-output>
        </test-method> <!-- notSuccessfulAuthorization -->
        <test-method status="PASS" signature="clearCache()[pri:0, instance:ru.motiw.testsWeb.UserAuthenticationTest@670b40af]" name="clearCache" is-config="true" duration-ms="9" started-at="2017-01-14T20:02:07Z" finished-at="2017-01-14T20:02:07Z">
          <reporter-output>
          </reporter-output>
        </test-method> <!-- clearCache -->
        <test-method status="PASS" signature="notSuccessfulAuthorization(java.lang.String, java.lang.String)[pri:1, instance:ru.motiw.testsWeb.UserAuthenticationTest@670b40af]" name="notSuccessfulAuthorization" duration-ms="3891" started-at="2017-01-14T20:02:07Z" data-provider="verifyFailAuthorizationWeb" finished-at="2017-01-14T20:02:11Z">
          <params>
            <param index="0">
              <value>
                <![CDATA[admin]]>
              </value>
            </param>
            <param index="1">
              <value>
                <![CDATA[]]>
              </value>
            </param>
          </params>
          <reporter-output>
          </reporter-output>
        </test-method> <!-- notSuccessfulAuthorization -->
        <test-method status="PASS" signature="clearCache()[pri:0, instance:ru.motiw.testsWeb.UserAuthenticationTest@670b40af]" name="clearCache" is-config="true" duration-ms="10" started-at="2017-01-14T20:02:11Z" finished-at="2017-01-14T20:02:11Z">
          <reporter-output>
          </reporter-output>
        </test-method> <!-- clearCache -->
        <test-method status="PASS" signature="notSuccessfulAuthorization(java.lang.String, java.lang.String)[pri:1, instance:ru.motiw.testsWeb.UserAuthenticationTest@670b40af]" name="notSuccessfulAuthorization" duration-ms="323" started-at="2017-01-14T20:02:11Z" data-provider="verifyFailAuthorizationWeb" finished-at="2017-01-14T20:02:11Z">
          <params>
            <param index="0">
              <value>
                <![CDATA[]]>
              </value>
            </param>
            <param index="1">
              <value>
                <![CDATA[admin]]>
              </value>
            </param>
          </params>
          <reporter-output>
          </reporter-output>
        </test-method> <!-- notSuccessfulAuthorization -->
        <test-method status="PASS" signature="clearCache()[pri:0, instance:ru.motiw.testsWeb.UserAuthenticationTest@670b40af]" name="clearCache" is-config="true" duration-ms="7" started-at="2017-01-14T20:02:11Z" finished-at="2017-01-14T20:02:11Z">
          <reporter-output>
          </reporter-output>
        </test-method> <!-- clearCache -->
        <test-method status="PASS" signature="notSuccessfulAuthorization(java.lang.String, java.lang.String)[pri:1, instance:ru.motiw.testsWeb.UserAuthenticationTest@670b40af]" name="notSuccessfulAuthorization" duration-ms="282" started-at="2017-01-14T20:02:11Z" data-provider="verifyFailAuthorizationWeb" finished-at="2017-01-14T20:02:11Z">
          <params>
            <param index="0">
              <value>
                <![CDATA[]]>
              </value>
            </param>
            <param index="1">
              <value>
                <![CDATA[]]>
              </value>
            </param>
          </params>
          <reporter-output>
          </reporter-output>
        </test-method> <!-- notSuccessfulAuthorization -->
        <test-method status="PASS" signature="clearCache()[pri:0, instance:ru.motiw.testsWeb.UserAuthenticationTest@670b40af]" name="clearCache" is-config="true" duration-ms="8" started-at="2017-01-14T20:02:11Z" finished-at="2017-01-14T20:02:11Z">
          <reporter-output>
          </reporter-output>
        </test-method> <!-- clearCache -->
        <test-method status="FAIL" signature="successfulAuthorization()[pri:2, instance:ru.motiw.testsWeb.UserAuthenticationTest@670b40af]" name="successfulAuthorization" duration-ms="6165" started-at="2017-01-14T20:10:31Z" description="Проверяем валидную авторизацию в системе" finished-at="2017-01-14T20:10:37Z">
          <exception class="com.codeborne.selenide.ex.ElementNotFound">
            <message>
              <![CDATA[Element not found {#login}
Expected: visible]]>
            </message>
            <full-stacktrace>
              <![CDATA[Element not found {#login}
Expected: visible
Screenshot: file:/E:/disk/project-webdriver/motiw-GUI-WebDriver/build/reports/tests/1484413837779.11.png
Timeout: 6 s.
Caused by: NoSuchElementException: no such element: Unable to locate element: {"method":"css selector","selector":"#login"}
	at com.codeborne.selenide.impl.WebElementSource.createElementNotFoundError(WebElementSource.java:31)
	at com.codeborne.selenide.impl.ElementFinder.createElementNotFoundError(ElementFinder.java:82)
	at com.codeborne.selenide.impl.WebElementSource.checkCondition(WebElementSource.java:59)
	at com.codeborne.selenide.impl.WebElementSource.findAndAssertElementIsVisible(WebElementSource.java:72)
	at com.codeborne.selenide.commands.SetValue.execute(SetValue.java:20)
	at com.codeborne.selenide.commands.SetValue.execute(SetValue.java:13)
	at com.codeborne.selenide.commands.Commands.execute(Commands.java:140)
	at com.codeborne.selenide.impl.SelenideElementProxy.dispatchAndRetry(SelenideElementProxy.java:86)
	at com.codeborne.selenide.impl.SelenideElementProxy.invoke(SelenideElementProxy.java:62)
	at com.sun.proxy.$Proxy12.setValue(Unknown Source)
	at ru.motiw.web.steps.Login.LoginStepsSteps.setLoginField(LoginStepsSteps.java:28)
	at ru.motiw.web.steps.Login.LoginStepsSteps.loginAs(LoginStepsSteps.java:57)
	at ru.motiw.testsWeb.UserAuthenticationTest.successfulAuthorization(UserAuthenticationTest.java:36)
	at sun.reflect.NativeMethodAccessorImpl.invoke0(Native Method)
	at sun.reflect.NativeMethodAccessorImpl.invoke(Unknown Source)
	at sun.reflect.DelegatingMethodAccessorImpl.invoke(Unknown Source)
	at java.lang.reflect.Method.invoke(Unknown Source)
	at org.testng.internal.MethodInvocationHelper.invokeMethod(MethodInvocationHelper.java:86)
	at org.testng.internal.Invoker.invokeMethod(Invoker.java:643)
	at org.testng.internal.Invoker.invokeTestMethod(Invoker.java:820)
	at org.testng.internal.Invoker.invokeTestMethods(Invoker.java:1128)
	at org.testng.internal.TestMethodWorker.invokeTestMethods(TestMethodWorker.java:129)
	at org.testng.internal.TestMethodWorker.run(TestMethodWorker.java:112)
	at org.testng.TestRunner.privateRun(TestRunner.java:782)
	at org.testng.TestRunner.run(TestRunner.java:632)
	at org.testng.SuiteRunner.runTest(SuiteRunner.java:366)
	at org.testng.SuiteRunner.runSequentially(SuiteRunner.java:361)
	at org.testng.SuiteRunner.privateRun(SuiteRunner.java:319)
	at org.testng.SuiteRunner.run(SuiteRunner.java:268)
	at org.testng.SuiteRunnerWorker.runSuite(SuiteRunnerWorker.java:52)
	at org.testng.SuiteRunnerWorker.run(SuiteRunnerWorker.java:86)
	at org.testng.TestNG.runSuitesSequentially(TestNG.java:1244)
	at org.testng.TestNG.runSuitesLocally(TestNG.java:1169)
	at org.testng.TestNG.run(TestNG.java:1064)
	at org.testng.remote.AbstractRemoteTestNG.run(AbstractRemoteTestNG.java:132)
	at org.testng.remote.RemoteTestNG.initAndRun(RemoteTestNG.java:236)
	at org.testng.remote.RemoteTestNG.main(RemoteTestNG.java:81)
Caused by: org.openqa.selenium.NoSuchElementException: no such element: Unable to locate element: {"method":"css selector","selector":"#login"}
  (Session info: chrome=55.0.2883.87)
  (Driver info: chromedriver=2.27.440174 (e97a722caafc2d3a8b807ee115bfb307f7d2cfd9),platform=Windows NT 10.0.10586 x86_64) (WARNING: The server did not provide any stacktrace information)
Command duration or timeout: 13 milliseconds
For documentation on this error, please visit: http://seleniumhq.org/exceptions/no_such_element.html
Build info: version: '3.0.1', revision: '1969d75', time: '2016-10-18 09:49:13 -0700'
System info: host: 'Skrobov', ip: '172.22.244.42', os.name: 'Windows 10', os.arch: 'amd64', os.version: '10.0', java.version: '1.8.0_111'
Driver info: org.openqa.selenium.chrome.ChromeDriver
Capabilities [{applicationCacheEnabled=false, rotatable=false, mobileEmulationEnabled=false, networkConnectionEnabled=false, chrome={chromedriverVersion=2.27.440174 (e97a722caafc2d3a8b807ee115bfb307f7d2cfd9), userDataDir=C:\Users\E3AD~1\AppData\Local\Temp\scoped_dir10816_20142}, takesHeapSnapshot=true, pageLoadStrategy=normal, databaseEnabled=false, handlesAlerts=true, hasTouchScreen=false, version=55.0.2883.87, platform=XP, browserConnectionEnabled=false, nativeEvents=true, acceptSslCerts=true, locationContextEnabled=true, webStorageEnabled=true, browserName=chrome, takesScreenshot=true, javascriptEnabled=true, cssSelectorsEnabled=true, unexpectedAlertBehaviour=}]
Session ID: cf56f32590e4abe5dd15dbe4679d51d7
*** Element info: {Using=css selector, value=#login}
	at sun.reflect.GeneratedConstructorAccessor23.newInstance(Unknown Source)
	at sun.reflect.DelegatingConstructorAccessorImpl.newInstance(Unknown Source)
	at java.lang.reflect.Constructor.newInstance(Unknown Source)
	at org.openqa.selenium.remote.ErrorHandler.createThrowable(ErrorHandler.java:216)
	at org.openqa.selenium.remote.ErrorHandler.throwIfResponseFailed(ErrorHandler.java:168)
	at org.openqa.selenium.remote.RemoteWebDriver.execute(RemoteWebDriver.java:635)
	at org.openqa.selenium.remote.RemoteWebDriver.findElement(RemoteWebDriver.java:368)
	at org.openqa.selenium.remote.RemoteWebDriver.findElementByCssSelector(RemoteWebDriver.java:465)
	at org.openqa.selenium.By$ByCssSelector.findElement(By.java:430)
	at org.openqa.selenium.remote.RemoteWebDriver.findElement(RemoteWebDriver.java:360)
	at com.codeborne.selenide.impl.WebElementSelector.findElement(WebElementSelector.java:28)
	at com.codeborne.selenide.impl.ElementFinder.getWebElement(ElementFinder.java:56)
	at com.codeborne.selenide.impl.WebElementSource.checkCondition(WebElementSource.java:44)
	... 34 more
]]>
            </full-stacktrace>
          </exception> <!-- com.codeborne.selenide.ex.ElementNotFound -->
          <reporter-output>
          </reporter-output>
        </test-method> <!-- successfulAuthorization -->
        <test-method status="PASS" signature="clearCache()[pri:0, instance:ru.motiw.testsWeb.UserAuthenticationTest@670b40af]" name="clearCache" is-config="true" duration-ms="3" started-at="2017-01-14T20:10:38Z" finished-at="2017-01-14T20:10:38Z">
          <reporter-output>
          </reporter-output>
        </test-method> <!-- clearCache -->
      </class> <!-- ru.motiw.testsWeb.UserAuthenticationTest -->
      <class name="ru.motiw.testsWeb.DocflowAdministration.DocumentRegistrationCardsTest">
        <test-method status="PASS" signature="setUpConfigurations()[pri:0, instance:ru.motiw.testsWeb.DocflowAdministration.DocumentRegistrationCardsTest@5bfbf16f]" name="setUpConfigurations" is-config="true" duration-ms="115" started-at="2017-01-14T20:00:06Z" finished-at="2017-01-14T20:00:06Z">
          <reporter-output>
          </reporter-output>
        </test-method> <!-- setUpConfigurations -->
        <test-method status="PASS" signature="beforeTest()[pri:0, instance:ru.motiw.testsWeb.DocflowAdministration.DocumentRegistrationCardsTest@5bfbf16f]" name="beforeTest" is-config="true" duration-ms="3" started-at="2017-01-14T20:00:06Z" finished-at="2017-01-14T20:00:06Z">
          <reporter-output>
          </reporter-output>
        </test-method> <!-- beforeTest -->
        <test-method status="PASS" signature="verifyCreateRegCardDocumentAllFields([Lru.motiw.web.model.Administration.Users.Department;, [Lru.motiw.web.model.Administration.Users.Employee;, ru.motiw.web.model.Administration.Directories.Directories, ru.motiw.web.model.Administration.TasksTypes.TasksTypes, ru.motiw.web.model.DocflowAdministration.DictionaryEditor.DictionaryEditor, ru.motiw.web.model.DocflowAdministration.DocumentRegistrationCards.DocRegisterCards, ru.motiw.web.model.Document.Document)[pri:1, instance:ru.motiw.testsWeb.DocflowAdministration.DocumentRegistrationCardsTest@5bfbf16f]" name="verifyCreateRegCardDocumentAllFields" duration-ms="75941" started-at="2017-01-14T20:00:06Z" data-provider="objectDataRCD" finished-at="2017-01-14T20:01:22Z">
          <params>
            <param index="0">
              <value>
                <![CDATA[[Lru.motiw.web.model.Administration.Users.Department;@7fba492e]]>
              </value>
            </param>
            <param index="1">
              <value>
                <![CDATA[[Lru.motiw.web.model.Administration.Users.Employee;@6eeeb9da]]>
              </value>
            </param>
            <param index="2">
              <value>
                <![CDATA[ru.motiw.web.model.Administration.Directories.Directories@759fad4]]>
              </value>
            </param>
            <param index="3">
              <value>
                <![CDATA[ru.motiw.web.model.Administration.TasksTypes.TasksTypes@64712be]]>
              </value>
            </param>
            <param index="4">
              <value>
                <![CDATA[ru.motiw.web.model.DocflowAdministration.DictionaryEditor.DictionaryEditor@53499d85]]>
              </value>
            </param>
            <param index="5">
              <value>
                <![CDATA[ru.motiw.web.model.DocflowAdministration.DocumentRegistrationCards.DocRegisterCards@30ed9c6c]]>
              </value>
            </param>
            <param index="6">
              <value>
                <![CDATA[ru.motiw.web.model.Document.Document@782a4fff]]>
              </value>
            </param>
          </params>
          <reporter-output>
          </reporter-output>
        </test-method> <!-- verifyCreateRegCardDocumentAllFields -->
        <test-method status="PASS" signature="clearCache()[pri:0, instance:ru.motiw.testsWeb.DocflowAdministration.DocumentRegistrationCardsTest@5bfbf16f]" name="clearCache" is-config="true" duration-ms="11" started-at="2017-01-14T20:01:22Z" finished-at="2017-01-14T20:01:22Z">
          <reporter-output>
          </reporter-output>
        </test-method> <!-- clearCache -->
      </class> <!-- ru.motiw.testsWeb.DocflowAdministration.DocumentRegistrationCardsTest -->
      <class name="ru.motiw.testsWeb.ValidationObjectsDataBase.DataBaseValidationUsersTest">
        <test-method status="PASS" signature="setUpConfigurations()[pri:0, instance:ru.motiw.testsWeb.ValidationObjectsDataBase.DataBaseValidationUsersTest@59906517]" name="setUpConfigurations" is-config="true" duration-ms="107" started-at="2017-01-14T19:59:55Z" finished-at="2017-01-14T19:59:56Z">
          <reporter-output>
          </reporter-output>
        </test-method> <!-- setUpConfigurations -->
        <test-method status="PASS" signature="beforeTest()[pri:0, instance:ru.motiw.testsWeb.ValidationObjectsDataBase.DataBaseValidationUsersTest@59906517]" name="beforeTest" is-config="true" duration-ms="5" started-at="2017-01-14T19:59:56Z" finished-at="2017-01-14T19:59:56Z">
          <reporter-output>
          </reporter-output>
        </test-method> <!-- beforeTest -->
        <test-method status="FAIL" signature="checkValidationOfUsersInTheDatabase()[pri:1, instance:ru.motiw.testsWeb.ValidationObjectsDataBase.DataBaseValidationUsersTest@59906517]" name="checkValidationOfUsersInTheDatabase" duration-ms="10032" started-at="2017-01-14T19:59:56Z" finished-at="2017-01-14T20:00:06Z">
          <exception class="java.lang.AssertionError">
            <message>
              <![CDATA[Failed Test! Connection Failed!]]>
            </message>
            <full-stacktrace>
              <![CDATA[java.lang.AssertionError: Failed Test! Connection Failed!
	at org.testng.Assert.fail(Assert.java:94)
	at ru.motiw.data.BaseTest.connectionDB(BaseTest.java:119)
	at ru.motiw.testsWeb.ValidationObjectsDataBase.DataBaseValidationUsersTest.checkValidationOfUsersInTheDatabase(DataBaseValidationUsersTest.java:51)
	at sun.reflect.NativeMethodAccessorImpl.invoke0(Native Method)
	at sun.reflect.NativeMethodAccessorImpl.invoke(Unknown Source)
	at sun.reflect.DelegatingMethodAccessorImpl.invoke(Unknown Source)
	at java.lang.reflect.Method.invoke(Unknown Source)
	at org.testng.internal.MethodInvocationHelper.invokeMethod(MethodInvocationHelper.java:86)
	at org.testng.internal.Invoker.invokeMethod(Invoker.java:643)
	at org.testng.internal.Invoker.invokeTestMethod(Invoker.java:820)
	at org.testng.internal.Invoker.invokeTestMethods(Invoker.java:1128)
	at org.testng.internal.TestMethodWorker.invokeTestMethods(TestMethodWorker.java:129)
	at org.testng.internal.TestMethodWorker.run(TestMethodWorker.java:112)
	at org.testng.TestRunner.privateRun(TestRunner.java:782)
	at org.testng.TestRunner.run(TestRunner.java:632)
	at org.testng.SuiteRunner.runTest(SuiteRunner.java:366)
	at org.testng.SuiteRunner.runSequentially(SuiteRunner.java:361)
	at org.testng.SuiteRunner.privateRun(SuiteRunner.java:319)
	at org.testng.SuiteRunner.run(SuiteRunner.java:268)
	at org.testng.SuiteRunnerWorker.runSuite(SuiteRunnerWorker.java:52)
	at org.testng.SuiteRunnerWorker.run(SuiteRunnerWorker.java:86)
	at org.testng.TestNG.runSuitesSequentially(TestNG.java:1244)
	at org.testng.TestNG.runSuitesLocally(TestNG.java:1169)
	at org.testng.TestNG.run(TestNG.java:1064)
	at org.testng.remote.AbstractRemoteTestNG.run(AbstractRemoteTestNG.java:132)
	at org.testng.remote.RemoteTestNG.initAndRun(RemoteTestNG.java:236)
	at org.testng.remote.RemoteTestNG.main(RemoteTestNG.java:81)
]]>
            </full-stacktrace>
          </exception> <!-- java.lang.AssertionError -->
          <reporter-output>
          </reporter-output>
        </test-method> <!-- checkValidationOfUsersInTheDatabase -->
        <test-method status="PASS" signature="clearCache()[pri:0, instance:ru.motiw.testsWeb.ValidationObjectsDataBase.DataBaseValidationUsersTest@59906517]" name="clearCache" is-config="true" duration-ms="9" started-at="2017-01-14T20:00:06Z" finished-at="2017-01-14T20:00:06Z">
          <reporter-output>
          </reporter-output>
        </test-method> <!-- clearCache -->
      </class> <!-- ru.motiw.testsWeb.ValidationObjectsDataBase.DataBaseValidationUsersTest -->
      <class name="ru.motiw.testsWeb.EventTemplatesTest">
        <test-method status="PASS" signature="setUpConfigurations()[pri:0, instance:ru.motiw.testsWeb.EventTemplatesTest@7b69c6ba]" name="setUpConfigurations" is-config="true" duration-ms="197" started-at="2017-01-14T20:02:49Z" finished-at="2017-01-14T20:02:50Z">
          <reporter-output>
          </reporter-output>
        </test-method> <!-- setUpConfigurations -->
        <test-method status="PASS" signature="beforeTest()[pri:0, instance:ru.motiw.testsWeb.EventTemplatesTest@7b69c6ba]" name="beforeTest" is-config="true" duration-ms="6" started-at="2017-01-14T20:02:50Z" finished-at="2017-01-14T20:02:50Z">
          <reporter-output>
          </reporter-output>
        </test-method> <!-- beforeTest -->
        <test-method status="FAIL" signature="createEventTemplates(java.util.ArrayList, java.util.ArrayList, ru.motiw.web.model.Tasks.Event)[pri:1, instance:ru.motiw.testsWeb.EventTemplatesTest@7b69c6ba]" name="createEventTemplates" duration-ms="53618" started-at="2017-01-14T20:02:50Z" data-provider="objectDataEventTemplates" finished-at="2017-01-14T20:03:43Z">
          <params>
            <param index="0">
              <value>
                <![CDATA[[ru.motiw.web.model.Administration.Users.Department@5ff2b8ca]]]>
              </value>
            </param>
            <param index="1">
              <value>
                <![CDATA[[{lastName='пользователь0 кnXЭ4', name=FээиЯqД5оE, patronymic=MBHиЕKСhОф, department=ru.motiw.web.model.Administration.Users.Department@5ff2b8ca}, {lastName='пользователь1 Лh7In', name=вВЗУяМЬoрК, patronymic=ЁyQ6dQАл7r, department=null}]]]>
              </value>
            </param>
            <param index="2">
              <value>
                <![CDATA[ru.motiw.web.model.Tasks.Event@618ad2aa]]>
              </value>
            </param>
          </params>
          <exception class="com.codeborne.selenide.ex.ElementNotFound">
            <message>
              <![CDATA[Element not found {By.xpath: //li[contains(@id, 'tab_events')]//span[contains (@class, 'strip')]}
Expected: visible]]>
            </message>
            <full-stacktrace>
              <![CDATA[Element not found {By.xpath: //li[contains(@id, 'tab_events')]//span[contains (@class, 'strip')]}
Expected: visible
Screenshot: file:/E:/disk/project-webdriver/motiw-GUI-WebDriver/build/reports/tests/1484413423476.2.png
Timeout: 6 s.
Caused by: NoSuchElementException: no such element: Unable to locate element: {"method":"xpath","selector":"//li[contains(@id, 'tab_events')]//span[contains (@class, 'strip')]"}
	at com.codeborne.selenide.impl.WebElementSource.createElementNotFoundError(WebElementSource.java:31)
	at com.codeborne.selenide.impl.ElementFinder.createElementNotFoundError(ElementFinder.java:82)
	at com.codeborne.selenide.impl.WebElementSource.checkCondition(WebElementSource.java:59)
	at com.codeborne.selenide.impl.WebElementSource.findAndAssertElementIsVisible(WebElementSource.java:72)
	at com.codeborne.selenide.commands.Click.execute(Click.java:14)
	at com.codeborne.selenide.commands.Click.execute(Click.java:11)
	at com.codeborne.selenide.commands.Commands.execute(Commands.java:140)
	at com.codeborne.selenide.impl.SelenideElementProxy.dispatchAndRetry(SelenideElementProxy.java:86)
	at com.codeborne.selenide.impl.SelenideElementProxy.invoke(SelenideElementProxy.java:62)
	at com.sun.proxy.$Proxy12.click(Unknown Source)
	at ru.motiw.web.steps.Tasks.TaskForm.InsetEventsTaskFormSteps.beforeAddEvents(InsetEventsTaskFormSteps.java:35)
	at ru.motiw.testsWeb.EventTemplatesTest.createEventTemplates(EventTemplatesTest.java:65)
	at sun.reflect.NativeMethodAccessorImpl.invoke0(Native Method)
	at sun.reflect.NativeMethodAccessorImpl.invoke(Unknown Source)
	at sun.reflect.DelegatingMethodAccessorImpl.invoke(Unknown Source)
	at java.lang.reflect.Method.invoke(Unknown Source)
	at org.testng.internal.MethodInvocationHelper.invokeMethod(MethodInvocationHelper.java:86)
	at org.testng.internal.Invoker.invokeMethod(Invoker.java:643)
	at org.testng.internal.Invoker.invokeTestMethod(Invoker.java:820)
	at org.testng.internal.Invoker.invokeTestMethods(Invoker.java:1128)
	at org.testng.internal.TestMethodWorker.invokeTestMethods(TestMethodWorker.java:129)
	at org.testng.internal.TestMethodWorker.run(TestMethodWorker.java:112)
	at org.testng.TestRunner.privateRun(TestRunner.java:782)
	at org.testng.TestRunner.run(TestRunner.java:632)
	at org.testng.SuiteRunner.runTest(SuiteRunner.java:366)
	at org.testng.SuiteRunner.runSequentially(SuiteRunner.java:361)
	at org.testng.SuiteRunner.privateRun(SuiteRunner.java:319)
	at org.testng.SuiteRunner.run(SuiteRunner.java:268)
	at org.testng.SuiteRunnerWorker.runSuite(SuiteRunnerWorker.java:52)
	at org.testng.SuiteRunnerWorker.run(SuiteRunnerWorker.java:86)
	at org.testng.TestNG.runSuitesSequentially(TestNG.java:1244)
	at org.testng.TestNG.runSuitesLocally(TestNG.java:1169)
	at org.testng.TestNG.run(TestNG.java:1064)
	at org.testng.remote.AbstractRemoteTestNG.run(AbstractRemoteTestNG.java:132)
	at org.testng.remote.RemoteTestNG.initAndRun(RemoteTestNG.java:236)
	at org.testng.remote.RemoteTestNG.main(RemoteTestNG.java:81)
Caused by: org.openqa.selenium.NoSuchElementException: no such element: Unable to locate element: {"method":"xpath","selector":"//li[contains(@id, 'tab_events')]//span[contains (@class, 'strip')]"}
  (Session info: chrome=55.0.2883.87)
  (Driver info: chromedriver=2.27.440174 (e97a722caafc2d3a8b807ee115bfb307f7d2cfd9),platform=Windows NT 10.0.10586 x86_64) (WARNING: The server did not provide any stacktrace information)
Command duration or timeout: 6 milliseconds
For documentation on this error, please visit: http://seleniumhq.org/exceptions/no_such_element.html
Build info: version: '3.0.1', revision: '1969d75', time: '2016-10-18 09:49:13 -0700'
System info: host: 'Skrobov', ip: '172.22.244.42', os.name: 'Windows 10', os.arch: 'amd64', os.version: '10.0', java.version: '1.8.0_111'
Driver info: org.openqa.selenium.chrome.ChromeDriver
Capabilities [{applicationCacheEnabled=false, rotatable=false, mobileEmulationEnabled=false, networkConnectionEnabled=false, chrome={chromedriverVersion=2.27.440174 (e97a722caafc2d3a8b807ee115bfb307f7d2cfd9), userDataDir=C:\Users\E3AD~1\AppData\Local\Temp\scoped_dir10816_20142}, takesHeapSnapshot=true, pageLoadStrategy=normal, databaseEnabled=false, handlesAlerts=true, hasTouchScreen=false, version=55.0.2883.87, platform=XP, browserConnectionEnabled=false, nativeEvents=true, acceptSslCerts=true, locationContextEnabled=true, webStorageEnabled=true, browserName=chrome, takesScreenshot=true, javascriptEnabled=true, cssSelectorsEnabled=true, unexpectedAlertBehaviour=}]
Session ID: cf56f32590e4abe5dd15dbe4679d51d7
*** Element info: {Using=xpath, value=//li[contains(@id, 'tab_events')]//span[contains (@class, 'strip')]}
	at sun.reflect.GeneratedConstructorAccessor23.newInstance(Unknown Source)
	at sun.reflect.DelegatingConstructorAccessorImpl.newInstance(Unknown Source)
	at java.lang.reflect.Constructor.newInstance(Unknown Source)
	at org.openqa.selenium.remote.ErrorHandler.createThrowable(ErrorHandler.java:216)
	at org.openqa.selenium.remote.ErrorHandler.throwIfResponseFailed(ErrorHandler.java:168)
	at org.openqa.selenium.remote.RemoteWebDriver.execute(RemoteWebDriver.java:635)
	at org.openqa.selenium.remote.RemoteWebDriver.findElement(RemoteWebDriver.java:368)
	at org.openqa.selenium.remote.RemoteWebDriver.findElementByXPath(RemoteWebDriver.java:473)
	at org.openqa.selenium.By$ByXPath.findElement(By.java:361)
	at org.openqa.selenium.remote.RemoteWebDriver.findElement(RemoteWebDriver.java:360)
	at com.codeborne.selenide.impl.WebElementSelector.findElement(WebElementSelector.java:28)
	at com.codeborne.selenide.impl.ElementFinder.getWebElement(ElementFinder.java:56)
	at com.codeborne.selenide.impl.WebElementSource.checkCondition(WebElementSource.java:44)
	... 33 more
]]>
            </full-stacktrace>
          </exception> <!-- com.codeborne.selenide.ex.ElementNotFound -->
          <reporter-output>
          </reporter-output>
        </test-method> <!-- createEventTemplates -->
        <test-method status="PASS" signature="clearCache()[pri:0, instance:ru.motiw.testsWeb.EventTemplatesTest@7b69c6ba]" name="clearCache" is-config="true" duration-ms="7" started-at="2017-01-14T20:03:43Z" finished-at="2017-01-14T20:03:43Z">
          <reporter-output>
          </reporter-output>
        </test-method> <!-- clearCache -->
      </class> <!-- ru.motiw.testsWeb.EventTemplatesTest -->
      <class name="ru.motiw.testsWeb.Administration.SystemInformationTest">
        <test-method status="PASS" signature="setUpConfigurations()[pri:0, instance:ru.motiw.testsWeb.Administration.SystemInformationTest@cb51256]" name="setUpConfigurations" is-config="true" duration-ms="4469" started-at="2017-01-14T19:59:41Z" finished-at="2017-01-14T19:59:45Z">
          <reporter-output>
          </reporter-output>
        </test-method> <!-- setUpConfigurations -->
        <test-method status="PASS" signature="beforeTest()[pri:0, instance:ru.motiw.testsWeb.Administration.SystemInformationTest@cb51256]" name="beforeTest" is-config="true" duration-ms="28" started-at="2017-01-14T19:59:45Z" finished-at="2017-01-14T19:59:45Z">
          <reporter-output>
          </reporter-output>
        </test-method> <!-- beforeTest -->
        <test-method status="PASS" signature="verifyNotRedSystemInfo()[pri:1, instance:ru.motiw.testsWeb.Administration.SystemInformationTest@cb51256]" name="verifyNotRedSystemInfo" duration-ms="10182" started-at="2017-01-14T19:59:45Z" finished-at="2017-01-14T19:59:55Z">
          <reporter-output>
          </reporter-output>
        </test-method> <!-- verifyNotRedSystemInfo -->
        <test-method status="PASS" signature="clearCache()[pri:0, instance:ru.motiw.testsWeb.Administration.SystemInformationTest@cb51256]" name="clearCache" is-config="true" duration-ms="11" started-at="2017-01-14T19:59:55Z" finished-at="2017-01-14T19:59:55Z">
          <reporter-output>
          </reporter-output>
        </test-method> <!-- clearCache -->
        <test-method status="FAIL" signature="verifyNotIndexingErrors()[pri:2, instance:ru.motiw.testsWeb.Administration.SystemInformationTest@cb51256]" name="verifyNotIndexingErrors" duration-ms="6199" started-at="2017-01-14T20:10:25Z" finished-at="2017-01-14T20:10:31Z">
          <exception class="com.codeborne.selenide.ex.ElementNotFound">
            <message>
              <![CDATA[Element not found {#login}
Expected: visible]]>
            </message>
            <full-stacktrace>
              <![CDATA[Element not found {#login}
Expected: visible
Screenshot: file:/E:/disk/project-webdriver/motiw-GUI-WebDriver/build/reports/tests/1484413831463.10.png
Timeout: 6 s.
Caused by: NoSuchElementException: no such element: Unable to locate element: {"method":"css selector","selector":"#login"}
	at com.codeborne.selenide.impl.WebElementSource.createElementNotFoundError(WebElementSource.java:31)
	at com.codeborne.selenide.impl.ElementFinder.createElementNotFoundError(ElementFinder.java:82)
	at com.codeborne.selenide.impl.WebElementSource.checkCondition(WebElementSource.java:59)
	at com.codeborne.selenide.impl.WebElementSource.findAndAssertElementIsVisible(WebElementSource.java:72)
	at com.codeborne.selenide.commands.SetValue.execute(SetValue.java:20)
	at com.codeborne.selenide.commands.SetValue.execute(SetValue.java:13)
	at com.codeborne.selenide.commands.Commands.execute(Commands.java:140)
	at com.codeborne.selenide.impl.SelenideElementProxy.dispatchAndRetry(SelenideElementProxy.java:86)
	at com.codeborne.selenide.impl.SelenideElementProxy.invoke(SelenideElementProxy.java:62)
	at com.sun.proxy.$Proxy12.setValue(Unknown Source)
	at ru.motiw.web.steps.Login.LoginStepsSteps.setLoginField(LoginStepsSteps.java:28)
	at ru.motiw.web.steps.Login.LoginStepsSteps.loginAs(LoginStepsSteps.java:57)
	at ru.motiw.testsWeb.Administration.SystemInformationTest.verifyNotIndexingErrors(SystemInformationTest.java:61)
	at sun.reflect.NativeMethodAccessorImpl.invoke0(Native Method)
	at sun.reflect.NativeMethodAccessorImpl.invoke(Unknown Source)
	at sun.reflect.DelegatingMethodAccessorImpl.invoke(Unknown Source)
	at java.lang.reflect.Method.invoke(Unknown Source)
	at org.testng.internal.MethodInvocationHelper.invokeMethod(MethodInvocationHelper.java:86)
	at org.testng.internal.Invoker.invokeMethod(Invoker.java:643)
	at org.testng.internal.Invoker.invokeTestMethod(Invoker.java:820)
	at org.testng.internal.Invoker.invokeTestMethods(Invoker.java:1128)
	at org.testng.internal.TestMethodWorker.invokeTestMethods(TestMethodWorker.java:129)
	at org.testng.internal.TestMethodWorker.run(TestMethodWorker.java:112)
	at org.testng.TestRunner.privateRun(TestRunner.java:782)
	at org.testng.TestRunner.run(TestRunner.java:632)
	at org.testng.SuiteRunner.runTest(SuiteRunner.java:366)
	at org.testng.SuiteRunner.runSequentially(SuiteRunner.java:361)
	at org.testng.SuiteRunner.privateRun(SuiteRunner.java:319)
	at org.testng.SuiteRunner.run(SuiteRunner.java:268)
	at org.testng.SuiteRunnerWorker.runSuite(SuiteRunnerWorker.java:52)
	at org.testng.SuiteRunnerWorker.run(SuiteRunnerWorker.java:86)
	at org.testng.TestNG.runSuitesSequentially(TestNG.java:1244)
	at org.testng.TestNG.runSuitesLocally(TestNG.java:1169)
	at org.testng.TestNG.run(TestNG.java:1064)
	at org.testng.remote.AbstractRemoteTestNG.run(AbstractRemoteTestNG.java:132)
	at org.testng.remote.RemoteTestNG.initAndRun(RemoteTestNG.java:236)
	at org.testng.remote.RemoteTestNG.main(RemoteTestNG.java:81)
Caused by: org.openqa.selenium.NoSuchElementException: no such element: Unable to locate element: {"method":"css selector","selector":"#login"}
  (Session info: chrome=55.0.2883.87)
  (Driver info: chromedriver=2.27.440174 (e97a722caafc2d3a8b807ee115bfb307f7d2cfd9),platform=Windows NT 10.0.10586 x86_64) (WARNING: The server did not provide any stacktrace information)
Command duration or timeout: 7 milliseconds
For documentation on this error, please visit: http://seleniumhq.org/exceptions/no_such_element.html
Build info: version: '3.0.1', revision: '1969d75', time: '2016-10-18 09:49:13 -0700'
System info: host: 'Skrobov', ip: '172.22.244.42', os.name: 'Windows 10', os.arch: 'amd64', os.version: '10.0', java.version: '1.8.0_111'
Driver info: org.openqa.selenium.chrome.ChromeDriver
Capabilities [{applicationCacheEnabled=false, rotatable=false, mobileEmulationEnabled=false, networkConnectionEnabled=false, chrome={chromedriverVersion=2.27.440174 (e97a722caafc2d3a8b807ee115bfb307f7d2cfd9), userDataDir=C:\Users\E3AD~1\AppData\Local\Temp\scoped_dir10816_20142}, takesHeapSnapshot=true, pageLoadStrategy=normal, databaseEnabled=false, handlesAlerts=true, hasTouchScreen=false, version=55.0.2883.87, platform=XP, browserConnectionEnabled=false, nativeEvents=true, acceptSslCerts=true, locationContextEnabled=true, webStorageEnabled=true, browserName=chrome, takesScreenshot=true, javascriptEnabled=true, cssSelectorsEnabled=true, unexpectedAlertBehaviour=}]
Session ID: cf56f32590e4abe5dd15dbe4679d51d7
*** Element info: {Using=css selector, value=#login}
	at sun.reflect.GeneratedConstructorAccessor23.newInstance(Unknown Source)
	at sun.reflect.DelegatingConstructorAccessorImpl.newInstance(Unknown Source)
	at java.lang.reflect.Constructor.newInstance(Unknown Source)
	at org.openqa.selenium.remote.ErrorHandler.createThrowable(ErrorHandler.java:216)
	at org.openqa.selenium.remote.ErrorHandler.throwIfResponseFailed(ErrorHandler.java:168)
	at org.openqa.selenium.remote.RemoteWebDriver.execute(RemoteWebDriver.java:635)
	at org.openqa.selenium.remote.RemoteWebDriver.findElement(RemoteWebDriver.java:368)
	at org.openqa.selenium.remote.RemoteWebDriver.findElementByCssSelector(RemoteWebDriver.java:465)
	at org.openqa.selenium.By$ByCssSelector.findElement(By.java:430)
	at org.openqa.selenium.remote.RemoteWebDriver.findElement(RemoteWebDriver.java:360)
	at com.codeborne.selenide.impl.WebElementSelector.findElement(WebElementSelector.java:28)
	at com.codeborne.selenide.impl.ElementFinder.getWebElement(ElementFinder.java:56)
	at com.codeborne.selenide.impl.WebElementSource.checkCondition(WebElementSource.java:44)
	... 34 more
]]>
            </full-stacktrace>
          </exception> <!-- com.codeborne.selenide.ex.ElementNotFound -->
          <reporter-output>
          </reporter-output>
        </test-method> <!-- verifyNotIndexingErrors -->
        <test-method status="PASS" signature="clearCache()[pri:0, instance:ru.motiw.testsWeb.Administration.SystemInformationTest@cb51256]" name="clearCache" is-config="true" duration-ms="4" started-at="2017-01-14T20:10:31Z" finished-at="2017-01-14T20:10:31Z">
          <reporter-output>
          </reporter-output>
        </test-method> <!-- clearCache -->
      </class> <!-- ru.motiw.testsWeb.Administration.SystemInformationTest -->
      <class name="ru.motiw.testsWeb.Administration.UsersTest">
        <test-method status="PASS" signature="setUpConfigurations()[pri:0, instance:ru.motiw.testsWeb.Administration.UsersTest@5f3a4b84]" name="setUpConfigurations" is-config="true" duration-ms="855" started-at="2017-01-14T20:13:42Z" finished-at="2017-01-14T20:13:43Z">
          <reporter-output>
          </reporter-output>
        </test-method> <!-- setUpConfigurations -->
        <test-method status="PASS" signature="beforeTest()[pri:0, instance:ru.motiw.testsWeb.Administration.UsersTest@5f3a4b84]" name="beforeTest" is-config="true" duration-ms="2" started-at="2017-01-14T20:13:43Z" finished-at="2017-01-14T20:13:43Z">
          <reporter-output>
          </reporter-output>
        </test-method> <!-- beforeTest -->
        <test-method status="PASS" signature="verifyCreatingAndRemovalDepartments()[pri:1, instance:ru.motiw.testsWeb.Administration.UsersTest@5f3a4b84]" name="verifyCreatingAndRemovalDepartments" duration-ms="67125" started-at="2017-01-14T20:13:43Z" finished-at="2017-01-14T20:14:50Z">
          <reporter-output>
          </reporter-output>
        </test-method> <!-- verifyCreatingAndRemovalDepartments -->
        <test-method status="PASS" signature="clearCache()[pri:0, instance:ru.motiw.testsWeb.Administration.UsersTest@5f3a4b84]" name="clearCache" is-config="true" duration-ms="9" started-at="2017-01-14T20:14:50Z" finished-at="2017-01-14T20:14:50Z">
          <reporter-output>
          </reporter-output>
        </test-method> <!-- clearCache -->
        <test-method status="PASS" signature="verifyCreatingUsers()[pri:2, instance:ru.motiw.testsWeb.Administration.UsersTest@5f3a4b84]" name="verifyCreatingUsers" duration-ms="400947" started-at="2017-01-14T20:14:50Z" finished-at="2017-01-14T20:21:31Z">
          <reporter-output>
          </reporter-output>
        </test-method> <!-- verifyCreatingUsers -->
        <test-method status="PASS" signature="clearCache()[pri:0, instance:ru.motiw.testsWeb.Administration.UsersTest@5f3a4b84]" name="clearCache" is-config="true" duration-ms="9" started-at="2017-01-14T20:21:31Z" finished-at="2017-01-14T20:21:31Z">
          <reporter-output>
          </reporter-output>
        </test-method> <!-- clearCache -->
        <test-method status="PASS" signature="verifyRemovalUsers()[pri:0, instance:ru.motiw.testsWeb.Administration.UsersTest@5f3a4b84]" name="verifyRemovalUsers" duration-ms="30818" started-at="2017-01-14T20:21:31Z" depends-on-methods="ru.motiw.testsWeb.Administration.UsersTest.verifyCreatingUsers" finished-at="2017-01-14T20:22:02Z">
          <reporter-output>
          </reporter-output>
        </test-method> <!-- verifyRemovalUsers -->
        <test-method status="PASS" signature="clearCache()[pri:0, instance:ru.motiw.testsWeb.Administration.UsersTest@5f3a4b84]" name="clearCache" is-config="true" duration-ms="8" started-at="2017-01-14T20:22:02Z" finished-at="2017-01-14T20:22:02Z">
          <reporter-output>
          </reporter-output>
        </test-method> <!-- clearCache -->
      </class> <!-- ru.motiw.testsWeb.Administration.UsersTest -->
      <class name="ru.motiw.testsWeb.Document.CreateDocumentTest">
        <test-method status="PASS" signature="setUpConfigurations()[pri:0, instance:ru.motiw.testsWeb.Document.CreateDocumentTest@5bcea91b]" name="setUpConfigurations" is-config="true" duration-ms="299" started-at="2017-01-14T20:11:34Z" finished-at="2017-01-14T20:11:34Z">
          <reporter-output>
          </reporter-output>
        </test-method> <!-- setUpConfigurations -->
        <test-method status="PASS" signature="beforeTest()[pri:0, instance:ru.motiw.testsWeb.Document.CreateDocumentTest@5bcea91b]" name="beforeTest" is-config="true" duration-ms="0" started-at="2017-01-14T20:11:34Z" finished-at="2017-01-14T20:11:34Z">
          <reporter-output>
          </reporter-output>
        </test-method> <!-- beforeTest -->
        <test-method status="FAIL" signature="verificationDocumentCreation([Lru.motiw.web.model.Administration.Users.Department;, [Lru.motiw.web.model.Administration.Users.Employee;, ru.motiw.web.model.Administration.Directories.Directories, ru.motiw.web.model.Administration.TasksTypes.TasksTypes, ru.motiw.web.model.DocflowAdministration.DictionaryEditor.DictionaryEditor, ru.motiw.web.model.DocflowAdministration.DocumentRegistrationCards.DocRegisterCards, ru.motiw.web.model.Document.Document)[pri:1, instance:ru.motiw.testsWeb.Document.CreateDocumentTest@5bcea91b]" name="verificationDocumentCreation" duration-ms="78648" started-at="2017-01-14T20:11:34Z" data-provider="objectDataRCD" finished-at="2017-01-14T20:12:53Z">
          <params>
            <param index="0">
              <value>
                <![CDATA[[Lru.motiw.web.model.Administration.Users.Department;@551725e4]]>
              </value>
            </param>
            <param index="1">
              <value>
                <![CDATA[[Lru.motiw.web.model.Administration.Users.Employee;@760d6350]]>
              </value>
            </param>
            <param index="2">
              <value>
                <![CDATA[ru.motiw.web.model.Administration.Directories.Directories@5855b0ed]]>
              </value>
            </param>
            <param index="3">
              <value>
                <![CDATA[ru.motiw.web.model.Administration.TasksTypes.TasksTypes@92fd091]]>
              </value>
            </param>
            <param index="4">
              <value>
                <![CDATA[ru.motiw.web.model.DocflowAdministration.DictionaryEditor.DictionaryEditor@6b0325d0]]>
              </value>
            </param>
            <param index="5">
              <value>
                <![CDATA[ru.motiw.web.model.DocflowAdministration.DocumentRegistrationCards.DocRegisterCards@70439c3]]>
              </value>
            </param>
            <param index="6">
              <value>
                <![CDATA[ru.motiw.web.model.Document.Document@72a33316]]>
              </value>
            </param>
          </params>
          <exception class="com.codeborne.selenide.ex.ElementShould">
            <message>
              <![CDATA[Element should be visible {By.xpath: //li[text()='Текст']}
Element: '<li class="x-boundlist-item" role="option" unselectable="on" value="0" displayed:false></li>']]>
            </message>
            <full-stacktrace>
              <![CDATA[Element should be visible {By.xpath: //li[text()='Текст']}
Element: '<li class="x-boundlist-item" role="option" unselectable="on" value="0" displayed:false></li>'
Screenshot: file:/E:/disk/project-webdriver/motiw-GUI-WebDriver/build/reports/tests/1484413973421.21.png
Timeout: 6 s.
	at com.codeborne.selenide.impl.WebElementSource.checkCondition(WebElementSource.java:66)
	at com.codeborne.selenide.impl.WebElementSource.findAndAssertElementIsVisible(WebElementSource.java:72)
	at com.codeborne.selenide.commands.Click.execute(Click.java:14)
	at com.codeborne.selenide.commands.Click.execute(Click.java:11)
	at com.codeborne.selenide.commands.Commands.execute(Commands.java:140)
	at com.codeborne.selenide.impl.SelenideElementProxy.dispatchAndRetry(SelenideElementProxy.java:86)
	at com.codeborne.selenide.impl.SelenideElementProxy.invoke(SelenideElementProxy.java:62)
	at com.sun.proxy.$Proxy12.click(Unknown Source)
	at ru.motiw.web.steps.Administration.TaskTypeListEditSteps.selectTheTypeOfField(TaskTypeListEditSteps.java:59)
	at ru.motiw.web.steps.Administration.TaskTypeListEditSteps.addAllFieldsTaskTypeList(TaskTypeListEditSteps.java:265)
	at ru.motiw.web.steps.Administration.Directories.DirectoriesEditSteps.addAllFieldsTaskTypeList(DirectoriesEditSteps.java:105)
	at ru.motiw.testsWeb.Document.CreateDocumentTest.verificationDocumentCreation(CreateDocumentTest.java:82)
	at sun.reflect.NativeMethodAccessorImpl.invoke0(Native Method)
	at sun.reflect.NativeMethodAccessorImpl.invoke(Unknown Source)
	at sun.reflect.DelegatingMethodAccessorImpl.invoke(Unknown Source)
	at java.lang.reflect.Method.invoke(Unknown Source)
	at org.testng.internal.MethodInvocationHelper.invokeMethod(MethodInvocationHelper.java:86)
	at org.testng.internal.Invoker.invokeMethod(Invoker.java:643)
	at org.testng.internal.Invoker.invokeTestMethod(Invoker.java:820)
	at org.testng.internal.Invoker.invokeTestMethods(Invoker.java:1128)
	at org.testng.internal.TestMethodWorker.invokeTestMethods(TestMethodWorker.java:129)
	at org.testng.internal.TestMethodWorker.run(TestMethodWorker.java:112)
	at org.testng.TestRunner.privateRun(TestRunner.java:782)
	at org.testng.TestRunner.run(TestRunner.java:632)
	at org.testng.SuiteRunner.runTest(SuiteRunner.java:366)
	at org.testng.SuiteRunner.runSequentially(SuiteRunner.java:361)
	at org.testng.SuiteRunner.privateRun(SuiteRunner.java:319)
	at org.testng.SuiteRunner.run(SuiteRunner.java:268)
	at org.testng.SuiteRunnerWorker.runSuite(SuiteRunnerWorker.java:52)
	at org.testng.SuiteRunnerWorker.run(SuiteRunnerWorker.java:86)
	at org.testng.TestNG.runSuitesSequentially(TestNG.java:1244)
	at org.testng.TestNG.runSuitesLocally(TestNG.java:1169)
	at org.testng.TestNG.run(TestNG.java:1064)
	at org.testng.remote.AbstractRemoteTestNG.run(AbstractRemoteTestNG.java:132)
	at org.testng.remote.RemoteTestNG.initAndRun(RemoteTestNG.java:236)
	at org.testng.remote.RemoteTestNG.main(RemoteTestNG.java:81)
]]>
            </full-stacktrace>
          </exception> <!-- com.codeborne.selenide.ex.ElementShould -->
          <reporter-output>
          </reporter-output>
        </test-method> <!-- verificationDocumentCreation -->
        <test-method status="PASS" signature="clearCache()[pri:0, instance:ru.motiw.testsWeb.Document.CreateDocumentTest@5bcea91b]" name="clearCache" is-config="true" duration-ms="9" started-at="2017-01-14T20:12:53Z" finished-at="2017-01-14T20:12:53Z">
          <reporter-output>
          </reporter-output>
        </test-method> <!-- clearCache -->
      </class> <!-- ru.motiw.testsWeb.Document.CreateDocumentTest -->
      <class name="ru.motiw.testsPda.HelpPDATest">
        <test-method status="PASS" signature="setUpConfigurations()[pri:0, instance:ru.motiw.testsPda.HelpPDATest@12cdcf4]" name="setUpConfigurations" is-config="true" duration-ms="313" started-at="2017-01-14T20:01:44Z" finished-at="2017-01-14T20:01:44Z">
          <reporter-output>
          </reporter-output>
        </test-method> <!-- setUpConfigurations -->
        <test-method status="FAIL" signature="verifyElementsHelp()[pri:1, instance:ru.motiw.testsPda.HelpPDATest@12cdcf4]" name="verifyElementsHelp" duration-ms="6361" started-at="2017-01-14T20:01:44Z" finished-at="2017-01-14T20:01:51Z">
          <exception class="com.codeborne.selenide.ex.ElementNotFound">
            <message>
              <![CDATA[Element not found {#login}
Expected: visible]]>
            </message>
            <full-stacktrace>
              <![CDATA[Element not found {#login}
Expected: visible
Screenshot: file:/E:/disk/project-webdriver/motiw-GUI-WebDriver/build/reports/tests/1484413310898.1.png
Timeout: 6 s.
Caused by: NoSuchElementException: no such element: Unable to locate element: {"method":"css selector","selector":"#login"}
	at com.codeborne.selenide.impl.WebElementSource.createElementNotFoundError(WebElementSource.java:31)
	at com.codeborne.selenide.impl.ElementFinder.createElementNotFoundError(ElementFinder.java:82)
	at com.codeborne.selenide.impl.WebElementSource.checkCondition(WebElementSource.java:59)
	at com.codeborne.selenide.impl.WebElementSource.findAndAssertElementIsVisible(WebElementSource.java:72)
	at com.codeborne.selenide.commands.SetValue.execute(SetValue.java:20)
	at com.codeborne.selenide.commands.SetValue.execute(SetValue.java:13)
	at com.codeborne.selenide.commands.Commands.execute(Commands.java:140)
	at com.codeborne.selenide.impl.SelenideElementProxy.dispatchAndRetry(SelenideElementProxy.java:86)
	at com.codeborne.selenide.impl.SelenideElementProxy.invoke(SelenideElementProxy.java:62)
	at com.sun.proxy.$Proxy12.setValue(Unknown Source)
	at ru.motiw.web.elements.elementspda.LoginStepsPDA.setLoginField(LoginStepsPDA.java:57)
	at ru.motiw.web.elements.elementspda.LoginStepsPDA.loginAsAdmin(LoginStepsPDA.java:77)
	at ru.motiw.testsPda.HelpPDATest.verifyElementsHelp(HelpPDATest.java:25)
	at sun.reflect.NativeMethodAccessorImpl.invoke0(Native Method)
	at sun.reflect.NativeMethodAccessorImpl.invoke(Unknown Source)
	at sun.reflect.DelegatingMethodAccessorImpl.invoke(Unknown Source)
	at java.lang.reflect.Method.invoke(Unknown Source)
	at org.testng.internal.MethodInvocationHelper.invokeMethod(MethodInvocationHelper.java:86)
	at org.testng.internal.Invoker.invokeMethod(Invoker.java:643)
	at org.testng.internal.Invoker.invokeTestMethod(Invoker.java:820)
	at org.testng.internal.Invoker.invokeTestMethods(Invoker.java:1128)
	at org.testng.internal.TestMethodWorker.invokeTestMethods(TestMethodWorker.java:129)
	at org.testng.internal.TestMethodWorker.run(TestMethodWorker.java:112)
	at org.testng.TestRunner.privateRun(TestRunner.java:782)
	at org.testng.TestRunner.run(TestRunner.java:632)
	at org.testng.SuiteRunner.runTest(SuiteRunner.java:366)
	at org.testng.SuiteRunner.runSequentially(SuiteRunner.java:361)
	at org.testng.SuiteRunner.privateRun(SuiteRunner.java:319)
	at org.testng.SuiteRunner.run(SuiteRunner.java:268)
	at org.testng.SuiteRunnerWorker.runSuite(SuiteRunnerWorker.java:52)
	at org.testng.SuiteRunnerWorker.run(SuiteRunnerWorker.java:86)
	at org.testng.TestNG.runSuitesSequentially(TestNG.java:1244)
	at org.testng.TestNG.runSuitesLocally(TestNG.java:1169)
	at org.testng.TestNG.run(TestNG.java:1064)
	at org.testng.remote.AbstractRemoteTestNG.run(AbstractRemoteTestNG.java:132)
	at org.testng.remote.RemoteTestNG.initAndRun(RemoteTestNG.java:236)
	at org.testng.remote.RemoteTestNG.main(RemoteTestNG.java:81)
Caused by: org.openqa.selenium.NoSuchElementException: no such element: Unable to locate element: {"method":"css selector","selector":"#login"}
  (Session info: chrome=55.0.2883.87)
  (Driver info: chromedriver=2.27.440174 (e97a722caafc2d3a8b807ee115bfb307f7d2cfd9),platform=Windows NT 10.0.10586 x86_64) (WARNING: The server did not provide any stacktrace information)
Command duration or timeout: 12 milliseconds
For documentation on this error, please visit: http://seleniumhq.org/exceptions/no_such_element.html
Build info: version: '3.0.1', revision: '1969d75', time: '2016-10-18 09:49:13 -0700'
System info: host: 'Skrobov', ip: '172.22.244.42', os.name: 'Windows 10', os.arch: 'amd64', os.version: '10.0', java.version: '1.8.0_111'
Driver info: org.openqa.selenium.chrome.ChromeDriver
Capabilities [{applicationCacheEnabled=false, rotatable=false, mobileEmulationEnabled=false, networkConnectionEnabled=false, chrome={chromedriverVersion=2.27.440174 (e97a722caafc2d3a8b807ee115bfb307f7d2cfd9), userDataDir=C:\Users\E3AD~1\AppData\Local\Temp\scoped_dir10816_20142}, takesHeapSnapshot=true, pageLoadStrategy=normal, databaseEnabled=false, handlesAlerts=true, hasTouchScreen=false, version=55.0.2883.87, platform=XP, browserConnectionEnabled=false, nativeEvents=true, acceptSslCerts=true, locationContextEnabled=true, webStorageEnabled=true, browserName=chrome, takesScreenshot=true, javascriptEnabled=true, cssSelectorsEnabled=true, unexpectedAlertBehaviour=}]
Session ID: cf56f32590e4abe5dd15dbe4679d51d7
*** Element info: {Using=css selector, value=#login}
	at sun.reflect.GeneratedConstructorAccessor23.newInstance(Unknown Source)
	at sun.reflect.DelegatingConstructorAccessorImpl.newInstance(Unknown Source)
	at java.lang.reflect.Constructor.newInstance(Unknown Source)
	at org.openqa.selenium.remote.ErrorHandler.createThrowable(ErrorHandler.java:216)
	at org.openqa.selenium.remote.ErrorHandler.throwIfResponseFailed(ErrorHandler.java:168)
	at org.openqa.selenium.remote.RemoteWebDriver.execute(RemoteWebDriver.java:635)
	at org.openqa.selenium.remote.RemoteWebDriver.findElement(RemoteWebDriver.java:368)
	at org.openqa.selenium.remote.RemoteWebDriver.findElementByCssSelector(RemoteWebDriver.java:465)
	at org.openqa.selenium.By$ByCssSelector.findElement(By.java:430)
	at org.openqa.selenium.remote.RemoteWebDriver.findElement(RemoteWebDriver.java:360)
	at com.codeborne.selenide.impl.WebElementSelector.findElement(WebElementSelector.java:28)
	at com.codeborne.selenide.impl.ElementFinder.getWebElement(ElementFinder.java:56)
	at com.codeborne.selenide.impl.WebElementSource.checkCondition(WebElementSource.java:44)
	... 34 more
]]>
            </full-stacktrace>
          </exception> <!-- com.codeborne.selenide.ex.ElementNotFound -->
          <reporter-output>
          </reporter-output>
        </test-method> <!-- verifyElementsHelp -->
        <test-method status="PASS" signature="clearCache()[pri:0, instance:ru.motiw.testsPda.HelpPDATest@12cdcf4]" name="clearCache" is-config="true" duration-ms="3" started-at="2017-01-14T20:01:51Z" finished-at="2017-01-14T20:01:51Z">
          <reporter-output>
          </reporter-output>
        </test-method> <!-- clearCache -->
      </class> <!-- ru.motiw.testsPda.HelpPDATest -->
      <class name="ru.motiw.testsWeb.Administration.TasksTypeTest">
        <test-method status="PASS" signature="setUpConfigurations()[pri:0, instance:ru.motiw.testsWeb.Administration.TasksTypeTest@12f41634]" name="setUpConfigurations" is-config="true" duration-ms="301" started-at="2017-01-14T20:03:50Z" finished-at="2017-01-14T20:03:50Z">
          <reporter-output>
          </reporter-output>
        </test-method> <!-- setUpConfigurations -->
        <test-method status="PASS" signature="beforeTest()[pri:0, instance:ru.motiw.testsWeb.Administration.TasksTypeTest@12f41634]" name="beforeTest" is-config="true" duration-ms="2" started-at="2017-01-14T20:03:50Z" finished-at="2017-01-14T20:03:50Z">
          <reporter-output>
          </reporter-output>
        </test-method> <!-- beforeTest -->
        <test-method status="PASS" signature="verifyCreateTaskTypes(ru.motiw.web.model.Administration.Directories.Directories, ru.motiw.web.model.Administration.TypesOfTables.TypesOfTables, ru.motiw.web.model.Administration.TasksTypes.TasksTypes)[pri:1, instance:ru.motiw.testsWeb.Administration.TasksTypeTest@12f41634]" name="verifyCreateTaskTypes" duration-ms="52562" started-at="2017-01-14T20:03:50Z" data-provider="objectDataTasksTypes" finished-at="2017-01-14T20:04:43Z">
          <params>
            <param index="0">
              <value>
                <![CDATA[ru.motiw.web.model.Administration.Directories.Directories@524a076e]]>
              </value>
            </param>
            <param index="1">
              <value>
                <![CDATA[ru.motiw.web.model.Administration.TypesOfTables.TypesOfTables@5b5e7036]]>
              </value>
            </param>
            <param index="2">
              <value>
                <![CDATA[ru.motiw.web.model.Administration.TasksTypes.TasksTypes@62dbe64e]]>
              </value>
            </param>
          </params>
          <reporter-output>
          </reporter-output>
        </test-method> <!-- verifyCreateTaskTypes -->
        <test-method status="PASS" signature="clearCache()[pri:0, instance:ru.motiw.testsWeb.Administration.TasksTypeTest@12f41634]" name="clearCache" is-config="true" duration-ms="11" started-at="2017-01-14T20:04:43Z" finished-at="2017-01-14T20:04:43Z">
          <reporter-output>
          </reporter-output>
        </test-method> <!-- clearCache -->
      </class> <!-- ru.motiw.testsWeb.Administration.TasksTypeTest -->
      <class name="ru.motiw.testsWeb.Administration.TypesOfTablesTest">
        <test-method status="PASS" signature="setUpConfigurations()[pri:0, instance:ru.motiw.testsWeb.Administration.TypesOfTablesTest@50d0686]" name="setUpConfigurations" is-config="true" duration-ms="111" started-at="2017-01-14T20:09:19Z" finished-at="2017-01-14T20:09:19Z">
          <reporter-output>
          </reporter-output>
        </test-method> <!-- setUpConfigurations -->
        <test-method status="PASS" signature="beforeTest()[pri:0, instance:ru.motiw.testsWeb.Administration.TypesOfTablesTest@50d0686]" name="beforeTest" is-config="true" duration-ms="0" started-at="2017-01-14T20:09:19Z" finished-at="2017-01-14T20:09:19Z">
          <reporter-output>
          </reporter-output>
        </test-method> <!-- beforeTest -->
        <test-method status="PASS" signature="checkTheCreationOfAnObjectTypeTable(ru.motiw.web.model.Administration.Directories.Directories, ru.motiw.web.model.Administration.TypesOfTables.TypesOfTables)[pri:1, instance:ru.motiw.testsWeb.Administration.TypesOfTablesTest@50d0686]" name="checkTheCreationOfAnObjectTypeTable" duration-ms="33171" started-at="2017-01-14T20:09:19Z" data-provider="objectDataTypesOfTable" finished-at="2017-01-14T20:09:52Z">
          <params>
            <param index="0">
              <value>
                <![CDATA[ru.motiw.web.model.Administration.Directories.Directories@45bd4753]]>
              </value>
            </param>
            <param index="1">
              <value>
                <![CDATA[ru.motiw.web.model.Administration.TypesOfTables.TypesOfTables@156cfa20]]>
              </value>
            </param>
          </params>
          <reporter-output>
          </reporter-output>
        </test-method> <!-- checkTheCreationOfAnObjectTypeTable -->
        <test-method status="PASS" signature="clearCache()[pri:0, instance:ru.motiw.testsWeb.Administration.TypesOfTablesTest@50d0686]" name="clearCache" is-config="true" duration-ms="9" started-at="2017-01-14T20:09:52Z" finished-at="2017-01-14T20:09:52Z">
          <reporter-output>
          </reporter-output>
        </test-method> <!-- clearCache -->
      </class> <!-- ru.motiw.testsWeb.Administration.TypesOfTablesTest -->
      <class name="ru.motiw.testsPda.CreateTaskPDATest">
        <test-method status="PASS" signature="setUpConfigurations()[pri:0, instance:ru.motiw.testsPda.CreateTaskPDATest@371a67ec]" name="setUpConfigurations" is-config="true" duration-ms="119" started-at="2017-01-14T20:08:55Z" finished-at="2017-01-14T20:08:55Z">
          <reporter-output>
          </reporter-output>
        </test-method> <!-- setUpConfigurations -->
        <test-method status="PASS" signature="aPreconditionForFurtherVerification()[pri:1, instance:ru.motiw.testsPda.CreateTaskPDATest@371a67ec]" name="aPreconditionForFurtherVerification" duration-ms="23886" started-at="2017-01-14T20:08:55Z" finished-at="2017-01-14T20:09:19Z">
          <reporter-output>
          </reporter-output>
        </test-method> <!-- aPreconditionForFurtherVerification -->
        <test-method status="PASS" signature="beforeTest()[pri:0, instance:ru.motiw.testsPda.CreateTaskPDATest@371a67ec]" name="beforeTest" is-config="true" duration-ms="0" started-at="2017-01-14T20:08:55Z" finished-at="2017-01-14T20:08:55Z">
          <reporter-output>
          </reporter-output>
        </test-method> <!-- beforeTest -->
        <test-method status="PASS" signature="clearCache()[pri:0, instance:ru.motiw.testsPda.CreateTaskPDATest@371a67ec]" name="clearCache" is-config="true" duration-ms="10" started-at="2017-01-14T20:09:19Z" finished-at="2017-01-14T20:09:19Z">
          <reporter-output>
          </reporter-output>
        </test-method> <!-- clearCache -->
        <test-method status="FAIL" signature="verifyCreateTaskPDA(ru.motiw.web.model.Tasks.Task)[pri:2, instance:ru.motiw.testsPda.CreateTaskPDATest@371a67ec]" name="verifyCreateTaskPDA" duration-ms="6180" started-at="2017-01-14T20:10:44Z" data-provider="objectDataTaskPDA" finished-at="2017-01-14T20:10:50Z">
          <params>
            <param index="0">
              <value>
                <![CDATA[ru.motiw.web.model.Tasks.Task@16b7e04a]]>
              </value>
            </param>
          </params>
          <exception class="com.codeborne.selenide.ex.ElementNotFound">
            <message>
              <![CDATA[Element not found {#login}
Expected: visible]]>
            </message>
            <full-stacktrace>
              <![CDATA[Element not found {#login}
Expected: visible
Screenshot: file:/E:/disk/project-webdriver/motiw-GUI-WebDriver/build/reports/tests/1484413850414.13.png
Timeout: 6 s.
Caused by: NoSuchElementException: no such element: Unable to locate element: {"method":"css selector","selector":"#login"}
	at com.codeborne.selenide.impl.WebElementSource.createElementNotFoundError(WebElementSource.java:31)
	at com.codeborne.selenide.impl.ElementFinder.createElementNotFoundError(ElementFinder.java:82)
	at com.codeborne.selenide.impl.WebElementSource.checkCondition(WebElementSource.java:59)
	at com.codeborne.selenide.impl.WebElementSource.findAndAssertElementIsVisible(WebElementSource.java:72)
	at com.codeborne.selenide.commands.SetValue.execute(SetValue.java:20)
	at com.codeborne.selenide.commands.SetValue.execute(SetValue.java:13)
	at com.codeborne.selenide.commands.Commands.execute(Commands.java:140)
	at com.codeborne.selenide.impl.SelenideElementProxy.dispatchAndRetry(SelenideElementProxy.java:86)
	at com.codeborne.selenide.impl.SelenideElementProxy.invoke(SelenideElementProxy.java:62)
	at com.sun.proxy.$Proxy12.setValue(Unknown Source)
	at ru.motiw.web.elements.elementspda.LoginStepsPDA.setLoginField(LoginStepsPDA.java:57)
	at ru.motiw.web.elements.elementspda.LoginStepsPDA.loginAsAdmin(LoginStepsPDA.java:77)
	at ru.motiw.testsPda.CreateTaskPDATest.verifyCreateTaskPDA(CreateTaskPDATest.java:79)
	at sun.reflect.NativeMethodAccessorImpl.invoke0(Native Method)
	at sun.reflect.NativeMethodAccessorImpl.invoke(Unknown Source)
	at sun.reflect.DelegatingMethodAccessorImpl.invoke(Unknown Source)
	at java.lang.reflect.Method.invoke(Unknown Source)
	at org.testng.internal.MethodInvocationHelper.invokeMethod(MethodInvocationHelper.java:86)
	at org.testng.internal.Invoker.invokeMethod(Invoker.java:643)
	at org.testng.internal.Invoker.invokeTestMethod(Invoker.java:820)
	at org.testng.internal.Invoker.invokeTestMethods(Invoker.java:1128)
	at org.testng.internal.TestMethodWorker.invokeTestMethods(TestMethodWorker.java:129)
	at org.testng.internal.TestMethodWorker.run(TestMethodWorker.java:112)
	at org.testng.TestRunner.privateRun(TestRunner.java:782)
	at org.testng.TestRunner.run(TestRunner.java:632)
	at org.testng.SuiteRunner.runTest(SuiteRunner.java:366)
	at org.testng.SuiteRunner.runSequentially(SuiteRunner.java:361)
	at org.testng.SuiteRunner.privateRun(SuiteRunner.java:319)
	at org.testng.SuiteRunner.run(SuiteRunner.java:268)
	at org.testng.SuiteRunnerWorker.runSuite(SuiteRunnerWorker.java:52)
	at org.testng.SuiteRunnerWorker.run(SuiteRunnerWorker.java:86)
	at org.testng.TestNG.runSuitesSequentially(TestNG.java:1244)
	at org.testng.TestNG.runSuitesLocally(TestNG.java:1169)
	at org.testng.TestNG.run(TestNG.java:1064)
	at org.testng.remote.AbstractRemoteTestNG.run(AbstractRemoteTestNG.java:132)
	at org.testng.remote.RemoteTestNG.initAndRun(RemoteTestNG.java:236)
	at org.testng.remote.RemoteTestNG.main(RemoteTestNG.java:81)
Caused by: org.openqa.selenium.NoSuchElementException: no such element: Unable to locate element: {"method":"css selector","selector":"#login"}
  (Session info: chrome=55.0.2883.87)
  (Driver info: chromedriver=2.27.440174 (e97a722caafc2d3a8b807ee115bfb307f7d2cfd9),platform=Windows NT 10.0.10586 x86_64) (WARNING: The server did not provide any stacktrace information)
Command duration or timeout: 7 milliseconds
For documentation on this error, please visit: http://seleniumhq.org/exceptions/no_such_element.html
Build info: version: '3.0.1', revision: '1969d75', time: '2016-10-18 09:49:13 -0700'
System info: host: 'Skrobov', ip: '172.22.244.42', os.name: 'Windows 10', os.arch: 'amd64', os.version: '10.0', java.version: '1.8.0_111'
Driver info: org.openqa.selenium.chrome.ChromeDriver
Capabilities [{applicationCacheEnabled=false, rotatable=false, mobileEmulationEnabled=false, networkConnectionEnabled=false, chrome={chromedriverVersion=2.27.440174 (e97a722caafc2d3a8b807ee115bfb307f7d2cfd9), userDataDir=C:\Users\E3AD~1\AppData\Local\Temp\scoped_dir10816_20142}, takesHeapSnapshot=true, pageLoadStrategy=normal, databaseEnabled=false, handlesAlerts=true, hasTouchScreen=false, version=55.0.2883.87, platform=XP, browserConnectionEnabled=false, nativeEvents=true, acceptSslCerts=true, locationContextEnabled=true, webStorageEnabled=true, browserName=chrome, takesScreenshot=true, javascriptEnabled=true, cssSelectorsEnabled=true, unexpectedAlertBehaviour=}]
Session ID: cf56f32590e4abe5dd15dbe4679d51d7
*** Element info: {Using=css selector, value=#login}
	at sun.reflect.GeneratedConstructorAccessor23.newInstance(Unknown Source)
	at sun.reflect.DelegatingConstructorAccessorImpl.newInstance(Unknown Source)
	at java.lang.reflect.Constructor.newInstance(Unknown Source)
	at org.openqa.selenium.remote.ErrorHandler.createThrowable(ErrorHandler.java:216)
	at org.openqa.selenium.remote.ErrorHandler.throwIfResponseFailed(ErrorHandler.java:168)
	at org.openqa.selenium.remote.RemoteWebDriver.execute(RemoteWebDriver.java:635)
	at org.openqa.selenium.remote.RemoteWebDriver.findElement(RemoteWebDriver.java:368)
	at org.openqa.selenium.remote.RemoteWebDriver.findElementByCssSelector(RemoteWebDriver.java:465)
	at org.openqa.selenium.By$ByCssSelector.findElement(By.java:430)
	at org.openqa.selenium.remote.RemoteWebDriver.findElement(RemoteWebDriver.java:360)
	at com.codeborne.selenide.impl.WebElementSelector.findElement(WebElementSelector.java:28)
	at com.codeborne.selenide.impl.ElementFinder.getWebElement(ElementFinder.java:56)
	at com.codeborne.selenide.impl.WebElementSource.checkCondition(WebElementSource.java:44)
	... 34 more
]]>
            </full-stacktrace>
          </exception> <!-- com.codeborne.selenide.ex.ElementNotFound -->
          <reporter-output>
          </reporter-output>
        </test-method> <!-- verifyCreateTaskPDA -->
        <test-method status="PASS" signature="clearCache()[pri:0, instance:ru.motiw.testsPda.CreateTaskPDATest@371a67ec]" name="clearCache" is-config="true" duration-ms="2" started-at="2017-01-14T20:10:50Z" finished-at="2017-01-14T20:10:50Z">
          <reporter-output>
          </reporter-output>
        </test-method> <!-- clearCache -->
        <test-method status="FAIL" signature="checkEditingTaskPDA(ru.motiw.web.model.Tasks.Task)[pri:3, instance:ru.motiw.testsPda.CreateTaskPDATest@371a67ec]" name="checkEditingTaskPDA" duration-ms="6154" started-at="2017-01-14T20:11:09Z" data-provider="objectDataTaskPDA" finished-at="2017-01-14T20:11:15Z">
          <params>
            <param index="0">
              <value>
                <![CDATA[ru.motiw.web.model.Tasks.Task@62158991]]>
              </value>
            </param>
          </params>
          <exception class="com.codeborne.selenide.ex.ElementNotFound">
            <message>
              <![CDATA[Element not found {#login}
Expected: visible]]>
            </message>
            <full-stacktrace>
              <![CDATA[Element not found {#login}
Expected: visible
Screenshot: file:/E:/disk/project-webdriver/motiw-GUI-WebDriver/build/reports/tests/1484413875600.17.png
Timeout: 6 s.
Caused by: NoSuchElementException: no such element: Unable to locate element: {"method":"css selector","selector":"#login"}
	at com.codeborne.selenide.impl.WebElementSource.createElementNotFoundError(WebElementSource.java:31)
	at com.codeborne.selenide.impl.ElementFinder.createElementNotFoundError(ElementFinder.java:82)
	at com.codeborne.selenide.impl.WebElementSource.checkCondition(WebElementSource.java:59)
	at com.codeborne.selenide.impl.WebElementSource.findAndAssertElementIsVisible(WebElementSource.java:72)
	at com.codeborne.selenide.commands.SetValue.execute(SetValue.java:20)
	at com.codeborne.selenide.commands.SetValue.execute(SetValue.java:13)
	at com.codeborne.selenide.commands.Commands.execute(Commands.java:140)
	at com.codeborne.selenide.impl.SelenideElementProxy.dispatchAndRetry(SelenideElementProxy.java:86)
	at com.codeborne.selenide.impl.SelenideElementProxy.invoke(SelenideElementProxy.java:62)
	at com.sun.proxy.$Proxy12.setValue(Unknown Source)
	at ru.motiw.web.elements.elementspda.LoginStepsPDA.setLoginField(LoginStepsPDA.java:57)
	at ru.motiw.web.elements.elementspda.LoginStepsPDA.loginAsAdmin(LoginStepsPDA.java:77)
	at ru.motiw.testsPda.CreateTaskPDATest.checkEditingTaskPDA(CreateTaskPDATest.java:114)
	at sun.reflect.NativeMethodAccessorImpl.invoke0(Native Method)
	at sun.reflect.NativeMethodAccessorImpl.invoke(Unknown Source)
	at sun.reflect.DelegatingMethodAccessorImpl.invoke(Unknown Source)
	at java.lang.reflect.Method.invoke(Unknown Source)
	at org.testng.internal.MethodInvocationHelper.invokeMethod(MethodInvocationHelper.java:86)
	at org.testng.internal.Invoker.invokeMethod(Invoker.java:643)
	at org.testng.internal.Invoker.invokeTestMethod(Invoker.java:820)
	at org.testng.internal.Invoker.invokeTestMethods(Invoker.java:1128)
	at org.testng.internal.TestMethodWorker.invokeTestMethods(TestMethodWorker.java:129)
	at org.testng.internal.TestMethodWorker.run(TestMethodWorker.java:112)
	at org.testng.TestRunner.privateRun(TestRunner.java:782)
	at org.testng.TestRunner.run(TestRunner.java:632)
	at org.testng.SuiteRunner.runTest(SuiteRunner.java:366)
	at org.testng.SuiteRunner.runSequentially(SuiteRunner.java:361)
	at org.testng.SuiteRunner.privateRun(SuiteRunner.java:319)
	at org.testng.SuiteRunner.run(SuiteRunner.java:268)
	at org.testng.SuiteRunnerWorker.runSuite(SuiteRunnerWorker.java:52)
	at org.testng.SuiteRunnerWorker.run(SuiteRunnerWorker.java:86)
	at org.testng.TestNG.runSuitesSequentially(TestNG.java:1244)
	at org.testng.TestNG.runSuitesLocally(TestNG.java:1169)
	at org.testng.TestNG.run(TestNG.java:1064)
	at org.testng.remote.AbstractRemoteTestNG.run(AbstractRemoteTestNG.java:132)
	at org.testng.remote.RemoteTestNG.initAndRun(RemoteTestNG.java:236)
	at org.testng.remote.RemoteTestNG.main(RemoteTestNG.java:81)
Caused by: org.openqa.selenium.NoSuchElementException: no such element: Unable to locate element: {"method":"css selector","selector":"#login"}
  (Session info: chrome=55.0.2883.87)
  (Driver info: chromedriver=2.27.440174 (e97a722caafc2d3a8b807ee115bfb307f7d2cfd9),platform=Windows NT 10.0.10586 x86_64) (WARNING: The server did not provide any stacktrace information)
Command duration or timeout: 12 milliseconds
For documentation on this error, please visit: http://seleniumhq.org/exceptions/no_such_element.html
Build info: version: '3.0.1', revision: '1969d75', time: '2016-10-18 09:49:13 -0700'
System info: host: 'Skrobov', ip: '172.22.244.42', os.name: 'Windows 10', os.arch: 'amd64', os.version: '10.0', java.version: '1.8.0_111'
Driver info: org.openqa.selenium.chrome.ChromeDriver
Capabilities [{applicationCacheEnabled=false, rotatable=false, mobileEmulationEnabled=false, networkConnectionEnabled=false, chrome={chromedriverVersion=2.27.440174 (e97a722caafc2d3a8b807ee115bfb307f7d2cfd9), userDataDir=C:\Users\E3AD~1\AppData\Local\Temp\scoped_dir10816_20142}, takesHeapSnapshot=true, pageLoadStrategy=normal, databaseEnabled=false, handlesAlerts=true, hasTouchScreen=false, version=55.0.2883.87, platform=XP, browserConnectionEnabled=false, nativeEvents=true, acceptSslCerts=true, locationContextEnabled=true, webStorageEnabled=true, browserName=chrome, takesScreenshot=true, javascriptEnabled=true, cssSelectorsEnabled=true, unexpectedAlertBehaviour=}]
Session ID: cf56f32590e4abe5dd15dbe4679d51d7
*** Element info: {Using=css selector, value=#login}
	at sun.reflect.GeneratedConstructorAccessor23.newInstance(Unknown Source)
	at sun.reflect.DelegatingConstructorAccessorImpl.newInstance(Unknown Source)
	at java.lang.reflect.Constructor.newInstance(Unknown Source)
	at org.openqa.selenium.remote.ErrorHandler.createThrowable(ErrorHandler.java:216)
	at org.openqa.selenium.remote.ErrorHandler.throwIfResponseFailed(ErrorHandler.java:168)
	at org.openqa.selenium.remote.RemoteWebDriver.execute(RemoteWebDriver.java:635)
	at org.openqa.selenium.remote.RemoteWebDriver.findElement(RemoteWebDriver.java:368)
	at org.openqa.selenium.remote.RemoteWebDriver.findElementByCssSelector(RemoteWebDriver.java:465)
	at org.openqa.selenium.By$ByCssSelector.findElement(By.java:430)
	at org.openqa.selenium.remote.RemoteWebDriver.findElement(RemoteWebDriver.java:360)
	at com.codeborne.selenide.impl.WebElementSelector.findElement(WebElementSelector.java:28)
	at com.codeborne.selenide.impl.ElementFinder.getWebElement(ElementFinder.java:56)
	at com.codeborne.selenide.impl.WebElementSource.checkCondition(WebElementSource.java:44)
	... 34 more
]]>
            </full-stacktrace>
          </exception> <!-- com.codeborne.selenide.ex.ElementNotFound -->
          <reporter-output>
          </reporter-output>
        </test-method> <!-- checkEditingTaskPDA -->
        <test-method status="PASS" signature="clearCache()[pri:0, instance:ru.motiw.testsPda.CreateTaskPDATest@371a67ec]" name="clearCache" is-config="true" duration-ms="3" started-at="2017-01-14T20:11:15Z" finished-at="2017-01-14T20:11:15Z">
          <reporter-output>
          </reporter-output>
        </test-method> <!-- clearCache -->
        <test-method status="FAIL" signature="verifyCompletionOfTheTaskPDA(ru.motiw.web.model.Tasks.Task)[pri:4, instance:ru.motiw.testsPda.CreateTaskPDATest@371a67ec]" name="verifyCompletionOfTheTaskPDA" duration-ms="6182" started-at="2017-01-14T20:11:22Z" data-provider="objectDataTaskPDA" finished-at="2017-01-14T20:11:28Z">
          <params>
            <param index="0">
              <value>
                <![CDATA[ru.motiw.web.model.Tasks.Task@60e47aab]]>
              </value>
            </param>
          </params>
          <exception class="com.codeborne.selenide.ex.ElementNotFound">
            <message>
              <![CDATA[Element not found {#login}
Expected: visible]]>
            </message>
            <full-stacktrace>
              <![CDATA[Element not found {#login}
Expected: visible
Screenshot: file:/E:/disk/project-webdriver/motiw-GUI-WebDriver/build/reports/tests/1484413888179.19.png
Timeout: 6 s.
Caused by: NoSuchElementException: no such element: Unable to locate element: {"method":"css selector","selector":"#login"}
	at com.codeborne.selenide.impl.WebElementSource.createElementNotFoundError(WebElementSource.java:31)
	at com.codeborne.selenide.impl.ElementFinder.createElementNotFoundError(ElementFinder.java:82)
	at com.codeborne.selenide.impl.WebElementSource.checkCondition(WebElementSource.java:59)
	at com.codeborne.selenide.impl.WebElementSource.findAndAssertElementIsVisible(WebElementSource.java:72)
	at com.codeborne.selenide.commands.SetValue.execute(SetValue.java:20)
	at com.codeborne.selenide.commands.SetValue.execute(SetValue.java:13)
	at com.codeborne.selenide.commands.Commands.execute(Commands.java:140)
	at com.codeborne.selenide.impl.SelenideElementProxy.dispatchAndRetry(SelenideElementProxy.java:86)
	at com.codeborne.selenide.impl.SelenideElementProxy.invoke(SelenideElementProxy.java:62)
	at com.sun.proxy.$Proxy12.setValue(Unknown Source)
	at ru.motiw.web.elements.elementspda.LoginStepsPDA.setLoginField(LoginStepsPDA.java:57)
	at ru.motiw.web.elements.elementspda.LoginStepsPDA.loginAsAdmin(LoginStepsPDA.java:77)
	at ru.motiw.testsPda.CreateTaskPDATest.verifyCompletionOfTheTaskPDA(CreateTaskPDATest.java:159)
	at sun.reflect.NativeMethodAccessorImpl.invoke0(Native Method)
	at sun.reflect.NativeMethodAccessorImpl.invoke(Unknown Source)
	at sun.reflect.DelegatingMethodAccessorImpl.invoke(Unknown Source)
	at java.lang.reflect.Method.invoke(Unknown Source)
	at org.testng.internal.MethodInvocationHelper.invokeMethod(MethodInvocationHelper.java:86)
	at org.testng.internal.Invoker.invokeMethod(Invoker.java:643)
	at org.testng.internal.Invoker.invokeTestMethod(Invoker.java:820)
	at org.testng.internal.Invoker.invokeTestMethods(Invoker.java:1128)
	at org.testng.internal.TestMethodWorker.invokeTestMethods(TestMethodWorker.java:129)
	at org.testng.internal.TestMethodWorker.run(TestMethodWorker.java:112)
	at org.testng.TestRunner.privateRun(TestRunner.java:782)
	at org.testng.TestRunner.run(TestRunner.java:632)
	at org.testng.SuiteRunner.runTest(SuiteRunner.java:366)
	at org.testng.SuiteRunner.runSequentially(SuiteRunner.java:361)
	at org.testng.SuiteRunner.privateRun(SuiteRunner.java:319)
	at org.testng.SuiteRunner.run(SuiteRunner.java:268)
	at org.testng.SuiteRunnerWorker.runSuite(SuiteRunnerWorker.java:52)
	at org.testng.SuiteRunnerWorker.run(SuiteRunnerWorker.java:86)
	at org.testng.TestNG.runSuitesSequentially(TestNG.java:1244)
	at org.testng.TestNG.runSuitesLocally(TestNG.java:1169)
	at org.testng.TestNG.run(TestNG.java:1064)
	at org.testng.remote.AbstractRemoteTestNG.run(AbstractRemoteTestNG.java:132)
	at org.testng.remote.RemoteTestNG.initAndRun(RemoteTestNG.java:236)
	at org.testng.remote.RemoteTestNG.main(RemoteTestNG.java:81)
Caused by: org.openqa.selenium.NoSuchElementException: no such element: Unable to locate element: {"method":"css selector","selector":"#login"}
  (Session info: chrome=55.0.2883.87)
  (Driver info: chromedriver=2.27.440174 (e97a722caafc2d3a8b807ee115bfb307f7d2cfd9),platform=Windows NT 10.0.10586 x86_64) (WARNING: The server did not provide any stacktrace information)
Command duration or timeout: 12 milliseconds
For documentation on this error, please visit: http://seleniumhq.org/exceptions/no_such_element.html
Build info: version: '3.0.1', revision: '1969d75', time: '2016-10-18 09:49:13 -0700'
System info: host: 'Skrobov', ip: '172.22.244.42', os.name: 'Windows 10', os.arch: 'amd64', os.version: '10.0', java.version: '1.8.0_111'
Driver info: org.openqa.selenium.chrome.ChromeDriver
Capabilities [{applicationCacheEnabled=false, rotatable=false, mobileEmulationEnabled=false, networkConnectionEnabled=false, chrome={chromedriverVersion=2.27.440174 (e97a722caafc2d3a8b807ee115bfb307f7d2cfd9), userDataDir=C:\Users\E3AD~1\AppData\Local\Temp\scoped_dir10816_20142}, takesHeapSnapshot=true, pageLoadStrategy=normal, databaseEnabled=false, handlesAlerts=true, hasTouchScreen=false, version=55.0.2883.87, platform=XP, browserConnectionEnabled=false, nativeEvents=true, acceptSslCerts=true, locationContextEnabled=true, webStorageEnabled=true, browserName=chrome, takesScreenshot=true, javascriptEnabled=true, cssSelectorsEnabled=true, unexpectedAlertBehaviour=}]
Session ID: cf56f32590e4abe5dd15dbe4679d51d7
*** Element info: {Using=css selector, value=#login}
	at sun.reflect.GeneratedConstructorAccessor23.newInstance(Unknown Source)
	at sun.reflect.DelegatingConstructorAccessorImpl.newInstance(Unknown Source)
	at java.lang.reflect.Constructor.newInstance(Unknown Source)
	at org.openqa.selenium.remote.ErrorHandler.createThrowable(ErrorHandler.java:216)
	at org.openqa.selenium.remote.ErrorHandler.throwIfResponseFailed(ErrorHandler.java:168)
	at org.openqa.selenium.remote.RemoteWebDriver.execute(RemoteWebDriver.java:635)
	at org.openqa.selenium.remote.RemoteWebDriver.findElement(RemoteWebDriver.java:368)
	at org.openqa.selenium.remote.RemoteWebDriver.findElementByCssSelector(RemoteWebDriver.java:465)
	at org.openqa.selenium.By$ByCssSelector.findElement(By.java:430)
	at org.openqa.selenium.remote.RemoteWebDriver.findElement(RemoteWebDriver.java:360)
	at com.codeborne.selenide.impl.WebElementSelector.findElement(WebElementSelector.java:28)
	at com.codeborne.selenide.impl.ElementFinder.getWebElement(ElementFinder.java:56)
	at com.codeborne.selenide.impl.WebElementSource.checkCondition(WebElementSource.java:44)
	... 34 more
]]>
            </full-stacktrace>
          </exception> <!-- com.codeborne.selenide.ex.ElementNotFound -->
          <reporter-output>
          </reporter-output>
        </test-method> <!-- verifyCompletionOfTheTaskPDA -->
        <test-method status="PASS" signature="clearCache()[pri:0, instance:ru.motiw.testsPda.CreateTaskPDATest@371a67ec]" name="clearCache" is-config="true" duration-ms="3" started-at="2017-01-14T20:11:28Z" finished-at="2017-01-14T20:11:28Z">
          <reporter-output>
          </reporter-output>
        </test-method> <!-- clearCache -->
      </class> <!-- ru.motiw.testsPda.CreateTaskPDATest -->
      <class name="ru.motiw.testsWeb.Administration.DirectoriesTest">
        <test-method status="PASS" signature="setUpConfigurations()[pri:0, instance:ru.motiw.testsWeb.Administration.DirectoriesTest@5ed828d]" name="setUpConfigurations" is-config="true" duration-ms="152" started-at="2017-01-14T20:13:11Z" finished-at="2017-01-14T20:13:11Z">
          <reporter-output>
          </reporter-output>
        </test-method> <!-- setUpConfigurations -->
        <test-method status="PASS" signature="checkCreateDirectories(ru.motiw.web.model.Administration.Directories.Directories)[pri:1, instance:ru.motiw.testsWeb.Administration.DirectoriesTest@5ed828d]" name="checkCreateDirectories" duration-ms="30410" started-at="2017-01-14T20:13:11Z" data-provider="objectDataDirectories" finished-at="2017-01-14T20:13:42Z">
          <params>
            <param index="0">
              <value>
                <![CDATA[ru.motiw.web.model.Administration.Directories.Directories@758d4aa9]]>
              </value>
            </param>
          </params>
          <reporter-output>
          </reporter-output>
        </test-method> <!-- checkCreateDirectories -->
        <test-method status="PASS" signature="beforeTest()[pri:0, instance:ru.motiw.testsWeb.Administration.DirectoriesTest@5ed828d]" name="beforeTest" is-config="true" duration-ms="0" started-at="2017-01-14T20:13:11Z" finished-at="2017-01-14T20:13:11Z">
          <reporter-output>
          </reporter-output>
        </test-method> <!-- beforeTest -->
        <test-method status="PASS" signature="clearCache()[pri:0, instance:ru.motiw.testsWeb.Administration.DirectoriesTest@5ed828d]" name="clearCache" is-config="true" duration-ms="8" started-at="2017-01-14T20:13:42Z" finished-at="2017-01-14T20:13:42Z">
          <reporter-output>
          </reporter-output>
        </test-method> <!-- clearCache -->
      </class> <!-- ru.motiw.testsWeb.Administration.DirectoriesTest -->
      <class name="ru.motiw.testsWeb.Tasks.UnionTasksTest">
        <test-method status="PASS" signature="setUpConfigurations()[pri:0, instance:ru.motiw.testsWeb.Tasks.UnionTasksTest@44c8afef]" name="setUpConfigurations" is-config="true" duration-ms="97" started-at="2017-01-14T20:02:11Z" finished-at="2017-01-14T20:02:11Z">
          <reporter-output>
          </reporter-output>
        </test-method> <!-- setUpConfigurations -->
        <test-method status="PASS" signature="beforeTest()[pri:0, instance:ru.motiw.testsWeb.Tasks.UnionTasksTest@44c8afef]" name="beforeTest" is-config="true" duration-ms="2" started-at="2017-01-14T20:02:11Z" finished-at="2017-01-14T20:02:11Z">
          <reporter-output>
          </reporter-output>
        </test-method> <!-- beforeTest -->
        <test-method status="PASS" signature="verifyCreateFolder()[pri:1, instance:ru.motiw.testsWeb.Tasks.UnionTasksTest@44c8afef]" name="verifyCreateFolder" duration-ms="38035" started-at="2017-01-14T20:02:11Z" finished-at="2017-01-14T20:02:49Z">
          <reporter-output>
          </reporter-output>
        </test-method> <!-- verifyCreateFolder -->
        <test-method status="PASS" signature="clearCache()[pri:0, instance:ru.motiw.testsWeb.Tasks.UnionTasksTest@44c8afef]" name="clearCache" is-config="true" duration-ms="7" started-at="2017-01-14T20:02:49Z" finished-at="2017-01-14T20:02:49Z">
          <reporter-output>
          </reporter-output>
        </test-method> <!-- clearCache -->
        <test-method status="FAIL" signature="verifyDisplaySharedFolderTheNewUser()[pri:0, instance:ru.motiw.testsWeb.Tasks.UnionTasksTest@44c8afef]" name="verifyDisplaySharedFolderTheNewUser" duration-ms="6147" started-at="2017-01-14T20:11:28Z" depends-on-methods="ru.motiw.testsWeb.Tasks.UnionTasksTest.verifyCreateFolder" finished-at="2017-01-14T20:11:34Z">
          <exception class="com.codeborne.selenide.ex.ElementNotFound">
            <message>
              <![CDATA[Element not found {#login}
Expected: visible]]>
            </message>
            <full-stacktrace>
              <![CDATA[Element not found {#login}
Expected: visible
Screenshot: file:/E:/disk/project-webdriver/motiw-GUI-WebDriver/build/reports/tests/1484413894431.20.png
Timeout: 6 s.
Caused by: NoSuchElementException: no such element: Unable to locate element: {"method":"css selector","selector":"#login"}
	at com.codeborne.selenide.impl.WebElementSource.createElementNotFoundError(WebElementSource.java:31)
	at com.codeborne.selenide.impl.ElementFinder.createElementNotFoundError(ElementFinder.java:82)
	at com.codeborne.selenide.impl.WebElementSource.checkCondition(WebElementSource.java:59)
	at com.codeborne.selenide.impl.WebElementSource.findAndAssertElementIsVisible(WebElementSource.java:72)
	at com.codeborne.selenide.commands.SetValue.execute(SetValue.java:20)
	at com.codeborne.selenide.commands.SetValue.execute(SetValue.java:13)
	at com.codeborne.selenide.commands.Commands.execute(Commands.java:140)
	at com.codeborne.selenide.impl.SelenideElementProxy.dispatchAndRetry(SelenideElementProxy.java:86)
	at com.codeborne.selenide.impl.SelenideElementProxy.invoke(SelenideElementProxy.java:62)
	at com.sun.proxy.$Proxy12.setValue(Unknown Source)
	at ru.motiw.web.steps.Login.LoginStepsSteps.setLoginField(LoginStepsSteps.java:28)
	at ru.motiw.web.steps.Login.LoginStepsSteps.loginAs(LoginStepsSteps.java:57)
	at ru.motiw.testsWeb.Tasks.UnionTasksTest.verifyDisplaySharedFolderTheNewUser(UnionTasksTest.java:94)
	at sun.reflect.NativeMethodAccessorImpl.invoke0(Native Method)
	at sun.reflect.NativeMethodAccessorImpl.invoke(Unknown Source)
	at sun.reflect.DelegatingMethodAccessorImpl.invoke(Unknown Source)
	at java.lang.reflect.Method.invoke(Unknown Source)
	at org.testng.internal.MethodInvocationHelper.invokeMethod(MethodInvocationHelper.java:86)
	at org.testng.internal.Invoker.invokeMethod(Invoker.java:643)
	at org.testng.internal.Invoker.invokeTestMethod(Invoker.java:820)
	at org.testng.internal.Invoker.invokeTestMethods(Invoker.java:1128)
	at org.testng.internal.TestMethodWorker.invokeTestMethods(TestMethodWorker.java:129)
	at org.testng.internal.TestMethodWorker.run(TestMethodWorker.java:112)
	at org.testng.TestRunner.privateRun(TestRunner.java:782)
	at org.testng.TestRunner.run(TestRunner.java:632)
	at org.testng.SuiteRunner.runTest(SuiteRunner.java:366)
	at org.testng.SuiteRunner.runSequentially(SuiteRunner.java:361)
	at org.testng.SuiteRunner.privateRun(SuiteRunner.java:319)
	at org.testng.SuiteRunner.run(SuiteRunner.java:268)
	at org.testng.SuiteRunnerWorker.runSuite(SuiteRunnerWorker.java:52)
	at org.testng.SuiteRunnerWorker.run(SuiteRunnerWorker.java:86)
	at org.testng.TestNG.runSuitesSequentially(TestNG.java:1244)
	at org.testng.TestNG.runSuitesLocally(TestNG.java:1169)
	at org.testng.TestNG.run(TestNG.java:1064)
	at org.testng.remote.AbstractRemoteTestNG.run(AbstractRemoteTestNG.java:132)
	at org.testng.remote.RemoteTestNG.initAndRun(RemoteTestNG.java:236)
	at org.testng.remote.RemoteTestNG.main(RemoteTestNG.java:81)
Caused by: org.openqa.selenium.NoSuchElementException: no such element: Unable to locate element: {"method":"css selector","selector":"#login"}
  (Session info: chrome=55.0.2883.87)
  (Driver info: chromedriver=2.27.440174 (e97a722caafc2d3a8b807ee115bfb307f7d2cfd9),platform=Windows NT 10.0.10586 x86_64) (WARNING: The server did not provide any stacktrace information)
Command duration or timeout: 12 milliseconds
For documentation on this error, please visit: http://seleniumhq.org/exceptions/no_such_element.html
Build info: version: '3.0.1', revision: '1969d75', time: '2016-10-18 09:49:13 -0700'
System info: host: 'Skrobov', ip: '172.22.244.42', os.name: 'Windows 10', os.arch: 'amd64', os.version: '10.0', java.version: '1.8.0_111'
Driver info: org.openqa.selenium.chrome.ChromeDriver
Capabilities [{applicationCacheEnabled=false, rotatable=false, mobileEmulationEnabled=false, networkConnectionEnabled=false, chrome={chromedriverVersion=2.27.440174 (e97a722caafc2d3a8b807ee115bfb307f7d2cfd9), userDataDir=C:\Users\E3AD~1\AppData\Local\Temp\scoped_dir10816_20142}, takesHeapSnapshot=true, pageLoadStrategy=normal, databaseEnabled=false, handlesAlerts=true, hasTouchScreen=false, version=55.0.2883.87, platform=XP, browserConnectionEnabled=false, nativeEvents=true, acceptSslCerts=true, locationContextEnabled=true, webStorageEnabled=true, browserName=chrome, takesScreenshot=true, javascriptEnabled=true, cssSelectorsEnabled=true, unexpectedAlertBehaviour=}]
Session ID: cf56f32590e4abe5dd15dbe4679d51d7
*** Element info: {Using=css selector, value=#login}
	at sun.reflect.GeneratedConstructorAccessor23.newInstance(Unknown Source)
	at sun.reflect.DelegatingConstructorAccessorImpl.newInstance(Unknown Source)
	at java.lang.reflect.Constructor.newInstance(Unknown Source)
	at org.openqa.selenium.remote.ErrorHandler.createThrowable(ErrorHandler.java:216)
	at org.openqa.selenium.remote.ErrorHandler.throwIfResponseFailed(ErrorHandler.java:168)
	at org.openqa.selenium.remote.RemoteWebDriver.execute(RemoteWebDriver.java:635)
	at org.openqa.selenium.remote.RemoteWebDriver.findElement(RemoteWebDriver.java:368)
	at org.openqa.selenium.remote.RemoteWebDriver.findElementByCssSelector(RemoteWebDriver.java:465)
	at org.openqa.selenium.By$ByCssSelector.findElement(By.java:430)
	at org.openqa.selenium.remote.RemoteWebDriver.findElement(RemoteWebDriver.java:360)
	at com.codeborne.selenide.impl.WebElementSelector.findElement(WebElementSelector.java:28)
	at com.codeborne.selenide.impl.ElementFinder.getWebElement(ElementFinder.java:56)
	at com.codeborne.selenide.impl.WebElementSource.checkCondition(WebElementSource.java:44)
	... 34 more
]]>
            </full-stacktrace>
          </exception> <!-- com.codeborne.selenide.ex.ElementNotFound -->
          <reporter-output>
          </reporter-output>
        </test-method> <!-- verifyDisplaySharedFolderTheNewUser -->
        <test-method status="PASS" signature="clearCache()[pri:0, instance:ru.motiw.testsWeb.Tasks.UnionTasksTest@44c8afef]" name="clearCache" is-config="true" duration-ms="3" started-at="2017-01-14T20:11:34Z" finished-at="2017-01-14T20:11:34Z">
          <reporter-output>
          </reporter-output>
        </test-method> <!-- clearCache -->
      </class> <!-- ru.motiw.testsWeb.Tasks.UnionTasksTest -->
      <class name="ru.motiw.testsPda.DocumentsPDATest">
        <test-method status="PASS" signature="setUpConfigurations()[pri:0, instance:ru.motiw.testsPda.DocumentsPDATest@13c27452]" name="setUpConfigurations" is-config="true" duration-ms="170" started-at="2017-01-14T20:04:43Z" finished-at="2017-01-14T20:04:43Z">
          <reporter-output>
          </reporter-output>
        </test-method> <!-- setUpConfigurations -->
        <test-method status="PASS" signature="beforeTest()[pri:0, instance:ru.motiw.testsPda.DocumentsPDATest@13c27452]" name="beforeTest" is-config="true" duration-ms="122" started-at="2017-01-14T20:04:43Z" finished-at="2017-01-14T20:04:43Z">
          <reporter-output>
          </reporter-output>
        </test-method> <!-- beforeTest -->
        <test-method status="FAIL" signature="checkWorkDocumentsPDA([Lru.motiw.web.model.Administration.Users.Department;, [Lru.motiw.web.model.Administration.Users.Employee;, ru.motiw.web.model.Administration.Directories.Directories, ru.motiw.web.model.Administration.TasksTypes.TasksTypes, ru.motiw.web.model.DocflowAdministration.DictionaryEditor.DictionaryEditor, ru.motiw.web.model.DocflowAdministration.DocumentRegistrationCards.DocRegisterCards, ru.motiw.web.model.Document.Document)[pri:1, instance:ru.motiw.testsPda.DocumentsPDATest@13c27452]" name="checkWorkDocumentsPDA" duration-ms="142754" started-at="2017-01-14T20:04:43Z" data-provider="objectDataRCD" finished-at="2017-01-14T20:07:06Z">
          <params>
            <param index="0">
              <value>
                <![CDATA[[Lru.motiw.web.model.Administration.Users.Department;@3333245e]]>
              </value>
            </param>
            <param index="1">
              <value>
                <![CDATA[[Lru.motiw.web.model.Administration.Users.Employee;@147c4523]]>
              </value>
            </param>
            <param index="2">
              <value>
                <![CDATA[ru.motiw.web.model.Administration.Directories.Directories@e38f0b7]]>
              </value>
            </param>
            <param index="3">
              <value>
                <![CDATA[ru.motiw.web.model.Administration.TasksTypes.TasksTypes@1192b58e]]>
              </value>
            </param>
            <param index="4">
              <value>
                <![CDATA[ru.motiw.web.model.DocflowAdministration.DictionaryEditor.DictionaryEditor@4f8d86e4]]>
              </value>
            </param>
            <param index="5">
              <value>
                <![CDATA[ru.motiw.web.model.DocflowAdministration.DocumentRegistrationCards.DocRegisterCards@5f631ca0]]>
              </value>
            </param>
            <param index="6">
              <value>
                <![CDATA[ru.motiw.web.model.Document.Document@1697f2b3]]>
              </value>
            </param>
          </params>
          <exception class="com.codeborne.selenide.ex.ElementNotFound">
            <message>
              <![CDATA[Element not found {#login}
Expected: visible]]>
            </message>
            <full-stacktrace>
              <![CDATA[Element not found {#login}
Expected: visible
Screenshot: file:/E:/disk/project-webdriver/motiw-GUI-WebDriver/build/reports/tests/1484413626158.4.png
Timeout: 6 s.
Caused by: NoSuchElementException: no such element: Unable to locate element: {"method":"css selector","selector":"#login"}
	at com.codeborne.selenide.impl.WebElementSource.createElementNotFoundError(WebElementSource.java:31)
	at com.codeborne.selenide.impl.ElementFinder.createElementNotFoundError(ElementFinder.java:82)
	at com.codeborne.selenide.impl.WebElementSource.checkCondition(WebElementSource.java:59)
	at com.codeborne.selenide.impl.WebElementSource.findAndAssertElementIsVisible(WebElementSource.java:72)
	at com.codeborne.selenide.commands.SetValue.execute(SetValue.java:20)
	at com.codeborne.selenide.commands.SetValue.execute(SetValue.java:13)
	at com.codeborne.selenide.commands.Commands.execute(Commands.java:140)
	at com.codeborne.selenide.impl.SelenideElementProxy.dispatchAndRetry(SelenideElementProxy.java:86)
	at com.codeborne.selenide.impl.SelenideElementProxy.invoke(SelenideElementProxy.java:62)
	at com.sun.proxy.$Proxy12.setValue(Unknown Source)
	at ru.motiw.web.elements.elementspda.LoginStepsPDA.setLoginField(LoginStepsPDA.java:57)
	at ru.motiw.web.elements.elementspda.LoginStepsPDA.loginAsAdmin(LoginStepsPDA.java:77)
	at ru.motiw.testsPda.DocumentsPDATest.checkWorkDocumentsPDA(DocumentsPDATest.java:123)
	at sun.reflect.NativeMethodAccessorImpl.invoke0(Native Method)
	at sun.reflect.NativeMethodAccessorImpl.invoke(Unknown Source)
	at sun.reflect.DelegatingMethodAccessorImpl.invoke(Unknown Source)
	at java.lang.reflect.Method.invoke(Unknown Source)
	at org.testng.internal.MethodInvocationHelper.invokeMethod(MethodInvocationHelper.java:86)
	at org.testng.internal.Invoker.invokeMethod(Invoker.java:643)
	at org.testng.internal.Invoker.invokeTestMethod(Invoker.java:820)
	at org.testng.internal.Invoker.invokeTestMethods(Invoker.java:1128)
	at org.testng.internal.TestMethodWorker.invokeTestMethods(TestMethodWorker.java:129)
	at org.testng.internal.TestMethodWorker.run(TestMethodWorker.java:112)
	at org.testng.TestRunner.privateRun(TestRunner.java:782)
	at org.testng.TestRunner.run(TestRunner.java:632)
	at org.testng.SuiteRunner.runTest(SuiteRunner.java:366)
	at org.testng.SuiteRunner.runSequentially(SuiteRunner.java:361)
	at org.testng.SuiteRunner.privateRun(SuiteRunner.java:319)
	at org.testng.SuiteRunner.run(SuiteRunner.java:268)
	at org.testng.SuiteRunnerWorker.runSuite(SuiteRunnerWorker.java:52)
	at org.testng.SuiteRunnerWorker.run(SuiteRunnerWorker.java:86)
	at org.testng.TestNG.runSuitesSequentially(TestNG.java:1244)
	at org.testng.TestNG.runSuitesLocally(TestNG.java:1169)
	at org.testng.TestNG.run(TestNG.java:1064)
	at org.testng.remote.AbstractRemoteTestNG.run(AbstractRemoteTestNG.java:132)
	at org.testng.remote.RemoteTestNG.initAndRun(RemoteTestNG.java:236)
	at org.testng.remote.RemoteTestNG.main(RemoteTestNG.java:81)
Caused by: org.openqa.selenium.NoSuchElementException: no such element: Unable to locate element: {"method":"css selector","selector":"#login"}
  (Session info: chrome=55.0.2883.87)
  (Driver info: chromedriver=2.27.440174 (e97a722caafc2d3a8b807ee115bfb307f7d2cfd9),platform=Windows NT 10.0.10586 x86_64) (WARNING: The server did not provide any stacktrace information)
Command duration or timeout: 8 milliseconds
For documentation on this error, please visit: http://seleniumhq.org/exceptions/no_such_element.html
Build info: version: '3.0.1', revision: '1969d75', time: '2016-10-18 09:49:13 -0700'
System info: host: 'Skrobov', ip: '172.22.244.42', os.name: 'Windows 10', os.arch: 'amd64', os.version: '10.0', java.version: '1.8.0_111'
Driver info: org.openqa.selenium.chrome.ChromeDriver
Capabilities [{applicationCacheEnabled=false, rotatable=false, mobileEmulationEnabled=false, networkConnectionEnabled=false, chrome={chromedriverVersion=2.27.440174 (e97a722caafc2d3a8b807ee115bfb307f7d2cfd9), userDataDir=C:\Users\E3AD~1\AppData\Local\Temp\scoped_dir10816_20142}, takesHeapSnapshot=true, pageLoadStrategy=normal, databaseEnabled=false, handlesAlerts=true, hasTouchScreen=false, version=55.0.2883.87, platform=XP, browserConnectionEnabled=false, nativeEvents=true, acceptSslCerts=true, locationContextEnabled=true, webStorageEnabled=true, browserName=chrome, takesScreenshot=true, javascriptEnabled=true, cssSelectorsEnabled=true, unexpectedAlertBehaviour=}]
Session ID: cf56f32590e4abe5dd15dbe4679d51d7
*** Element info: {Using=css selector, value=#login}
	at sun.reflect.GeneratedConstructorAccessor23.newInstance(Unknown Source)
	at sun.reflect.DelegatingConstructorAccessorImpl.newInstance(Unknown Source)
	at java.lang.reflect.Constructor.newInstance(Unknown Source)
	at org.openqa.selenium.remote.ErrorHandler.createThrowable(ErrorHandler.java:216)
	at org.openqa.selenium.remote.ErrorHandler.throwIfResponseFailed(ErrorHandler.java:168)
	at org.openqa.selenium.remote.RemoteWebDriver.execute(RemoteWebDriver.java:635)
	at org.openqa.selenium.remote.RemoteWebDriver.findElement(RemoteWebDriver.java:368)
	at org.openqa.selenium.remote.RemoteWebDriver.findElementByCssSelector(RemoteWebDriver.java:465)
	at org.openqa.selenium.By$ByCssSelector.findElement(By.java:430)
	at org.openqa.selenium.remote.RemoteWebDriver.findElement(RemoteWebDriver.java:360)
	at com.codeborne.selenide.impl.WebElementSelector.findElement(WebElementSelector.java:28)
	at com.codeborne.selenide.impl.ElementFinder.getWebElement(ElementFinder.java:56)
	at com.codeborne.selenide.impl.WebElementSource.checkCondition(WebElementSource.java:44)
	... 34 more
]]>
            </full-stacktrace>
          </exception> <!-- com.codeborne.selenide.ex.ElementNotFound -->
          <reporter-output>
          </reporter-output>
        </test-method> <!-- checkWorkDocumentsPDA -->
        <test-method status="PASS" signature="clearCache()[pri:0, instance:ru.motiw.testsPda.DocumentsPDATest@13c27452]" name="clearCache" is-config="true" duration-ms="3" started-at="2017-01-14T20:07:06Z" finished-at="2017-01-14T20:07:06Z">
          <reporter-output>
          </reporter-output>
        </test-method> <!-- clearCache -->
      </class> <!-- ru.motiw.testsPda.DocumentsPDATest -->
    </test> <!-- Default test -->
  </suite> <!-- Default suite -->
</testng-results>
